#
# There is insufficient memory for the Java Runtime Environment to continue.
# Native memory allocation (malloc) failed to allocate 32744 bytes for ChunkPool::allocate
# Possible reasons:
#   The system is out of physical RAM or swap space
#   In 32 bit mode, the process size limit was hit
# Possible solutions:
#   Reduce memory load on the system
#   Increase physical memory or swap space
#   Check if swap backing store is full
#   Use 64 bit Java on a 64 bit OS
#   Decrease Java heap size (-Xmx/-Xms)
#   Decrease number of Java threads
#   Decrease Java thread stack sizes (-Xss)
#   Set larger code cache with -XX:ReservedCodeCacheSize=
# This output file may be truncated or incomplete.
#
#  Out of Memory Error (allocation.cpp:273), pid=6888, tid=0x0000000000001e08
#
# JRE version: Java(TM) SE Runtime Environment (8.0_131-b11) (build 1.8.0_131-b11)
# Java VM: Java HotSpot(TM) 64-Bit Server VM (25.131-b11 mixed mode windows-amd64 compressed oops)
# Failed to write core dump. Minidumps are not enabled by default on client versions of Windows
#

---------------  T H R E A D  ---------------

Current thread (0x00000000573f7000):  JavaThread "C2 CompilerThread0" daemon [_thread_in_native, id=7688, stack(0x0000000058f70000,0x0000000059070000)]

Stack: [0x0000000058f70000,0x0000000059070000]
[error occurred during error reporting (printing stack bounds), id 0xc0000005]

Native frames: (J=compiled Java code, j=interpreted, Vv=VM code, C=native code)


Current CompileTask:
C2:  88749 1142   !   4       java.net.URL::<init> (543 bytes)


---------------  P R O C E S S  ---------------

Java Threads: ( => current thread )
  0x000000005971b000 JavaThread "background-preinit" [_thread_in_native, id=8780, stack(0x0000000059e90000,0x0000000059f90000)]
  0x0000000059093000 JavaThread "Service Thread" daemon [_thread_blocked, id=7696, stack(0x0000000058c60000,0x0000000058d60000)]
  0x0000000059091800 JavaThread "C1 CompilerThread1" daemon [_thread_in_native, id=7692, stack(0x0000000059560000,0x0000000059660000)]
=>0x00000000573f7000 JavaThread "C2 CompilerThread0" daemon [_thread_in_native, id=7688, stack(0x0000000058f70000,0x0000000059070000)]
  0x00000000573f2000 JavaThread "JDWP Command Reader" daemon [_thread_in_native, id=7352, stack(0x0000000058d60000,0x0000000058e60000)]
  0x00000000573e3000 JavaThread "JDWP Event Helper Thread" daemon [_thread_blocked, id=7304, stack(0x0000000058b50000,0x0000000058c50000)]
  0x00000000573de800 JavaThread "JDWP Transport Listener: dt_socket" daemon [_thread_blocked, id=7292, stack(0x0000000058a50000,0x0000000058b50000)]
  0x00000000573cf000 JavaThread "Attach Listener" daemon [_thread_blocked, id=4888, stack(0x0000000058330000,0x0000000058430000)]
  0x00000000573cd800 JavaThread "Signal Dispatcher" daemon [_thread_blocked, id=4484, stack(0x0000000057db0000,0x0000000057eb0000)]
  0x00000000573b2000 JavaThread "Finalizer" daemon [_thread_blocked, id=3832, stack(0x0000000058140000,0x0000000058240000)]
  0x0000000057369000 JavaThread "Reference Handler" daemon [_thread_blocked, id=3136, stack(0x0000000057f40000,0x0000000058040000)]
  0x0000000002213000 JavaThread "main" [_thread_in_native, id=5400, stack(0x00000000024f0000,0x00000000025f0000)]

Other Threads:
  0x0000000057361000 VMThread [stack: 0x0000000057cb0000,0x0000000057db0000] [id=6684]
  0x0000000059099800 WatcherThread [stack: 0x0000000058710000,0x0000000058810000] [id=7700]

VM state:not at safepoint (normal execution)

VM Mutex/Monitor currently owned by a thread: None

Heap:
 PSYoungGen      total 37888K, used 5954K [0x00000000d6000000, 0x00000000d8a00000, 0x0000000100000000)
  eden space 32768K, 2% used [0x00000000d6000000,0x00000000d60d3fe0,0x00000000d8000000)
  from space 5120K, 99% used [0x00000000d8500000,0x00000000d89fcb40,0x00000000d8a00000)
  to   space 5120K, 0% used [0x00000000d8000000,0x00000000d8000000,0x00000000d8500000)
 ParOldGen       total 86016K, used 544K [0x0000000082000000, 0x0000000087400000, 0x00000000d6000000)
  object space 86016K, 0% used [0x0000000082000000,0x0000000082088250,0x0000000087400000)
 Metaspace       used 13916K, capacity 14342K, committed 14592K, reserved 1062912K
  class space    used 1810K, capacity 1931K, committed 2048K, reserved 1048576K

Card table byte_map: [0x0000000011c80000,0x0000000012080000] byte_map_base: 0x0000000011870000

Marking Bits: (ParMarkBitMap*) 0x0000000064bbc720
 Begin Bits: [0x0000000012740000, 0x00000000146c0000)
 End Bits:   [0x00000000146c0000, 0x0000000016640000)

Polling page: 0x0000000000120000

CodeCache: size=245760Kb used=3807Kb max_used=3818Kb free=241952Kb
 bounds [0x00000000028c0000, 0x0000000002c80000, 0x00000000118c0000]
 total_blobs=1431 nmethods=1115 adapters=239
 compilation: enabled

Compilation events (10 events):
Event: 87.067 Thread 0x00000000573f7000 nmethod 1137 0x0000000002c70350 code [0x0000000002c704a0, 0x0000000002c70738]
Event: 87.632 Thread 0x0000000059091800 1138       1       java.lang.ref.Finalizer::access$000 (4 bytes)
Event: 87.632 Thread 0x0000000059091800 nmethod 1138 0x0000000002c77ad0 code [0x0000000002c77c20, 0x0000000002c77d10]
Event: 88.210 Thread 0x0000000059091800 1140       3       sun.reflect.ByteVectorImpl::get (26 bytes)
Event: 88.210 Thread 0x0000000059091800 nmethod 1140 0x0000000002c6fe90 code [0x0000000002c70000, 0x0000000002c70228]
Event: 88.210 Thread 0x0000000059091800 1139       1       java.lang.reflect.Constructor::getModifiers (5 bytes)
Event: 88.211 Thread 0x0000000059091800 nmethod 1139 0x0000000002c777d0 code [0x0000000002c77920, 0x0000000002c77a30]
Event: 88.211 Thread 0x00000000573f7000 1141       4       sun.reflect.ByteVectorImpl::add (38 bytes)
Event: 88.212 Thread 0x00000000573f7000 nmethod 1141 0x0000000002c7ca10 code [0x0000000002c7cb60, 0x0000000002c7cc88]
Event: 88.509 Thread 0x00000000573f7000 1142   !   4       java.net.URL::<init> (543 bytes)

GC Heap History (4 events):
Event: 35.568 GC heap before
{Heap before GC invocations=1 (full 0):
 PSYoungGen      total 37888K, used 32768K [0x00000000d6000000, 0x00000000d8a00000, 0x0000000100000000)
  eden space 32768K, 100% used [0x00000000d6000000,0x00000000d8000000,0x00000000d8000000)
  from space 5120K, 0% used [0x00000000d8500000,0x00000000d8500000,0x00000000d8a00000)
  to   space 5120K, 0% used [0x00000000d8000000,0x00000000d8000000,0x00000000d8500000)
 ParOldGen       total 86016K, used 0K [0x0000000082000000, 0x0000000087400000, 0x00000000d6000000)
  object space 86016K, 0% used [0x0000000082000000,0x0000000082000000,0x0000000087400000)
 Metaspace       used 10583K, capacity 10936K, committed 11136K, reserved 1058816K
  class space    used 1245K, capacity 1342K, committed 1408K, reserved 1048576K
Event: 35.581 GC heap after
Heap after GC invocations=1 (full 0):
 PSYoungGen      total 37888K, used 5094K [0x00000000d6000000, 0x00000000d8a00000, 0x0000000100000000)
  eden space 32768K, 0% used [0x00000000d6000000,0x00000000d6000000,0x00000000d8000000)
  from space 5120K, 99% used [0x00000000d8000000,0x00000000d84f9bd0,0x00000000d8500000)
  to   space 5120K, 0% used [0x00000000d8500000,0x00000000d8500000,0x00000000d8a00000)
 ParOldGen       total 86016K, used 29K [0x0000000082000000, 0x0000000087400000, 0x00000000d6000000)
  object space 86016K, 0% used [0x0000000082000000,0x00000000820076d8,0x0000000087400000)
 Metaspace       used 10583K, capacity 10936K, committed 11136K, reserved 1058816K
  class space    used 1245K, capacity 1342K, committed 1408K, reserved 1048576K
}
Event: 87.585 GC heap before
{Heap before GC invocations=2 (full 0):
 PSYoungGen      total 37888K, used 37862K [0x00000000d6000000, 0x00000000d8a00000, 0x0000000100000000)
  eden space 32768K, 100% used [0x00000000d6000000,0x00000000d8000000,0x00000000d8000000)
  from space 5120K, 99% used [0x00000000d8000000,0x00000000d84f9bd0,0x00000000d8500000)
  to   space 5120K, 0% used [0x00000000d8500000,0x00000000d8500000,0x00000000d8a00000)
 ParOldGen       total 86016K, used 29K [0x0000000082000000, 0x0000000087400000, 0x00000000d6000000)
  object space 86016K, 0% used [0x0000000082000000,0x00000000820076d8,0x0000000087400000)
 Metaspace       used 13879K, capacity 14272K, committed 14592K, reserved 1062912K
  class space    used 1804K, capacity 1930K, committed 2048K, reserved 1048576K
Event: 87.628 GC heap after
Heap after GC invocations=2 (full 0):
 PSYoungGen      total 37888K, used 5106K [0x00000000d6000000, 0x00000000d8a00000, 0x0000000100000000)
  eden space 32768K, 0% used [0x00000000d6000000,0x00000000d6000000,0x00000000d8000000)
  from space 5120K, 99% used [0x00000000d8500000,0x00000000d89fcb40,0x00000000d8a00000)
  to   space 5120K, 0% used [0x00000000d8000000,0x00000000d8000000,0x00000000d8500000)
 ParOldGen       total 86016K, used 544K [0x0000000082000000, 0x0000000087400000, 0x00000000d6000000)
  object space 86016K, 0% used [0x0000000082000000,0x0000000082088250,0x0000000087400000)
 Metaspace       used 13879K, capacity 14272K, committed 14592K, reserved 1062912K
  class space    used 1804K, capacity 1930K, committed 2048K, reserved 1048576K
}

Deoptimization events (10 events):
Event: 85.176 Thread 0x000000005971b000 Uncommon trap: reason=range_check action=none pc=0x0000000002b5e6cc method=sun.reflect.generics.parser.SignatureParser.current()C @ 34
Event: 85.831 Thread 0x000000005971b000 Uncommon trap: reason=range_check action=none pc=0x0000000002b5e6cc method=sun.reflect.generics.parser.SignatureParser.current()C @ 34
Event: 85.831 Thread 0x000000005971b000 Uncommon trap: reason=range_check action=none pc=0x0000000002b5e6cc method=sun.reflect.generics.parser.SignatureParser.current()C @ 34
Event: 85.832 Thread 0x000000005971b000 Uncommon trap: reason=unstable_if action=reinterpret pc=0x0000000002b8ce08 method=java.util.HashMap.getNode(ILjava/lang/Object;)Ljava/util/HashMap$Node; @ 129
Event: 85.832 Thread 0x000000005971b000 Uncommon trap: reason=unstable_if action=reinterpret pc=0x0000000002c504c4 method=java.util.HashMap.putVal(ILjava/lang/Object;Ljava/lang/Object;ZZ)Ljava/lang/Object; @ 193
Event: 85.832 Thread 0x000000005971b000 Uncommon trap: reason=unstable_if action=reinterpret pc=0x0000000002b65de8 method=java.util.HashMap.getNode(ILjava/lang/Object;)Ljava/util/HashMap$Node; @ 129
Event: 85.965 Thread 0x000000005971b000 Uncommon trap: reason=range_check action=none pc=0x0000000002b5e6cc method=sun.reflect.generics.parser.SignatureParser.current()C @ 34
Event: 86.073 Thread 0x000000005971b000 Uncommon trap: reason=range_check action=none pc=0x0000000002b5e6cc method=sun.reflect.generics.parser.SignatureParser.current()C @ 34
Event: 86.078 Thread 0x000000005971b000 Uncommon trap: reason=range_check action=none pc=0x0000000002b5e6cc method=sun.reflect.generics.parser.SignatureParser.current()C @ 34
Event: 86.230 Thread 0x000000005971b000 Uncommon trap: reason=range_check action=none pc=0x0000000002b5e6cc method=sun.reflect.generics.parser.SignatureParser.current()C @ 34

Internal exceptions (10 events):
Event: 84.353 Thread 0x000000005971b000 Exception <a 'java/lang/ArrayIndexOutOfBoundsException': 176> (0x00000000d7e8fa10) thrown at [C:\re\workspace\8-2-build-windows-amd64-cygwin\jdk8u131\8869\hotspot\src\share\vm\interpreter\interpreterRuntime.cpp, line 366]
Event: 84.656 Thread 0x000000005971b000 Exception <a 'java/lang/ArrayIndexOutOfBoundsException': 129> (0x00000000d7ea1f88) thrown at [C:\re\workspace\8-2-build-windows-amd64-cygwin\jdk8u131\8869\hotspot\src\share\vm\interpreter\interpreterRuntime.cpp, line 366]
Event: 84.866 Thread 0x000000005971b000 Exception <a 'java/lang/ArrayIndexOutOfBoundsException': 181> (0x00000000d7eb5380) thrown at [C:\re\workspace\8-2-build-windows-amd64-cygwin\jdk8u131\8869\hotspot\src\share\vm\interpreter\interpreterRuntime.cpp, line 366]
Event: 85.176 Thread 0x000000005971b000 Exception <a 'java/lang/ArrayIndexOutOfBoundsException': 128> (0x00000000d7ec7c08) thrown at [C:\re\workspace\8-2-build-windows-amd64-cygwin\jdk8u131\8869\hotspot\src\share\vm\interpreter\interpreterRuntime.cpp, line 366]
Event: 85.831 Thread 0x000000005971b000 Exception <a 'java/lang/ArrayIndexOutOfBoundsException': 168> (0x00000000d7eeb130) thrown at [C:\re\workspace\8-2-build-windows-amd64-cygwin\jdk8u131\8869\hotspot\src\share\vm\interpreter\interpreterRuntime.cpp, line 366]
Event: 85.831 Thread 0x000000005971b000 Exception <a 'java/lang/ArrayIndexOutOfBoundsException': 159> (0x00000000d7eece18) thrown at [C:\re\workspace\8-2-build-windows-amd64-cygwin\jdk8u131\8869\hotspot\src\share\vm\interpreter\interpreterRuntime.cpp, line 366]
Event: 85.965 Thread 0x000000005971b000 Exception <a 'java/lang/ArrayIndexOutOfBoundsException': 128> (0x00000000d7f103b0) thrown at [C:\re\workspace\8-2-build-windows-amd64-cygwin\jdk8u131\8869\hotspot\src\share\vm\interpreter\interpreterRuntime.cpp, line 366]
Event: 86.073 Thread 0x000000005971b000 Exception <a 'java/lang/ArrayIndexOutOfBoundsException': 158> (0x00000000d7f25de0) thrown at [C:\re\workspace\8-2-build-windows-amd64-cygwin\jdk8u131\8869\hotspot\src\share\vm\interpreter\interpreterRuntime.cpp, line 366]
Event: 86.078 Thread 0x000000005971b000 Exception <a 'java/lang/ArrayIndexOutOfBoundsException': 132> (0x00000000d7f3b568) thrown at [C:\re\workspace\8-2-build-windows-amd64-cygwin\jdk8u131\8869\hotspot\src\share\vm\interpreter\interpreterRuntime.cpp, line 366]
Event: 86.230 Thread 0x000000005971b000 Exception <a 'java/lang/ArrayIndexOutOfBoundsException': 123> (0x00000000d7f4dc30) thrown at [C:\re\workspace\8-2-build-windows-amd64-cygwin\jdk8u131\8869\hotspot\src\share\vm\interpreter\interpreterRuntime.cpp, line 366]

Events (10 events):
Event: 88.508 loading class java/text/NumberFormat$Field
Event: 88.508 loading class java/text/NumberFormat$Field done
Event: 88.508 loading class ch/qos/logback/core/pattern/SpacePadder
Event: 88.509 loading class ch/qos/logback/core/pattern/SpacePadder done
Event: 88.509 Thread 0x0000000002213000 DEOPT PACKING pc=0x0000000002a6bc71 sp=0x00000000025ed090
Event: 88.509 Thread 0x0000000002213000 DEOPT UNPACKING pc=0x00000000029071bf sp=0x00000000025ecde0 mode 1
Event: 88.509 Thread 0x0000000002213000 DEOPT PACKING pc=0x0000000002a4021c sp=0x00000000025ed110
Event: 88.509 Thread 0x0000000002213000 DEOPT UNPACKING pc=0x00000000029071bf sp=0x00000000025ecf30 mode 1
Event: 88.509 Thread 0x0000000002213000 DEOPT PACKING pc=0x0000000002a3ffb4 sp=0x00000000025ed2a0
Event: 88.509 Thread 0x0000000002213000 DEOPT UNPACKING pc=0x00000000029071bf sp=0x00000000025ed0c0 mode 1


Dynamic libraries:
0x000000013f810000 - 0x000000013f847000 	C:\Program Files\Java\jdk1.8.0_131\bin\javaw.exe
0x0000000077030000 - 0x00000000771da000 	C:\Windows\SYSTEM32\ntdll.dll
0x0000000076e10000 - 0x0000000076f2f000 	C:\Windows\system32\kernel32.dll
0x000007fefce50000 - 0x000007fefceba000 	C:\Windows\system32\KERNELBASE.dll
0x000007fefefa0000 - 0x000007feff07b000 	C:\Windows\system32\ADVAPI32.dll
0x000007fefed70000 - 0x000007fefee0f000 	C:\Windows\system32\msvcrt.dll
0x000007fefe9c0000 - 0x000007fefe9df000 	C:\Windows\SYSTEM32\sechost.dll
0x000007fefec40000 - 0x000007fefed6d000 	C:\Windows\system32\RPCRT4.dll
0x0000000076f30000 - 0x000000007702a000 	C:\Windows\system32\USER32.dll
0x000007fefe920000 - 0x000007fefe987000 	C:\Windows\system32\GDI32.dll
0x000007fefe910000 - 0x000007fefe91e000 	C:\Windows\system32\LPK.dll
0x000007fefd620000 - 0x000007fefd6ea000 	C:\Windows\system32\USP10.dll
0x000007fefb800000 - 0x000007fefb9f4000 	C:\Windows\WinSxS\amd64_microsoft.windows.common-controls_6595b64144ccf1df_6.0.7601.18837_none_fa3b1e3d17594757\COMCTL32.dll
0x000007fefee10000 - 0x000007fefee81000 	C:\Windows\system32\SHLWAPI.dll
0x000007fefe990000 - 0x000007fefe9be000 	C:\Windows\system32\IMM32.DLL
0x000007fefee90000 - 0x000007fefef99000 	C:\Windows\system32\MSCTF.dll
0x00000000709b0000 - 0x0000000070a82000 	C:\Program Files\Java\jdk1.8.0_131\jre\bin\msvcr100.dll
0x00000000643a0000 - 0x0000000064c3c000 	C:\Program Files\Java\jdk1.8.0_131\jre\bin\server\jvm.dll
0x000007fef95f0000 - 0x000007fef95f9000 	C:\Windows\system32\WSOCK32.dll
0x000007fefebf0000 - 0x000007fefec3d000 	C:\Windows\system32\WS2_32.dll
0x000007fefe900000 - 0x000007fefe908000 	C:\Windows\system32\NSI.dll
0x000007fefad00000 - 0x000007fefad3b000 	C:\Windows\system32\WINMM.dll
0x000007fefbe90000 - 0x000007fefbe9c000 	C:\Windows\system32\VERSION.dll
0x00000000771f0000 - 0x00000000771f7000 	C:\Windows\system32\PSAPI.DLL
0x0000000071b30000 - 0x0000000071b3f000 	C:\Program Files\Java\jdk1.8.0_131\jre\bin\verify.dll
0x0000000070b50000 - 0x0000000070b79000 	C:\Program Files\Java\jdk1.8.0_131\jre\bin\java.dll
0x00000000704e0000 - 0x0000000070515000 	C:\Program Files\Java\jdk1.8.0_131\jre\bin\jdwp.dll
0x0000000071040000 - 0x0000000071048000 	C:\Program Files\Java\jdk1.8.0_131\jre\bin\npt.dll
0x0000000070db0000 - 0x0000000070dc6000 	C:\Program Files\Java\jdk1.8.0_131\jre\bin\zip.dll
0x000007fefd980000 - 0x000007fefe70c000 	C:\Windows\system32\SHELL32.dll
0x000007fefe9e0000 - 0x000007fefebe3000 	C:\Windows\system32\ole32.dll
0x000007fefcdc0000 - 0x000007fefcdcf000 	C:\Windows\system32\profapi.dll
0x0000000070930000 - 0x0000000070939000 	C:\Program Files\Java\jdk1.8.0_131\jre\bin\dt_socket.dll
0x000007fefac80000 - 0x000007fefac95000 	C:\Windows\system32\NLAapi.dll
0x000007fef9a40000 - 0x000007fef9a55000 	C:\Windows\system32\napinsp.dll
0x000007fef9a20000 - 0x000007fef9a39000 	C:\Windows\system32\pnrpnsp.dll
0x000007fefc480000 - 0x000007fefc4d5000 	C:\Windows\System32\mswsock.dll
0x000007fefc370000 - 0x000007fefc3cb000 	C:\Windows\system32\DNSAPI.dll
0x000007fef99c0000 - 0x000007fef99cb000 	C:\Windows\System32\winrnr.dll
0x00000000748b0000 - 0x00000000748de000 	C:\Program Files\Common Files\Microsoft Shared\Windows Live\WLIDNSP.DLL
0x000007fefa8e0000 - 0x000007fefa907000 	C:\Windows\system32\IPHLPAPI.DLL
0x000007fefa820000 - 0x000007fefa82b000 	C:\Windows\system32\WINNSI.DLL
0x000007fefa750000 - 0x000007fefa7a3000 	C:\Windows\System32\fwpuclnt.dll
0x000007fef9a60000 - 0x000007fef9a68000 	C:\Windows\system32\rasadhlp.dll
0x000007fefbf60000 - 0x000007fefbf67000 	C:\Windows\System32\wshtcpip.dll
0x00000000710e0000 - 0x00000000710ed000 	C:\Program Files\Java\jdk1.8.0_131\jre\bin\management.dll
0x0000000070cc0000 - 0x0000000070cda000 	C:\Program Files\Java\jdk1.8.0_131\jre\bin\net.dll
0x000007fefc7b0000 - 0x000007fefc7b7000 	C:\Windows\System32\wship6.dll

VM Arguments:
jvm_args: -agentlib:jdwp=transport=dt_socket,suspend=y,address=localhost:50031 -Dfile.encoding=UTF-8 
java_command: myactivities.myactivities.MyactivitiesApplication
java_class_path (initial): C:\Program Files\Java\jdk1.8.0_131\jre\lib\resources.jar;C:\Program Files\Java\jdk1.8.0_131\jre\lib\rt.jar;C:\Program Files\Java\jdk1.8.0_131\jre\lib\jsse.jar;C:\Program Files\Java\jdk1.8.0_131\jre\lib\jce.jar;C:\Program Files\Java\jdk1.8.0_131\jre\lib\charsets.jar;C:\Program Files\Java\jdk1.8.0_131\jre\lib\jfr.jar;C:\Program Files\Java\jdk1.8.0_131\jre\lib\ext\access-bridge-64.jar;C:\Program Files\Java\jdk1.8.0_131\jre\lib\ext\cldrdata.jar;C:\Program Files\Java\jdk1.8.0_131\jre\lib\ext\dnsns.jar;C:\Program Files\Java\jdk1.8.0_131\jre\lib\ext\jaccess.jar;C:\Program Files\Java\jdk1.8.0_131\jre\lib\ext\jfxrt.jar;C:\Program Files\Java\jdk1.8.0_131\jre\lib\ext\localedata.jar;C:\Program Files\Java\jdk1.8.0_131\jre\lib\ext\nashorn.jar;C:\Program Files\Java\jdk1.8.0_131\jre\lib\ext\sunec.jar;C:\Program Files\Java\jdk1.8.0_131\jre\lib\ext\sunjce_provider.jar;C:\Program Files\Java\jdk1.8.0_131\jre\lib\ext\sunmscapi.jar;C:\Program Files\Java\jdk1.8.0_131\jre\lib\ext\sunpkcs11.jar;C:\Program Files\Java\jdk1.8.0_131\jre\lib\ext\zipfs.jar;F:\ProgrammationBD\TD\dutinfo1-myactivities-Favettou\target\classes;C:\Users\ambre.favetto\.m2\repository\org\springframework\boot\spring-boot-starter-jdbc\2.1.2.RELEASE\spring-boot-starter-jdbc-2.1.2.RELEASE.jar;C:\Users\ambre.favetto\.m2\repository\org\springframework\boot\spring-boot-starter\2.1.2.RELEASE\spring-boot-starter-2.1.2.RELEASE.jar;C:\Users\ambre.favetto\.m2\repository\org\springframework\boot\spring-boot\2.1.2.RELEASE\spring-boot-2.1.2.RELEASE.jar;C:\Users\ambre.favetto\.m2\repository\org\springframework\boot\spring-boot-autoconfigure\2.1.2.RELEASE\spring-boot-autoconfigure-2.1.2.RELEASE.jar;C:\Users\ambre.favetto\.m2\repository\org\springframework\boot\spring-boot-starter-logging\2.1.2.RELEASE\spring-boot-starter-logging-2.1.2.RELEASE.jar;C:\Users\ambre.favetto\.m2\repository\ch\qos\logback\logback-classic\1.2.3\logback-classic-1.2.3.jar;C:\Users\ambre.favetto\.m2\repository\ch\qos\logback\logback-co
Launcher Type: SUN_STANDARD

Environment Variables:
PATH=C:\Program Files\Java\jdk1.8.0_131\jre\bin;C:\Windows\system32;C:\Windows;C:\Windows\System32\Wbem;C:\Program Files (x86)\Java\jdk1.8.0_131\bin;C:\ProgramData\Oracle\Java\javapath;C:\oracle\product\10.2.0\client_1\bin;C:\Windows\System32\WindowsPowerShell\v1.0\;c:\Program Files (x86)\Microsoft SQL Server\100\Tools\Binn\;c:\Program Files\Microsoft SQL Server\100\Tools\Binn\;c:\Program Files\Microsoft SQL Server\100\DTS\Binn\;C:\Program Files\Microsoft\Web Platform Installer\;C:\Program Files (x86)\Microsoft ASP.NET\ASP.NET Web Pages\v1.0\;C:\Program Files\Microsoft SQL Server\110\Tools\Binn\;C:\Program Files (x86)\Windows Kits\8.0\Windows Performance Toolkit\;C:\Program Files\Git\cmd
USERNAME=ambre.favetto
OS=Windows_NT
PROCESSOR_IDENTIFIER=Intel64 Family 6 Model 23 Stepping 10, GenuineIntel



---------------  S Y S T E M  ---------------

OS: Windows 7 , 64 bit Build 7601 (6.1.7601.23418)

CPU:total 2 (initial active 2) (2 cores per cpu, 1 threads per core) family 6 model 23 stepping 10, cmov, cx8, fxsr, mmx, sse, sse2, sse3, ssse3, tsc

Memory: 4k page, physical 8256764k(2764496k free), swap 12362800k(4912k free)

vm_info: Java HotSpot(TM) 64-Bit Server VM (25.131-b11) for windows-amd64 JRE (1.8.0_131-b11), built on Mar 15 2017 01:23:53 by "java_re" with MS VC++ 10.0 (VS2010)

time: Wed Apr 17 13:44:22 2019
elapsed time: 88 seconds (0d 0h 1m 28s)

