#
# There is insufficient memory for the Java Runtime Environment to continue.
# Native memory allocation (malloc) failed to allocate 32744 bytes for ChunkPool::allocate
# Possible reasons:
#   The system is out of physical RAM or swap space
#   In 32 bit mode, the process size limit was hit
# Possible solutions:
#   Reduce memory load on the system
#   Increase physical memory or swap space
#   Check if swap backing store is full
#   Use 64 bit Java on a 64 bit OS
#   Decrease Java heap size (-Xmx/-Xms)
#   Decrease number of Java threads
#   Decrease Java thread stack sizes (-Xss)
#   Set larger code cache with -XX:ReservedCodeCacheSize=
# This output file may be truncated or incomplete.
#
#  Out of Memory Error (allocation.cpp:273), pid=7940, tid=0x00000000000021b0
#
# JRE version: Java(TM) SE Runtime Environment (8.0_131-b11) (build 1.8.0_131-b11)
# Java VM: Java HotSpot(TM) 64-Bit Server VM (25.131-b11 mixed mode windows-amd64 compressed oops)
# Failed to write core dump. Minidumps are not enabled by default on client versions of Windows
#

---------------  T H R E A D  ---------------

Current thread (0x0000000057327000):  JavaThread "C2 CompilerThread0" daemon [_thread_in_native, id=8624, stack(0x0000000058910000,0x0000000058a10000)]

Stack: [0x0000000058910000,0x0000000058a10000]
[error occurred during error reporting (printing stack bounds), id 0xc0000005]

Native frames: (J=compiled Java code, j=interpreted, Vv=VM code, C=native code)


Current CompileTask:
C2: 143649 1140   !   4       java.net.URL::<init> (543 bytes)


---------------  P R O C E S S  ---------------

Java Threads: ( => current thread )
  0x0000000058ebe800 JavaThread "background-preinit" [_thread_in_vm, id=9860, stack(0x000000005a450000,0x000000005a550000)]
  0x0000000058e34000 JavaThread "Service Thread" daemon [_thread_blocked, id=8636, stack(0x0000000059560000,0x0000000059660000)]
  0x0000000058e32000 JavaThread "C1 CompilerThread1" daemon [_thread_blocked, id=8632, stack(0x0000000059300000,0x0000000059400000)]
=>0x0000000057327000 JavaThread "C2 CompilerThread0" daemon [_thread_in_native, id=8624, stack(0x0000000058910000,0x0000000058a10000)]
  0x0000000057318800 JavaThread "JDWP Command Reader" daemon [_thread_in_native, id=7312, stack(0x0000000058710000,0x0000000058810000)]
  0x0000000057313000 JavaThread "JDWP Event Helper Thread" daemon [_thread_blocked, id=5820, stack(0x0000000058d10000,0x0000000058e10000)]
  0x000000005730e800 JavaThread "JDWP Transport Listener: dt_socket" daemon [_thread_blocked, id=6504, stack(0x0000000058b80000,0x0000000058c80000)]
  0x00000000572ff000 JavaThread "Attach Listener" daemon [_thread_blocked, id=8108, stack(0x0000000058260000,0x0000000058360000)]
  0x00000000572fd800 JavaThread "Signal Dispatcher" daemon [_thread_blocked, id=8104, stack(0x00000000580f0000,0x00000000581f0000)]
  0x00000000572e2000 JavaThread "Finalizer" daemon [_thread_blocked, id=8040, stack(0x0000000057eb0000,0x0000000057fb0000)]
  0x0000000057299000 JavaThread "Reference Handler" daemon [_thread_blocked, id=8036, stack(0x0000000057d20000,0x0000000057e20000)]
  0x00000000021d3000 JavaThread "main" [_thread_in_native, id=7948, stack(0x00000000023b0000,0x00000000024b0000)]

Other Threads:
  0x0000000057291000 VMThread [stack: 0x0000000057be0000,0x0000000057ce0000] [id=8008]
  0x0000000058e49800 WatcherThread [stack: 0x00000000596e0000,0x00000000597e0000] [id=8640]

VM state:not at safepoint (normal execution)

VM Mutex/Monitor currently owned by a thread: None

Heap:
 PSYoungGen      total 37888K, used 5936K [0x00000000d6000000, 0x00000000d8a00000, 0x0000000100000000)
  eden space 32768K, 2% used [0x00000000d6000000,0x00000000d60d29e8,0x00000000d8000000)
  from space 5120K, 99% used [0x00000000d8500000,0x00000000d89f9968,0x00000000d8a00000)
  to   space 5120K, 0% used [0x00000000d8000000,0x00000000d8000000,0x00000000d8500000)
 ParOldGen       total 86016K, used 640K [0x0000000082000000, 0x0000000087400000, 0x00000000d6000000)
  object space 86016K, 0% used [0x0000000082000000,0x00000000820a00f0,0x0000000087400000)
 Metaspace       used 13954K, capacity 14396K, committed 14592K, reserved 1062912K
  class space    used 1809K, capacity 1930K, committed 2048K, reserved 1048576K

Card table byte_map: [0x0000000011c70000,0x0000000012070000] byte_map_base: 0x0000000011860000

Marking Bits: (ParMarkBitMap*) 0x0000000064bbc720
 Begin Bits: [0x0000000012670000, 0x00000000145f0000)
 End Bits:   [0x00000000145f0000, 0x0000000016570000)

Polling page: 0x0000000000220000

CodeCache: size=245760Kb used=3707Kb max_used=3723Kb free=242052Kb
 bounds [0x00000000028b0000, 0x0000000002c60000, 0x00000000118b0000]
 total_blobs=1403 nmethods=1087 adapters=239
 compilation: enabled

Compilation events (10 events):
Event: 140.932 Thread 0x0000000058e32000 nmethod 1135 0x0000000002c53090 code [0x0000000002c53200, 0x0000000002c53388]
Event: 140.932 Thread 0x0000000058e32000 1136       3       java.lang.ThreadLocal$ThreadLocalMap::getEntry (42 bytes)
Event: 140.932 Thread 0x0000000058e32000 nmethod 1136 0x0000000002c52a90 code [0x0000000002c52c00, 0x0000000002c52f08]
Event: 140.933 Thread 0x0000000057327000 1137       4       java.util.HashMap::newNode (13 bytes)
Event: 140.933 Thread 0x0000000058e32000 1138       3       java.util.HashMap::put (13 bytes)
Event: 140.933 Thread 0x0000000058e32000 nmethod 1138 0x0000000002c52410 code [0x0000000002c525a0, 0x0000000002c52958]
Event: 140.934 Thread 0x0000000057327000 nmethod 1137 0x0000000002c4e450 code [0x0000000002c4e5a0, 0x0000000002c4e6b8]
Event: 142.683 Thread 0x0000000057327000 1139       4       java.lang.String::lastIndexOf (151 bytes)
Event: 142.686 Thread 0x0000000057327000 nmethod 1139 0x0000000002c54c50 code [0x0000000002c54da0, 0x0000000002c55038]
Event: 142.736 Thread 0x0000000057327000 1140   !   4       java.net.URL::<init> (543 bytes)

GC Heap History (4 events):
Event: 55.859 GC heap before
{Heap before GC invocations=1 (full 0):
 PSYoungGen      total 37888K, used 32768K [0x00000000d6000000, 0x00000000d8a00000, 0x0000000100000000)
  eden space 32768K, 100% used [0x00000000d6000000,0x00000000d8000000,0x00000000d8000000)
  from space 5120K, 0% used [0x00000000d8500000,0x00000000d8500000,0x00000000d8a00000)
  to   space 5120K, 0% used [0x00000000d8000000,0x00000000d8000000,0x00000000d8500000)
 ParOldGen       total 86016K, used 0K [0x0000000082000000, 0x0000000087400000, 0x00000000d6000000)
  object space 86016K, 0% used [0x0000000082000000,0x0000000082000000,0x0000000087400000)
 Metaspace       used 10450K, capacity 10776K, committed 10880K, reserved 1058816K
  class space    used 1211K, capacity 1310K, committed 1408K, reserved 1048576K
Event: 55.875 GC heap after
Heap after GC invocations=1 (full 0):
 PSYoungGen      total 37888K, used 5063K [0x00000000d6000000, 0x00000000d8a00000, 0x0000000100000000)
  eden space 32768K, 0% used [0x00000000d6000000,0x00000000d6000000,0x00000000d8000000)
  from space 5120K, 98% used [0x00000000d8000000,0x00000000d84f1de0,0x00000000d8500000)
  to   space 5120K, 0% used [0x00000000d8500000,0x00000000d8500000,0x00000000d8a00000)
 ParOldGen       total 86016K, used 8K [0x0000000082000000, 0x0000000087400000, 0x00000000d6000000)
  object space 86016K, 0% used [0x0000000082000000,0x0000000082002000,0x0000000087400000)
 Metaspace       used 10450K, capacity 10776K, committed 10880K, reserved 1058816K
  class space    used 1211K, capacity 1310K, committed 1408K, reserved 1048576K
}
Event: 142.526 GC heap before
{Heap before GC invocations=2 (full 0):
 PSYoungGen      total 37888K, used 37831K [0x00000000d6000000, 0x00000000d8a00000, 0x0000000100000000)
  eden space 32768K, 100% used [0x00000000d6000000,0x00000000d8000000,0x00000000d8000000)
  from space 5120K, 98% used [0x00000000d8000000,0x00000000d84f1de0,0x00000000d8500000)
  to   space 5120K, 0% used [0x00000000d8500000,0x00000000d8500000,0x00000000d8a00000)
 ParOldGen       total 86016K, used 8K [0x0000000082000000, 0x0000000087400000, 0x00000000d6000000)
  object space 86016K, 0% used [0x0000000082000000,0x0000000082002000,0x0000000087400000)
 Metaspace       used 13896K, capacity 14332K, committed 14592K, reserved 1062912K
  class space    used 1799K, capacity 1930K, committed 2048K, reserved 1048576K
Event: 142.540 GC heap after
Heap after GC invocations=2 (full 0):
 PSYoungGen      total 37888K, used 5094K [0x00000000d6000000, 0x00000000d8a00000, 0x0000000100000000)
  eden space 32768K, 0% used [0x00000000d6000000,0x00000000d6000000,0x00000000d8000000)
  from space 5120K, 99% used [0x00000000d8500000,0x00000000d89f9968,0x00000000d8a00000)
  to   space 5120K, 0% used [0x00000000d8000000,0x00000000d8000000,0x00000000d8500000)
 ParOldGen       total 86016K, used 640K [0x0000000082000000, 0x0000000087400000, 0x00000000d6000000)
  object space 86016K, 0% used [0x0000000082000000,0x00000000820a00f0,0x0000000087400000)
 Metaspace       used 13896K, capacity 14332K, committed 14592K, reserved 1062912K
  class space    used 1799K, capacity 1930K, committed 2048K, reserved 1048576K
}

Deoptimization events (10 events):
Event: 139.980 Thread 0x0000000058ebe800 Uncommon trap: reason=range_check action=none pc=0x0000000002b518cc method=sun.reflect.generics.parser.SignatureParser.current()C @ 34
Event: 140.289 Thread 0x0000000058ebe800 Uncommon trap: reason=range_check action=none pc=0x0000000002b518cc method=sun.reflect.generics.parser.SignatureParser.current()C @ 34
Event: 140.289 Thread 0x0000000058ebe800 Uncommon trap: reason=range_check action=none pc=0x0000000002b518cc method=sun.reflect.generics.parser.SignatureParser.current()C @ 34
Event: 140.290 Thread 0x0000000058ebe800 Uncommon trap: reason=unstable_if action=reinterpret pc=0x0000000002b7d7c8 method=java.util.HashMap.getNode(ILjava/lang/Object;)Ljava/util/HashMap$Node; @ 129
Event: 140.290 Thread 0x0000000058ebe800 Uncommon trap: reason=unstable_if action=reinterpret pc=0x0000000002c1608c method=java.util.HashMap.putVal(ILjava/lang/Object;Ljava/lang/Object;ZZ)Ljava/lang/Object; @ 193
Event: 140.290 Thread 0x0000000058ebe800 Uncommon trap: reason=unstable_if action=reinterpret pc=0x0000000002b5b2e8 method=java.util.HashMap.getNode(ILjava/lang/Object;)Ljava/util/HashMap$Node; @ 129
Event: 140.469 Thread 0x0000000058ebe800 Uncommon trap: reason=range_check action=none pc=0x0000000002b518cc method=sun.reflect.generics.parser.SignatureParser.current()C @ 34
Event: 140.606 Thread 0x0000000058ebe800 Uncommon trap: reason=range_check action=none pc=0x0000000002b518cc method=sun.reflect.generics.parser.SignatureParser.current()C @ 34
Event: 140.764 Thread 0x0000000058ebe800 Uncommon trap: reason=range_check action=none pc=0x0000000002b518cc method=sun.reflect.generics.parser.SignatureParser.current()C @ 34
Event: 140.832 Thread 0x0000000058ebe800 Uncommon trap: reason=range_check action=none pc=0x0000000002b518cc method=sun.reflect.generics.parser.SignatureParser.current()C @ 34

Internal exceptions (10 events):
Event: 139.419 Thread 0x0000000058ebe800 Exception <a 'java/lang/ArrayIndexOutOfBoundsException': 176> (0x00000000d7ecd9f0) thrown at [C:\re\workspace\8-2-build-windows-amd64-cygwin\jdk8u131\8869\hotspot\src\share\vm\interpreter\interpreterRuntime.cpp, line 366]
Event: 139.512 Thread 0x0000000058ebe800 Exception <a 'java/lang/ArrayIndexOutOfBoundsException': 129> (0x00000000d7edff68) thrown at [C:\re\workspace\8-2-build-windows-amd64-cygwin\jdk8u131\8869\hotspot\src\share\vm\interpreter\interpreterRuntime.cpp, line 366]
Event: 139.637 Thread 0x0000000058ebe800 Exception <a 'java/lang/ArrayIndexOutOfBoundsException': 181> (0x00000000d7ef3360) thrown at [C:\re\workspace\8-2-build-windows-amd64-cygwin\jdk8u131\8869\hotspot\src\share\vm\interpreter\interpreterRuntime.cpp, line 366]
Event: 139.980 Thread 0x0000000058ebe800 Exception <a 'java/lang/ArrayIndexOutOfBoundsException': 128> (0x00000000d7f05be8) thrown at [C:\re\workspace\8-2-build-windows-amd64-cygwin\jdk8u131\8869\hotspot\src\share\vm\interpreter\interpreterRuntime.cpp, line 366]
Event: 140.289 Thread 0x0000000058ebe800 Exception <a 'java/lang/ArrayIndexOutOfBoundsException': 168> (0x00000000d7f290d0) thrown at [C:\re\workspace\8-2-build-windows-amd64-cygwin\jdk8u131\8869\hotspot\src\share\vm\interpreter\interpreterRuntime.cpp, line 366]
Event: 140.289 Thread 0x0000000058ebe800 Exception <a 'java/lang/ArrayIndexOutOfBoundsException': 159> (0x00000000d7f2adb8) thrown at [C:\re\workspace\8-2-build-windows-amd64-cygwin\jdk8u131\8869\hotspot\src\share\vm\interpreter\interpreterRuntime.cpp, line 366]
Event: 140.469 Thread 0x0000000058ebe800 Exception <a 'java/lang/ArrayIndexOutOfBoundsException': 128> (0x00000000d7f4e350) thrown at [C:\re\workspace\8-2-build-windows-amd64-cygwin\jdk8u131\8869\hotspot\src\share\vm\interpreter\interpreterRuntime.cpp, line 366]
Event: 140.606 Thread 0x0000000058ebe800 Exception <a 'java/lang/ArrayIndexOutOfBoundsException': 158> (0x00000000d7f63d80) thrown at [C:\re\workspace\8-2-build-windows-amd64-cygwin\jdk8u131\8869\hotspot\src\share\vm\interpreter\interpreterRuntime.cpp, line 366]
Event: 140.764 Thread 0x0000000058ebe800 Exception <a 'java/lang/ArrayIndexOutOfBoundsException': 132> (0x00000000d7f79530) thrown at [C:\re\workspace\8-2-build-windows-amd64-cygwin\jdk8u131\8869\hotspot\src\share\vm\interpreter\interpreterRuntime.cpp, line 366]
Event: 140.832 Thread 0x0000000058ebe800 Exception <a 'java/lang/ArrayIndexOutOfBoundsException': 123> (0x00000000d7f8bbf8) thrown at [C:\re\workspace\8-2-build-windows-amd64-cygwin\jdk8u131\8869\hotspot\src\share\vm\interpreter\interpreterRuntime.cpp, line 366]

Events (10 events):
Event: 142.672 Thread 0x0000000058ebe800 DEOPT UNPACKING pc=0x00000000028f71bf sp=0x000000005a54d7a0 mode 1
Event: 142.686 Thread 0x0000000057327000 flushing nmethod 0x00000000029c7bd0
Event: 142.729 loading class org/springframework/beans/factory/xml/DocumentLoader
Event: 142.729 loading class org/springframework/beans/factory/xml/DocumentLoader done
Event: 142.729 Thread 0x00000000021d3000 DEOPT PACKING pc=0x0000000002a61931 sp=0x00000000024accc0
Event: 142.729 Thread 0x00000000021d3000 DEOPT UNPACKING pc=0x00000000028f71bf sp=0x00000000024aca10 mode 1
Event: 142.729 Thread 0x00000000021d3000 DEOPT PACKING pc=0x0000000002a3265c sp=0x00000000024acd40
Event: 142.729 Thread 0x00000000021d3000 DEOPT UNPACKING pc=0x00000000028f71bf sp=0x00000000024acb60 mode 1
Event: 142.729 Thread 0x00000000021d3000 DEOPT PACKING pc=0x0000000002a323f4 sp=0x00000000024aced0
Event: 142.729 Thread 0x00000000021d3000 DEOPT UNPACKING pc=0x00000000028f71bf sp=0x00000000024accf0 mode 1


Dynamic libraries:
0x000000013f810000 - 0x000000013f847000 	C:\Program Files\Java\jdk1.8.0_131\bin\javaw.exe
0x0000000077030000 - 0x00000000771da000 	C:\Windows\SYSTEM32\ntdll.dll
0x0000000076e10000 - 0x0000000076f2f000 	C:\Windows\system32\kernel32.dll
0x000007fefce50000 - 0x000007fefceba000 	C:\Windows\system32\KERNELBASE.dll
0x000007fefefa0000 - 0x000007feff07b000 	C:\Windows\system32\ADVAPI32.dll
0x000007fefed70000 - 0x000007fefee0f000 	C:\Windows\system32\msvcrt.dll
0x000007fefe9c0000 - 0x000007fefe9df000 	C:\Windows\SYSTEM32\sechost.dll
0x000007fefec40000 - 0x000007fefed6d000 	C:\Windows\system32\RPCRT4.dll
0x0000000076f30000 - 0x000000007702a000 	C:\Windows\system32\USER32.dll
0x000007fefe920000 - 0x000007fefe987000 	C:\Windows\system32\GDI32.dll
0x000007fefe910000 - 0x000007fefe91e000 	C:\Windows\system32\LPK.dll
0x000007fefd620000 - 0x000007fefd6ea000 	C:\Windows\system32\USP10.dll
0x000007fefb800000 - 0x000007fefb9f4000 	C:\Windows\WinSxS\amd64_microsoft.windows.common-controls_6595b64144ccf1df_6.0.7601.18837_none_fa3b1e3d17594757\COMCTL32.dll
0x000007fefee10000 - 0x000007fefee81000 	C:\Windows\system32\SHLWAPI.dll
0x000007fefe990000 - 0x000007fefe9be000 	C:\Windows\system32\IMM32.DLL
0x000007fefee90000 - 0x000007fefef99000 	C:\Windows\system32\MSCTF.dll
0x00000000709b0000 - 0x0000000070a82000 	C:\Program Files\Java\jdk1.8.0_131\jre\bin\msvcr100.dll
0x00000000643a0000 - 0x0000000064c3c000 	C:\Program Files\Java\jdk1.8.0_131\jre\bin\server\jvm.dll
0x000007fef95f0000 - 0x000007fef95f9000 	C:\Windows\system32\WSOCK32.dll
0x000007fefebf0000 - 0x000007fefec3d000 	C:\Windows\system32\WS2_32.dll
0x000007fefe900000 - 0x000007fefe908000 	C:\Windows\system32\NSI.dll
0x000007fefad00000 - 0x000007fefad3b000 	C:\Windows\system32\WINMM.dll
0x000007fefbe90000 - 0x000007fefbe9c000 	C:\Windows\system32\VERSION.dll
0x00000000771f0000 - 0x00000000771f7000 	C:\Windows\system32\PSAPI.DLL
0x0000000071b30000 - 0x0000000071b3f000 	C:\Program Files\Java\jdk1.8.0_131\jre\bin\verify.dll
0x0000000070b50000 - 0x0000000070b79000 	C:\Program Files\Java\jdk1.8.0_131\jre\bin\java.dll
0x00000000704e0000 - 0x0000000070515000 	C:\Program Files\Java\jdk1.8.0_131\jre\bin\jdwp.dll
0x0000000071040000 - 0x0000000071048000 	C:\Program Files\Java\jdk1.8.0_131\jre\bin\npt.dll
0x0000000070db0000 - 0x0000000070dc6000 	C:\Program Files\Java\jdk1.8.0_131\jre\bin\zip.dll
0x000007fefd980000 - 0x000007fefe70c000 	C:\Windows\system32\SHELL32.dll
0x000007fefe9e0000 - 0x000007fefebe3000 	C:\Windows\system32\ole32.dll
0x000007fefcdc0000 - 0x000007fefcdcf000 	C:\Windows\system32\profapi.dll
0x0000000070930000 - 0x0000000070939000 	C:\Program Files\Java\jdk1.8.0_131\jre\bin\dt_socket.dll
0x000007fefac80000 - 0x000007fefac95000 	C:\Windows\system32\NLAapi.dll
0x000007fef9a40000 - 0x000007fef9a55000 	C:\Windows\system32\napinsp.dll
0x000007fef9a20000 - 0x000007fef9a39000 	C:\Windows\system32\pnrpnsp.dll
0x000007fefc480000 - 0x000007fefc4d5000 	C:\Windows\System32\mswsock.dll
0x000007fefc370000 - 0x000007fefc3cb000 	C:\Windows\system32\DNSAPI.dll
0x000007fef99c0000 - 0x000007fef99cb000 	C:\Windows\System32\winrnr.dll
0x00000000748b0000 - 0x00000000748de000 	C:\Program Files\Common Files\Microsoft Shared\Windows Live\WLIDNSP.DLL
0x000007fefa8e0000 - 0x000007fefa907000 	C:\Windows\system32\IPHLPAPI.DLL
0x000007fefa820000 - 0x000007fefa82b000 	C:\Windows\system32\WINNSI.DLL
0x000007fefa750000 - 0x000007fefa7a3000 	C:\Windows\System32\fwpuclnt.dll
0x000007fef9a60000 - 0x000007fef9a68000 	C:\Windows\system32\rasadhlp.dll
0x000007fefbf60000 - 0x000007fefbf67000 	C:\Windows\System32\wshtcpip.dll
0x00000000710e0000 - 0x00000000710ed000 	C:\Program Files\Java\jdk1.8.0_131\jre\bin\management.dll
0x0000000070cc0000 - 0x0000000070cda000 	C:\Program Files\Java\jdk1.8.0_131\jre\bin\net.dll
0x000007fefc7b0000 - 0x000007fefc7b7000 	C:\Windows\System32\wship6.dll

VM Arguments:
jvm_args: -agentlib:jdwp=transport=dt_socket,suspend=y,address=localhost:50048 -Dfile.encoding=UTF-8 
java_command: myactivities.myactivities.MyactivitiesApplication
java_class_path (initial): C:\Program Files\Java\jdk1.8.0_131\jre\lib\resources.jar;C:\Program Files\Java\jdk1.8.0_131\jre\lib\rt.jar;C:\Program Files\Java\jdk1.8.0_131\jre\lib\jsse.jar;C:\Program Files\Java\jdk1.8.0_131\jre\lib\jce.jar;C:\Program Files\Java\jdk1.8.0_131\jre\lib\charsets.jar;C:\Program Files\Java\jdk1.8.0_131\jre\lib\jfr.jar;C:\Program Files\Java\jdk1.8.0_131\jre\lib\ext\access-bridge-64.jar;C:\Program Files\Java\jdk1.8.0_131\jre\lib\ext\cldrdata.jar;C:\Program Files\Java\jdk1.8.0_131\jre\lib\ext\dnsns.jar;C:\Program Files\Java\jdk1.8.0_131\jre\lib\ext\jaccess.jar;C:\Program Files\Java\jdk1.8.0_131\jre\lib\ext\jfxrt.jar;C:\Program Files\Java\jdk1.8.0_131\jre\lib\ext\localedata.jar;C:\Program Files\Java\jdk1.8.0_131\jre\lib\ext\nashorn.jar;C:\Program Files\Java\jdk1.8.0_131\jre\lib\ext\sunec.jar;C:\Program Files\Java\jdk1.8.0_131\jre\lib\ext\sunjce_provider.jar;C:\Program Files\Java\jdk1.8.0_131\jre\lib\ext\sunmscapi.jar;C:\Program Files\Java\jdk1.8.0_131\jre\lib\ext\sunpkcs11.jar;C:\Program Files\Java\jdk1.8.0_131\jre\lib\ext\zipfs.jar;F:\ProgrammationBD\TD\dutinfo1-myactivities-Favettou\target\classes;C:\Users\ambre.favetto\.m2\repository\org\springframework\boot\spring-boot-starter-jdbc\2.1.2.RELEASE\spring-boot-starter-jdbc-2.1.2.RELEASE.jar;C:\Users\ambre.favetto\.m2\repository\org\springframework\boot\spring-boot-starter\2.1.2.RELEASE\spring-boot-starter-2.1.2.RELEASE.jar;C:\Users\ambre.favetto\.m2\repository\org\springframework\boot\spring-boot\2.1.2.RELEASE\spring-boot-2.1.2.RELEASE.jar;C:\Users\ambre.favetto\.m2\repository\org\springframework\boot\spring-boot-autoconfigure\2.1.2.RELEASE\spring-boot-autoconfigure-2.1.2.RELEASE.jar;C:\Users\ambre.favetto\.m2\repository\org\springframework\boot\spring-boot-starter-logging\2.1.2.RELEASE\spring-boot-starter-logging-2.1.2.RELEASE.jar;C:\Users\ambre.favetto\.m2\repository\ch\qos\logback\logback-classic\1.2.3\logback-classic-1.2.3.jar;C:\Users\ambre.favetto\.m2\repository\ch\qos\logback\logback-co
Launcher Type: SUN_STANDARD

Environment Variables:
PATH=C:\Program Files\Java\jdk1.8.0_131\jre\bin;C:\Windows\system32;C:\Windows;C:\Windows\System32\Wbem;C:\Program Files (x86)\Java\jdk1.8.0_131\bin;C:\ProgramData\Oracle\Java\javapath;C:\oracle\product\10.2.0\client_1\bin;C:\Windows\System32\WindowsPowerShell\v1.0\;c:\Program Files (x86)\Microsoft SQL Server\100\Tools\Binn\;c:\Program Files\Microsoft SQL Server\100\Tools\Binn\;c:\Program Files\Microsoft SQL Server\100\DTS\Binn\;C:\Program Files\Microsoft\Web Platform Installer\;C:\Program Files (x86)\Microsoft ASP.NET\ASP.NET Web Pages\v1.0\;C:\Program Files\Microsoft SQL Server\110\Tools\Binn\;C:\Program Files (x86)\Windows Kits\8.0\Windows Performance Toolkit\;C:\Program Files\Git\cmd
USERNAME=ambre.favetto
OS=Windows_NT
PROCESSOR_IDENTIFIER=Intel64 Family 6 Model 23 Stepping 10, GenuineIntel



---------------  S Y S T E M  ---------------

OS: Windows 7 , 64 bit Build 7601 (6.1.7601.23418)

CPU:total 2 (initial active 2) (2 cores per cpu, 1 threads per core) family 6 model 23 stepping 10, cmov, cx8, fxsr, mmx, sse, sse2, sse3, ssse3, tsc

Memory: 4k page, physical 8256764k(2998196k free), swap 12362800k(394068k free)

vm_info: Java HotSpot(TM) 64-Bit Server VM (25.131-b11) for windows-amd64 JRE (1.8.0_131-b11), built on Mar 15 2017 01:23:53 by "java_re" with MS VC++ 10.0 (VS2010)

time: Wed Apr 17 13:45:27 2019
elapsed time: 143 seconds (0d 0h 2m 23s)

