#
# There is insufficient memory for the Java Runtime Environment to continue.
# Native memory allocation (malloc) failed to allocate 22536 bytes for AllocateHeap
# Possible reasons:
#   The system is out of physical RAM or swap space
#   In 32 bit mode, the process size limit was hit
# Possible solutions:
#   Reduce memory load on the system
#   Increase physical memory or swap space
#   Check if swap backing store is full
#   Use 64 bit Java on a 64 bit OS
#   Decrease Java heap size (-Xmx/-Xms)
#   Decrease number of Java threads
#   Decrease Java thread stack sizes (-Xss)
#   Set larger code cache with -XX:ReservedCodeCacheSize=
# This output file may be truncated or incomplete.
#
#  Out of Memory Error (memory/allocation.inline.hpp:61), pid=7992, tid=0x0000000000001f54
#
# JRE version: Java(TM) SE Runtime Environment (8.0_131-b11) (build 1.8.0_131-b11)
# Java VM: Java HotSpot(TM) 64-Bit Server VM (25.131-b11 mixed mode windows-amd64 compressed oops)
# Failed to write core dump. Minidumps are not enabled by default on client versions of Windows
#

---------------  T H R E A D  ---------------

Current thread (0x00000000021b3000):  JavaThread "main" [_thread_in_Java, id=8020, stack(0x00000000022a0000,0x00000000023a0000)]

Stack: [0x00000000022a0000,0x00000000023a0000]
[error occurred during error reporting (printing stack bounds), id 0xe0000000]

Native frames: (J=compiled Java code, j=interpreted, Vv=VM code, C=native code)

Java frames: (J=compiled Java code, j=interpreted, Vv=VM code)
v  ~DeoptimizationBlob
J 208 C1 java.lang.ClassLoader.loadClass(Ljava/lang/String;Z)Ljava/lang/Class; (122 bytes) @ 0x000000000292431c [0x00000000029239c0+0x95c]
J 208 C1 java.lang.ClassLoader.loadClass(Ljava/lang/String;Z)Ljava/lang/Class; (122 bytes) @ 0x00000000029240b4 [0x00000000029239c0+0x6f4]
J 280 C1 sun.misc.Launcher$AppClassLoader.loadClass(Ljava/lang/String;Z)Ljava/lang/Class; (85 bytes) @ 0x000000000296e78c [0x000000000296dde0+0x9ac]
J 277 C1 java.lang.ClassLoader.loadClass(Ljava/lang/String;)Ljava/lang/Class; (7 bytes) @ 0x000000000296d65c [0x000000000296d540+0x11c]
v  ~StubRoutines::call_stub
j  org.springframework.beans.SimpleTypeConverter.<init>()V+5
j  org.springframework.boot.context.properties.bind.BindConverter$TypeConverterConversionService.createTypeConverter(Ljava/util/function/Consumer;)Lorg/springframework/beans/SimpleTypeConverter;+4
j  org.springframework.boot.context.properties.bind.BindConverter$TypeConverterConversionService.<init>(Ljava/util/function/Consumer;)V+11
j  org.springframework.boot.context.properties.bind.BindConverter.getConversionServices(Lorg/springframework/core/convert/ConversionService;Ljava/util/function/Consumer;)Ljava/util/List;+14
j  org.springframework.boot.context.properties.bind.BindConverter.<init>(Lorg/springframework/core/convert/ConversionService;Ljava/util/function/Consumer;)V+13
j  org.springframework.boot.context.properties.bind.BindConverter.get(Lorg/springframework/core/convert/ConversionService;Ljava/util/function/Consumer;)Lorg/springframework/boot/context/properties/bind/BindConverter;+23
j  org.springframework.boot.context.properties.bind.Binder$Context.<init>(Lorg/springframework/boot/context/properties/bind/Binder;)V+47
j  org.springframework.boot.context.properties.bind.Binder.bind(Lorg/springframework/boot/context/properties/source/ConfigurationPropertyName;Lorg/springframework/boot/context/properties/bind/Bindable;Lorg/springframework/boot/context/properties/bind/BindHandler;)Lorg/springframework/boot/context/properties/bind/BindResult;+29
j  org.springframework.boot.context.properties.bind.Binder.bind(Ljava/lang/String;Lorg/springframework/boot/context/properties/bind/Bindable;)Lorg/springframework/boot/context/properties/bind/BindResult;+7
j  org.springframework.boot.context.config.ConfigFileApplicationListener$Loader.lambda$asDocuments$10(Lorg/springframework/core/env/PropertySource;)Lorg/springframework/boot/context/config/ConfigFileApplicationListener$Document;+27
j  org.springframework.boot.context.config.ConfigFileApplicationListener$Loader$$Lambda$34.apply(Ljava/lang/Object;)Ljava/lang/Object;+8
j  java.util.stream.ReferencePipeline$3$1.accept(Ljava/lang/Object;)V+12
j  java.util.Collections$2.tryAdvance(Ljava/util/function/Consumer;)Z+29
j  java.util.Collections$2.forEachRemaining(Ljava/util/function/Consumer;)V+2
j  java.util.stream.AbstractPipeline.copyInto(Ljava/util/stream/Sink;Ljava/util/Spliterator;)V+32
j  java.util.stream.AbstractPipeline.wrapAndCopyInto(Ljava/util/stream/Sink;Ljava/util/Spliterator;)Ljava/util/stream/Sink;+13
j  java.util.stream.ReduceOps$ReduceOp.evaluateSequential(Ljava/util/stream/PipelineHelper;Ljava/util/Spliterator;)Ljava/lang/Object;+6
j  java.util.stream.AbstractPipeline.evaluate(Ljava/util/stream/TerminalOp;)Ljava/lang/Object;+88
j  java.util.stream.ReferencePipeline.collect(Ljava/util/stream/Collector;)Ljava/lang/Object;+86
j  org.springframework.boot.context.config.ConfigFileApplicationListener$Loader.asDocuments(Ljava/util/List;)Ljava/util/List;+28
j  org.springframework.boot.context.config.ConfigFileApplicationListener$Loader.loadDocuments(Lorg/springframework/boot/env/PropertySourceLoader;Ljava/lang/String;Lorg/springframework/core/io/Resource;)Ljava/util/List;+45
j  org.springframework.boot.context.config.ConfigFileApplicationListener$Loader.load(Lorg/springframework/boot/env/PropertySourceLoader;Ljava/lang/String;Lorg/springframework/boot/context/config/ConfigFileApplicationListener$Profile;Lorg/springframework/boot/context/config/ConfigFileApplicationListener$DocumentFilter;Lorg/springframework/boot/context/config/ConfigFileApplicationListener$DocumentConsumer;)V+147
j  org.springframework.boot.context.config.ConfigFileApplicationListener$Loader.loadForFileExtension(Lorg/springframework/boot/env/PropertySourceLoader;Ljava/lang/String;Ljava/lang/String;Lorg/springframework/boot/context/config/ConfigFileApplicationListener$Profile;Lorg/springframework/boot/context/config/ConfigFileApplicationListener$DocumentFilterFactory;Lorg/springframework/boot/context/config/ConfigFileApplicationListener$DocumentConsumer;)V+192
j  org.springframework.boot.context.config.ConfigFileApplicationListener$Loader.load(Ljava/lang/String;Ljava/lang/String;Lorg/springframework/boot/context/config/ConfigFileApplicationListener$Profile;Lorg/springframework/boot/context/config/ConfigFileApplicationListener$DocumentFilterFactory;Lorg/springframework/boot/context/config/ConfigFileApplicationListener$DocumentConsumer;)V+203
j  org.springframework.boot.context.config.ConfigFileApplicationListener$Loader.lambda$null$6(Ljava/lang/String;Lorg/springframework/boot/context/config/ConfigFileApplicationListener$Profile;Lorg/springframework/boot/context/config/ConfigFileApplicationListener$DocumentFilterFactory;Lorg/springframework/boot/context/config/ConfigFileApplicationListener$DocumentConsumer;Ljava/lang/String;)V+8
j  org.springframework.boot.context.config.ConfigFileApplicationListener$Loader$$Lambda$32.accept(Ljava/lang/Object;)V+24
j  java.lang.Iterable.forEach(Ljava/util/function/Consumer;)V+30
j  org.springframework.boot.context.config.ConfigFileApplicationListener$Loader.lambda$load$7(Lorg/springframework/boot/context/config/ConfigFileApplicationListener$Profile;Lorg/springframework/boot/context/config/ConfigFileApplicationListener$DocumentFilterFactory;Lorg/springframework/boot/context/config/ConfigFileApplicationListener$DocumentConsumer;Ljava/lang/String;)V+39
j  org.springframework.boot.context.config.ConfigFileApplicationListener$Loader$$Lambda$31.accept(Ljava/lang/Object;)V+20
j  java.lang.Iterable.forEach(Ljava/util/function/Consumer;)V+30
j  org.springframework.boot.context.config.ConfigFileApplicationListener$Loader.load(Lorg/springframework/boot/context/config/ConfigFileApplicationListener$Profile;Lorg/springframework/boot/context/config/ConfigFileApplicationListener$DocumentFilterFactory;Lorg/springframework/boot/context/config/ConfigFileApplicationListener$DocumentConsumer;)V+13
j  org.springframework.boot.context.config.ConfigFileApplicationListener$Loader.load()V+104
j  org.springframework.boot.context.config.ConfigFileApplicationListener.addPropertySources(Lorg/springframework/core/env/ConfigurableEnvironment;Lorg/springframework/core/io/ResourceLoader;)V+14
j  org.springframework.boot.context.config.ConfigFileApplicationListener.postProcessEnvironment(Lorg/springframework/core/env/ConfigurableEnvironment;Lorg/springframework/boot/SpringApplication;)V+6
j  org.springframework.boot.context.config.ConfigFileApplicationListener.onApplicationEnvironmentPreparedEvent(Lorg/springframework/boot/context/event/ApplicationEnvironmentPreparedEvent;)V+54
j  org.springframework.boot.context.config.ConfigFileApplicationListener.onApplicationEvent(Lorg/springframework/context/ApplicationEvent;)V+12
j  org.springframework.context.event.SimpleApplicationEventMulticaster.doInvokeListener(Lorg/springframework/context/ApplicationListener;Lorg/springframework/context/ApplicationEvent;)V+2
j  org.springframework.context.event.SimpleApplicationEventMulticaster.invokeListener(Lorg/springframework/context/ApplicationListener;Lorg/springframework/context/ApplicationEvent;)V+34
j  org.springframework.context.event.SimpleApplicationEventMulticaster.multicastEvent(Lorg/springframework/context/ApplicationEvent;Lorg/springframework/core/ResolvableType;)V+83
j  org.springframework.context.event.SimpleApplicationEventMulticaster.multicastEvent(Lorg/springframework/context/ApplicationEvent;)V+7
j  org.springframework.boot.context.event.EventPublishingRunListener.environmentPrepared(Lorg/springframework/core/env/ConfigurableEnvironment;)V+20
j  org.springframework.boot.SpringApplicationRunListeners.environmentPrepared(Lorg/springframework/core/env/ConfigurableEnvironment;)V+31
j  org.springframework.boot.SpringApplication.prepareEnvironment(Lorg/springframework/boot/SpringApplicationRunListeners;Lorg/springframework/boot/ApplicationArguments;)Lorg/springframework/core/env/ConfigurableEnvironment;+18
j  org.springframework.boot.SpringApplication.run([Ljava/lang/String;)Lorg/springframework/context/ConfigurableApplicationContext;+54
j  org.springframework.boot.SpringApplication.run([Ljava/lang/Class;[Ljava/lang/String;)Lorg/springframework/context/ConfigurableApplicationContext;+9
j  org.springframework.boot.SpringApplication.run(Ljava/lang/Class;[Ljava/lang/String;)Lorg/springframework/context/ConfigurableApplicationContext;+9
j  myactivities.myactivities.MyactivitiesApplication.main([Ljava/lang/String;)V+3
v  ~StubRoutines::call_stub

---------------  P R O C E S S  ---------------

Java Threads: ( => current thread )
  0x000000005989c000 JavaThread "background-preinit" [_thread_blocked, id=5596, stack(0x000000005a0e0000,0x000000005a1e0000)]
  0x0000000058e35800 JavaThread "Service Thread" daemon [_thread_blocked, id=8892, stack(0x00000000594e0000,0x00000000595e0000)]
  0x0000000058e33800 JavaThread "C1 CompilerThread1" daemon [_thread_blocked, id=8888, stack(0x0000000059330000,0x0000000059430000)]
  0x00000000570d9000 JavaThread "C2 CompilerThread0" daemon [_thread_blocked, id=8880, stack(0x0000000058d10000,0x0000000058e10000)]
  0x00000000570ca800 JavaThread "JDWP Command Reader" daemon [_thread_in_native, id=8468, stack(0x0000000058720000,0x0000000058820000)]
  0x00000000570c5000 JavaThread "JDWP Event Helper Thread" daemon [_thread_blocked, id=8428, stack(0x0000000058b40000,0x0000000058c40000)]
  0x00000000570c0800 JavaThread "JDWP Transport Listener: dt_socket" daemon [_thread_blocked, id=8424, stack(0x0000000058990000,0x0000000058a90000)]
  0x00000000570b1000 JavaThread "Attach Listener" daemon [_thread_blocked, id=7360, stack(0x0000000058360000,0x0000000058460000)]
  0x00000000570af800 JavaThread "Signal Dispatcher" daemon [_thread_blocked, id=7252, stack(0x0000000058170000,0x0000000058270000)]
  0x0000000057092000 JavaThread "Finalizer" daemon [_thread_blocked, id=8100, stack(0x0000000057f80000,0x0000000058080000)]
  0x0000000057049000 JavaThread "Reference Handler" daemon [_thread_blocked, id=8092, stack(0x0000000057ce0000,0x0000000057de0000)]
=>0x00000000021b3000 JavaThread "main" [_thread_in_Java, id=8020, stack(0x00000000022a0000,0x00000000023a0000)]

Other Threads:
  0x0000000057041000 VMThread [stack: 0x0000000057b40000,0x0000000057c40000] [id=8084]
  0x0000000058e56800 WatcherThread [stack: 0x0000000059720000,0x0000000059820000] [id=8896]

VM state:synchronizing (normal execution)

VM Mutex/Monitor currently owned by a thread:  ([mutex/lock_event])
[0x00000000021b1900] Safepoint_lock - owner thread: 0x0000000057041000
[0x00000000021b1980] Threads_lock - owner thread: 0x0000000057041000

Heap:
 PSYoungGen      total 37888K, used 8845K [0x00000000d6000000, 0x00000000d8a00000, 0x0000000100000000)
  eden space 32768K, 11% used [0x00000000d6000000,0x00000000d63c5a40,0x00000000d8000000)
  from space 5120K, 97% used [0x00000000d8000000,0x00000000d84dda00,0x00000000d8500000)
  to   space 5120K, 0% used [0x00000000d8500000,0x00000000d8500000,0x00000000d8a00000)
 ParOldGen       total 86016K, used 8K [0x0000000082000000, 0x0000000087400000, 0x00000000d6000000)
  object space 86016K, 0% used [0x0000000082000000,0x0000000082002000,0x0000000087400000)
 Metaspace       used 10781K, capacity 11074K, committed 11136K, reserved 1058816K
  class space    used 1275K, capacity 1370K, committed 1408K, reserved 1048576K

Card table byte_map: [0x0000000011b60000,0x0000000011f60000] byte_map_base: 0x0000000011750000

Marking Bits: (ParMarkBitMap*) 0x0000000064bbc720
 Begin Bits: [0x0000000012420000, 0x00000000143a0000)
 End Bits:   [0x00000000143a0000, 0x0000000016320000)

Polling page: 0x0000000000120000

CodeCache: size=245760Kb used=3220Kb max_used=3232Kb free=242539Kb
 bounds [0x00000000027a0000, 0x0000000002ad0000, 0x00000000117a0000]
 total_blobs=1155 nmethods=846 adapters=232
 compilation: enabled

Compilation events (10 events):
Event: 30.972 Thread 0x0000000058e33800  857       3       java.util.concurrent.CopyOnWriteArrayList::size (6 bytes)
Event: 30.973 Thread 0x0000000058e33800 nmethod 857 0x0000000002ac44d0 code [0x0000000002ac4620, 0x0000000002ac4810]
Event: 30.973 Thread 0x0000000058e33800  858       3       jdk.internal.org.objectweb.asm.Label::<init> (5 bytes)
Event: 30.973 Thread 0x0000000058e33800 nmethod 858 0x0000000002ac48d0 code [0x0000000002ac4a20, 0x0000000002ac4bd0]
Event: 30.973 Thread 0x0000000058e33800  859       3       java.lang.invoke.LambdaForm$MH/1773206895::linkToTargetMethod (8 bytes)
Event: 30.974 Thread 0x0000000058e33800 nmethod 859 0x0000000002ac4c90 code [0x0000000002ac4e00, 0x0000000002ac51b8]
Event: 30.974 Thread 0x0000000058e33800  860       3       java.lang.invoke.LambdaForm$MH/1177377518::identity_L (8 bytes)
Event: 30.974 Thread 0x0000000058e33800 nmethod 860 0x0000000002ac5290 code [0x0000000002ac5400, 0x0000000002ac5690]
Event: 30.998 Thread 0x00000000570d9000  861  s    4       java.io.ByteArrayOutputStream::write (32 bytes)
Event: 31.001 Thread 0x00000000570d9000 nmethod 861 0x0000000002ac8790 code [0x0000000002ac88e0, 0x0000000002ac8d08]

GC Heap History (2 events):
Event: 29.833 GC heap before
{Heap before GC invocations=1 (full 0):
 PSYoungGen      total 37888K, used 32768K [0x00000000d6000000, 0x00000000d8a00000, 0x0000000100000000)
  eden space 32768K, 100% used [0x00000000d6000000,0x00000000d8000000,0x00000000d8000000)
  from space 5120K, 0% used [0x00000000d8500000,0x00000000d8500000,0x00000000d8a00000)
  to   space 5120K, 0% used [0x00000000d8000000,0x00000000d8000000,0x00000000d8500000)
 ParOldGen       total 86016K, used 0K [0x0000000082000000, 0x0000000087400000, 0x00000000d6000000)
  object space 86016K, 0% used [0x0000000082000000,0x0000000082000000,0x0000000087400000)
 Metaspace       used 10411K, capacity 10736K, committed 10880K, reserved 1058816K
  class space    used 1219K, capacity 1302K, committed 1408K, reserved 1048576K
Event: 29.846 GC heap after
Heap after GC invocations=1 (full 0):
 PSYoungGen      total 37888K, used 4982K [0x00000000d6000000, 0x00000000d8a00000, 0x0000000100000000)
  eden space 32768K, 0% used [0x00000000d6000000,0x00000000d6000000,0x00000000d8000000)
  from space 5120K, 97% used [0x00000000d8000000,0x00000000d84dda00,0x00000000d8500000)
  to   space 5120K, 0% used [0x00000000d8500000,0x00000000d8500000,0x00000000d8a00000)
 ParOldGen       total 86016K, used 8K [0x0000000082000000, 0x0000000087400000, 0x00000000d6000000)
  object space 86016K, 0% used [0x0000000082000000,0x0000000082002000,0x0000000087400000)
 Metaspace       used 10411K, capacity 10736K, committed 10880K, reserved 1058816K
  class space    used 1219K, capacity 1302K, committed 1408K, reserved 1048576K
}

Deoptimization events (10 events):
Event: 23.638 Thread 0x000000005989c000 Uncommon trap: reason=range_check action=none pc=0x0000000002a338cc method=sun.reflect.generics.parser.SignatureParser.current()C @ 34
Event: 23.641 Thread 0x000000005989c000 Uncommon trap: reason=range_check action=none pc=0x0000000002a338cc method=sun.reflect.generics.parser.SignatureParser.current()C @ 34
Event: 23.645 Thread 0x000000005989c000 Uncommon trap: reason=range_check action=none pc=0x0000000002a338cc method=sun.reflect.generics.parser.SignatureParser.current()C @ 34
Event: 23.672 Thread 0x00000000021b3000 Uncommon trap: reason=range_check action=none pc=0x0000000002a338cc method=sun.reflect.generics.parser.SignatureParser.current()C @ 34
Event: 23.674 Thread 0x00000000021b3000 Uncommon trap: reason=range_check action=none pc=0x0000000002a338cc method=sun.reflect.generics.parser.SignatureParser.current()C @ 34
Event: 23.676 Thread 0x00000000021b3000 Uncommon trap: reason=range_check action=none pc=0x0000000002a338cc method=sun.reflect.generics.parser.SignatureParser.current()C @ 34
Event: 24.198 Thread 0x00000000021b3000 Uncommon trap: reason=range_check action=none pc=0x0000000002a338cc method=sun.reflect.generics.parser.SignatureParser.current()C @ 34
Event: 30.969 Thread 0x000000005989c000 Uncommon trap: reason=range_check action=none pc=0x0000000002a338cc method=sun.reflect.generics.parser.SignatureParser.current()C @ 34
Event: 30.969 Thread 0x000000005989c000 Uncommon trap: reason=range_check action=none pc=0x0000000002a338cc method=sun.reflect.generics.parser.SignatureParser.current()C @ 34
Event: 30.969 Thread 0x000000005989c000 Uncommon trap: reason=range_check action=none pc=0x0000000002a338cc method=sun.reflect.generics.parser.SignatureParser.current()C @ 34

Internal exceptions (10 events):
Event: 23.639 Thread 0x000000005989c000 Exception <a 'java/lang/ArrayIndexOutOfBoundsException': 78> (0x00000000d77f91d8) thrown at [C:\re\workspace\8-2-build-windows-amd64-cygwin\jdk8u131\8869\hotspot\src\share\vm\interpreter\interpreterRuntime.cpp, line 366]
Event: 23.641 Thread 0x000000005989c000 Exception <a 'java/lang/ArrayIndexOutOfBoundsException': 179> (0x00000000d7809ee0) thrown at [C:\re\workspace\8-2-build-windows-amd64-cygwin\jdk8u131\8869\hotspot\src\share\vm\interpreter\interpreterRuntime.cpp, line 366]
Event: 23.645 Thread 0x000000005989c000 Exception <a 'java/lang/ArrayIndexOutOfBoundsException': 179> (0x00000000d7821968) thrown at [C:\re\workspace\8-2-build-windows-amd64-cygwin\jdk8u131\8869\hotspot\src\share\vm\interpreter\interpreterRuntime.cpp, line 366]
Event: 23.672 Thread 0x00000000021b3000 Exception <a 'java/lang/ArrayIndexOutOfBoundsException': 60> (0x00000000d7724490) thrown at [C:\re\workspace\8-2-build-windows-amd64-cygwin\jdk8u131\8869\hotspot\src\share\vm\interpreter\interpreterRuntime.cpp, line 366]
Event: 23.674 Thread 0x00000000021b3000 Exception <a 'java/lang/ArrayIndexOutOfBoundsException': 80> (0x00000000d772ae80) thrown at [C:\re\workspace\8-2-build-windows-amd64-cygwin\jdk8u131\8869\hotspot\src\share\vm\interpreter\interpreterRuntime.cpp, line 366]
Event: 23.676 Thread 0x00000000021b3000 Exception <a 'java/lang/ArrayIndexOutOfBoundsException': 84> (0x00000000d7731778) thrown at [C:\re\workspace\8-2-build-windows-amd64-cygwin\jdk8u131\8869\hotspot\src\share\vm\interpreter\interpreterRuntime.cpp, line 366]
Event: 24.198 Thread 0x00000000021b3000 Exception <a 'java/lang/ArrayIndexOutOfBoundsException': 115> (0x00000000d77822a0) thrown at [C:\re\workspace\8-2-build-windows-amd64-cygwin\jdk8u131\8869\hotspot\src\share\vm\interpreter\interpreterRuntime.cpp, line 366]
Event: 30.969 Thread 0x000000005989c000 Exception <a 'java/lang/ArrayIndexOutOfBoundsException': 108> (0x00000000d6237ce8) thrown at [C:\re\workspace\8-2-build-windows-amd64-cygwin\jdk8u131\8869\hotspot\src\share\vm\interpreter\interpreterRuntime.cpp, line 366]
Event: 30.969 Thread 0x000000005989c000 Exception <a 'java/lang/ArrayIndexOutOfBoundsException': 65> (0x00000000d6238d98) thrown at [C:\re\workspace\8-2-build-windows-amd64-cygwin\jdk8u131\8869\hotspot\src\share\vm\interpreter\interpreterRuntime.cpp, line 366]
Event: 30.969 Thread 0x000000005989c000 Exception <a 'java/lang/ArrayIndexOutOfBoundsException': 40> (0x00000000d6239a18) thrown at [C:\re\workspace\8-2-build-windows-amd64-cygwin\jdk8u131\8869\hotspot\src\share\vm\interpreter\interpreterRuntime.cpp, line 366]

Events (10 events):
Event: 31.078 Thread 0x00000000021b3000 DEOPT UNPACKING pc=0x00000000027e71bf sp=0x0000000002397540 mode 1
Event: 31.078 Thread 0x00000000021b3000 DEOPT PACKING pc=0x000000000292431c sp=0x0000000002397870
Event: 31.078 Thread 0x00000000021b3000 DEOPT UNPACKING pc=0x00000000027e71bf sp=0x0000000002397690 mode 1
Event: 31.078 Thread 0x00000000021b3000 DEOPT PACKING pc=0x00000000029240b4 sp=0x0000000002397a00
Event: 31.078 Thread 0x00000000021b3000 DEOPT UNPACKING pc=0x00000000027e71bf sp=0x0000000002397820 mode 1
Event: 31.081 loading class org/springframework/beans/TypeConverterDelegate
Event: 31.081 loading class org/springframework/beans/TypeConverterDelegate done
Event: 31.081 Thread 0x00000000021b3000 DEOPT PACKING pc=0x00000000029477b1 sp=0x000000000239cfd0
Event: 31.081 Thread 0x00000000021b3000 DEOPT UNPACKING pc=0x00000000027e71bf sp=0x000000000239cd20 mode 1
Event: 31.081 Thread 0x00000000021b3000 DEOPT PACKING pc=0x000000000292431c sp=0x000000000239d050


Dynamic libraries:
0x000000013f810000 - 0x000000013f847000 	C:\Program Files\Java\jdk1.8.0_131\bin\javaw.exe
0x0000000077030000 - 0x00000000771da000 	C:\Windows\SYSTEM32\ntdll.dll
0x0000000076e10000 - 0x0000000076f2f000 	C:\Windows\system32\kernel32.dll
0x000007fefce50000 - 0x000007fefceba000 	C:\Windows\system32\KERNELBASE.dll
0x000007fefefa0000 - 0x000007feff07b000 	C:\Windows\system32\ADVAPI32.dll
0x000007fefed70000 - 0x000007fefee0f000 	C:\Windows\system32\msvcrt.dll
0x000007fefe9c0000 - 0x000007fefe9df000 	C:\Windows\SYSTEM32\sechost.dll
0x000007fefec40000 - 0x000007fefed6d000 	C:\Windows\system32\RPCRT4.dll
0x0000000076f30000 - 0x000000007702a000 	C:\Windows\system32\USER32.dll
0x000007fefe920000 - 0x000007fefe987000 	C:\Windows\system32\GDI32.dll
0x000007fefe910000 - 0x000007fefe91e000 	C:\Windows\system32\LPK.dll
0x000007fefd620000 - 0x000007fefd6ea000 	C:\Windows\system32\USP10.dll
0x000007fefb800000 - 0x000007fefb9f4000 	C:\Windows\WinSxS\amd64_microsoft.windows.common-controls_6595b64144ccf1df_6.0.7601.18837_none_fa3b1e3d17594757\COMCTL32.dll
0x000007fefee10000 - 0x000007fefee81000 	C:\Windows\system32\SHLWAPI.dll
0x000007fefe990000 - 0x000007fefe9be000 	C:\Windows\system32\IMM32.DLL
0x000007fefee90000 - 0x000007fefef99000 	C:\Windows\system32\MSCTF.dll
0x00000000709b0000 - 0x0000000070a82000 	C:\Program Files\Java\jdk1.8.0_131\jre\bin\msvcr100.dll
0x00000000643a0000 - 0x0000000064c3c000 	C:\Program Files\Java\jdk1.8.0_131\jre\bin\server\jvm.dll
0x000007fef95f0000 - 0x000007fef95f9000 	C:\Windows\system32\WSOCK32.dll
0x000007fefebf0000 - 0x000007fefec3d000 	C:\Windows\system32\WS2_32.dll
0x000007fefe900000 - 0x000007fefe908000 	C:\Windows\system32\NSI.dll
0x000007fefad00000 - 0x000007fefad3b000 	C:\Windows\system32\WINMM.dll
0x000007fefbe90000 - 0x000007fefbe9c000 	C:\Windows\system32\VERSION.dll
0x00000000771f0000 - 0x00000000771f7000 	C:\Windows\system32\PSAPI.DLL
0x0000000071b30000 - 0x0000000071b3f000 	C:\Program Files\Java\jdk1.8.0_131\jre\bin\verify.dll
0x0000000070b50000 - 0x0000000070b79000 	C:\Program Files\Java\jdk1.8.0_131\jre\bin\java.dll
0x00000000704e0000 - 0x0000000070515000 	C:\Program Files\Java\jdk1.8.0_131\jre\bin\jdwp.dll
0x0000000071040000 - 0x0000000071048000 	C:\Program Files\Java\jdk1.8.0_131\jre\bin\npt.dll
0x0000000070db0000 - 0x0000000070dc6000 	C:\Program Files\Java\jdk1.8.0_131\jre\bin\zip.dll
0x000007fefd980000 - 0x000007fefe70c000 	C:\Windows\system32\SHELL32.dll
0x000007fefe9e0000 - 0x000007fefebe3000 	C:\Windows\system32\ole32.dll
0x000007fefcdc0000 - 0x000007fefcdcf000 	C:\Windows\system32\profapi.dll
0x0000000070930000 - 0x0000000070939000 	C:\Program Files\Java\jdk1.8.0_131\jre\bin\dt_socket.dll
0x000007fefac80000 - 0x000007fefac95000 	C:\Windows\system32\NLAapi.dll
0x000007fef9a40000 - 0x000007fef9a55000 	C:\Windows\system32\napinsp.dll
0x000007fef9a20000 - 0x000007fef9a39000 	C:\Windows\system32\pnrpnsp.dll
0x000007fefc480000 - 0x000007fefc4d5000 	C:\Windows\System32\mswsock.dll
0x000007fefc370000 - 0x000007fefc3cb000 	C:\Windows\system32\DNSAPI.dll
0x000007fef99c0000 - 0x000007fef99cb000 	C:\Windows\System32\winrnr.dll
0x00000000748b0000 - 0x00000000748de000 	C:\Program Files\Common Files\Microsoft Shared\Windows Live\WLIDNSP.DLL
0x000007fefa8e0000 - 0x000007fefa907000 	C:\Windows\system32\IPHLPAPI.DLL
0x000007fefa820000 - 0x000007fefa82b000 	C:\Windows\system32\WINNSI.DLL
0x000007fefa750000 - 0x000007fefa7a3000 	C:\Windows\System32\fwpuclnt.dll
0x000007fef9a60000 - 0x000007fef9a68000 	C:\Windows\system32\rasadhlp.dll
0x000007fefbf60000 - 0x000007fefbf67000 	C:\Windows\System32\wshtcpip.dll

VM Arguments:
jvm_args: -agentlib:jdwp=transport=dt_socket,suspend=y,address=localhost:50049 -Dfile.encoding=UTF-8 
java_command: myactivities.myactivities.MyactivitiesApplication
java_class_path (initial): C:\Program Files\Java\jdk1.8.0_131\jre\lib\resources.jar;C:\Program Files\Java\jdk1.8.0_131\jre\lib\rt.jar;C:\Program Files\Java\jdk1.8.0_131\jre\lib\jsse.jar;C:\Program Files\Java\jdk1.8.0_131\jre\lib\jce.jar;C:\Program Files\Java\jdk1.8.0_131\jre\lib\charsets.jar;C:\Program Files\Java\jdk1.8.0_131\jre\lib\jfr.jar;C:\Program Files\Java\jdk1.8.0_131\jre\lib\ext\access-bridge-64.jar;C:\Program Files\Java\jdk1.8.0_131\jre\lib\ext\cldrdata.jar;C:\Program Files\Java\jdk1.8.0_131\jre\lib\ext\dnsns.jar;C:\Program Files\Java\jdk1.8.0_131\jre\lib\ext\jaccess.jar;C:\Program Files\Java\jdk1.8.0_131\jre\lib\ext\jfxrt.jar;C:\Program Files\Java\jdk1.8.0_131\jre\lib\ext\localedata.jar;C:\Program Files\Java\jdk1.8.0_131\jre\lib\ext\nashorn.jar;C:\Program Files\Java\jdk1.8.0_131\jre\lib\ext\sunec.jar;C:\Program Files\Java\jdk1.8.0_131\jre\lib\ext\sunjce_provider.jar;C:\Program Files\Java\jdk1.8.0_131\jre\lib\ext\sunmscapi.jar;C:\Program Files\Java\jdk1.8.0_131\jre\lib\ext\sunpkcs11.jar;C:\Program Files\Java\jdk1.8.0_131\jre\lib\ext\zipfs.jar;F:\ProgrammationBD\TD\dutinfo1-myactivities-Favettou\target\classes;C:\Users\ambre.favetto\.m2\repository\org\springframework\boot\spring-boot-starter-jdbc\2.1.2.RELEASE\spring-boot-starter-jdbc-2.1.2.RELEASE.jar;C:\Users\ambre.favetto\.m2\repository\org\springframework\boot\spring-boot-starter\2.1.2.RELEASE\spring-boot-starter-2.1.2.RELEASE.jar;C:\Users\ambre.favetto\.m2\repository\org\springframework\boot\spring-boot\2.1.2.RELEASE\spring-boot-2.1.2.RELEASE.jar;C:\Users\ambre.favetto\.m2\repository\org\springframework\boot\spring-boot-autoconfigure\2.1.2.RELEASE\spring-boot-autoconfigure-2.1.2.RELEASE.jar;C:\Users\ambre.favetto\.m2\repository\org\springframework\boot\spring-boot-starter-logging\2.1.2.RELEASE\spring-boot-starter-logging-2.1.2.RELEASE.jar;C:\Users\ambre.favetto\.m2\repository\ch\qos\logback\logback-classic\1.2.3\logback-classic-1.2.3.jar;C:\Users\ambre.favetto\.m2\repository\ch\qos\logback\logback-co
Launcher Type: SUN_STANDARD

Environment Variables:
PATH=C:\Program Files\Java\jdk1.8.0_131\jre\bin;C:\Windows\system32;C:\Windows;C:\Windows\System32\Wbem;C:\Program Files (x86)\Java\jdk1.8.0_131\bin;C:\ProgramData\Oracle\Java\javapath;C:\oracle\product\10.2.0\client_1\bin;C:\Windows\System32\WindowsPowerShell\v1.0\;c:\Program Files (x86)\Microsoft SQL Server\100\Tools\Binn\;c:\Program Files\Microsoft SQL Server\100\Tools\Binn\;c:\Program Files\Microsoft SQL Server\100\DTS\Binn\;C:\Program Files\Microsoft\Web Platform Installer\;C:\Program Files (x86)\Microsoft ASP.NET\ASP.NET Web Pages\v1.0\;C:\Program Files\Microsoft SQL Server\110\Tools\Binn\;C:\Program Files (x86)\Windows Kits\8.0\Windows Performance Toolkit\;C:\Program Files\Git\cmd
USERNAME=ambre.favetto
OS=Windows_NT
PROCESSOR_IDENTIFIER=Intel64 Family 6 Model 23 Stepping 10, GenuineIntel



---------------  S Y S T E M  ---------------

OS: Windows 7 , 64 bit Build 7601 (6.1.7601.23418)

CPU:total 2 (initial active 2) (2 cores per cpu, 1 threads per core) family 6 model 23 stepping 10, cmov, cx8, fxsr, mmx, sse, sse2, sse3, ssse3, tsc

Memory: 4k page, physical 8256764k(3137500k free), swap 12362800k(18308k free)

vm_info: Java HotSpot(TM) 64-Bit Server VM (25.131-b11) for windows-amd64 JRE (1.8.0_131-b11), built on Mar 15 2017 01:23:53 by "java_re" with MS VC++ 10.0 (VS2010)

time: Wed Apr 17 13:43:36 2019
elapsed time: 31 seconds (0d 0h 0m 31s)

