#
# There is insufficient memory for the Java Runtime Environment to continue.
# Native memory allocation (malloc) failed to allocate 32744 bytes for ChunkPool::allocate
# Possible reasons:
#   The system is out of physical RAM or swap space
#   In 32 bit mode, the process size limit was hit
# Possible solutions:
#   Reduce memory load on the system
#   Increase physical memory or swap space
#   Check if swap backing store is full
#   Use 64 bit Java on a 64 bit OS
#   Decrease Java heap size (-Xmx/-Xms)
#   Decrease number of Java threads
#   Decrease Java thread stack sizes (-Xss)
#   Set larger code cache with -XX:ReservedCodeCacheSize=
# This output file may be truncated or incomplete.
#
#  Out of Memory Error (allocation.cpp:273), pid=6156, tid=0x0000000000001dc8
#
# JRE version: Java(TM) SE Runtime Environment (8.0_131-b11) (build 1.8.0_131-b11)
# Java VM: Java HotSpot(TM) 64-Bit Server VM (25.131-b11 mixed mode windows-amd64 compressed oops)
# Failed to write core dump. Minidumps are not enabled by default on client versions of Windows
#

---------------  T H R E A D  ---------------

Current thread (0x0000000057299000):  JavaThread "C2 CompilerThread0" daemon [_thread_in_native, id=7624, stack(0x0000000058d50000,0x0000000058e50000)]

Stack: [0x0000000058d50000,0x0000000058e50000]
[error occurred during error reporting (printing stack bounds), id 0xc0000005]

Native frames: (J=compiled Java code, j=interpreted, Vv=VM code, C=native code)


Current CompileTask:
C2:  74546 1059   !   4       java.net.URL::<init> (543 bytes)


---------------  P R O C E S S  ---------------

Java Threads: ( => current thread )
  0x000000005966a800 JavaThread "background-preinit" [_thread_in_vm, id=8992, stack(0x0000000059cf0000,0x0000000059df0000)]
  0x0000000058e75800 JavaThread "Service Thread" daemon [_thread_blocked, id=7680, stack(0x00000000593f0000,0x00000000594f0000)]
  0x0000000058e73800 JavaThread "C1 CompilerThread1" daemon [_thread_blocked, id=7660, stack(0x0000000059250000,0x0000000059350000)]
=>0x0000000057299000 JavaThread "C2 CompilerThread0" daemon [_thread_in_native, id=7624, stack(0x0000000058d50000,0x0000000058e50000)]
  0x0000000057286800 JavaThread "JDWP Command Reader" daemon [_thread_in_native, id=7340, stack(0x0000000058ab0000,0x0000000058bb0000)]
  0x0000000057285000 JavaThread "JDWP Event Helper Thread" daemon [_thread_blocked, id=7280, stack(0x0000000058610000,0x0000000058710000)]
  0x0000000057280800 JavaThread "JDWP Transport Listener: dt_socket" daemon [_thread_blocked, id=7276, stack(0x0000000058880000,0x0000000058980000)]
  0x0000000057271000 JavaThread "Attach Listener" daemon [_thread_blocked, id=4776, stack(0x00000000580a0000,0x00000000581a0000)]
  0x000000005726f800 JavaThread "Signal Dispatcher" daemon [_thread_blocked, id=1436, stack(0x00000000581a0000,0x00000000582a0000)]
  0x0000000057252000 JavaThread "Finalizer" daemon [_thread_blocked, id=5524, stack(0x0000000057e20000,0x0000000057f20000)]
  0x0000000057209000 JavaThread "Reference Handler" daemon [_thread_blocked, id=6604, stack(0x0000000057b50000,0x0000000057c50000)]
  0x00000000021d3000 JavaThread "main" [_thread_blocked, id=5816, stack(0x0000000002300000,0x0000000002400000)]

Other Threads:
  0x0000000057201000 VMThread [stack: 0x0000000057cd0000,0x0000000057dd0000] [id=6192]
  0x0000000058e94800 WatcherThread [stack: 0x0000000058bc0000,0x0000000058cc0000] [id=7684]

VM state:not at safepoint (normal execution)

VM Mutex/Monitor currently owned by a thread: None

Heap:
 PSYoungGen      total 37888K, used 7172K [0x00000000d6000000, 0x00000000d8a00000, 0x0000000100000000)
  eden space 32768K, 6% used [0x00000000d6000000,0x00000000d62012e8,0x00000000d8000000)
  from space 5120K, 99% used [0x00000000d8500000,0x00000000d89fffd0,0x00000000d8a00000)
  to   space 5120K, 0% used [0x00000000d8000000,0x00000000d8000000,0x00000000d8500000)
 ParOldGen       total 86016K, used 2045K [0x0000000082000000, 0x0000000087400000, 0x00000000d6000000)
  object space 86016K, 2% used [0x0000000082000000,0x00000000821ff758,0x0000000087400000)
 Metaspace       used 15659K, capacity 16044K, committed 16384K, reserved 1062912K
  class space    used 1876K, capacity 1996K, committed 2048K, reserved 1048576K

Card table byte_map: [0x0000000011b60000,0x0000000011f60000] byte_map_base: 0x0000000011750000

Marking Bits: (ParMarkBitMap*) 0x0000000064bbc720
 Begin Bits: [0x00000000125e0000, 0x0000000014560000)
 End Bits:   [0x0000000014560000, 0x00000000164e0000)

Polling page: 0x0000000000130000

CodeCache: size=245760Kb used=3502Kb max_used=3510Kb free=242257Kb
 bounds [0x00000000027a0000, 0x0000000002b10000, 0x00000000117a0000]
 total_blobs=1330 nmethods=1011 adapters=242
 compilation: enabled

Compilation events (10 events):
Event: 73.972 Thread 0x0000000058e73800 nmethod 1054 0x0000000002b08610 code [0x0000000002b088a0, 0x0000000002b09b98]
Event: 74.008 Thread 0x0000000058e73800 1055       3       java.lang.invoke.MethodHandleNatives::refKindIsField (32 bytes)
Event: 74.008 Thread 0x0000000057299000 1056       4       java.lang.String::regionMatches (149 bytes)
Event: 74.009 Thread 0x0000000058e73800 nmethod 1055 0x0000000002b0a0d0 code [0x0000000002b0a220, 0x0000000002b0a3d0]
Event: 74.020 Thread 0x0000000057299000 nmethod 1056 0x0000000002b0db90 code [0x0000000002b0dd00, 0x0000000002b0e7f8]
Event: 74.218 Thread 0x0000000058e73800 1058       3       jdk.internal.org.objectweb.asm.MethodWriter::visitLabel (281 bytes)
Event: 74.219 Thread 0x0000000058e73800 nmethod 1058 0x0000000002b0cf90 code [0x0000000002b0d140, 0x0000000002b0d908]
Event: 74.219 Thread 0x0000000058e73800 1057       3       jdk.internal.org.objectweb.asm.MethodWriter::noSuccessor (87 bytes)
Event: 74.220 Thread 0x0000000058e73800 nmethod 1057 0x0000000002b0c710 code [0x0000000002b0c8a0, 0x0000000002b0cd68]
Event: 74.473 Thread 0x0000000057299000 1059   !   4       java.net.URL::<init> (543 bytes)

GC Heap History (4 events):
Event: 39.256 GC heap before
{Heap before GC invocations=1 (full 0):
 PSYoungGen      total 37888K, used 32768K [0x00000000d6000000, 0x00000000d8a00000, 0x0000000100000000)
  eden space 32768K, 100% used [0x00000000d6000000,0x00000000d8000000,0x00000000d8000000)
  from space 5120K, 0% used [0x00000000d8500000,0x00000000d8500000,0x00000000d8a00000)
  to   space 5120K, 0% used [0x00000000d8000000,0x00000000d8000000,0x00000000d8500000)
 ParOldGen       total 86016K, used 0K [0x0000000082000000, 0x0000000087400000, 0x00000000d6000000)
  object space 86016K, 0% used [0x0000000082000000,0x0000000082000000,0x0000000087400000)
 Metaspace       used 10545K, capacity 10864K, committed 11136K, reserved 1058816K
  class space    used 1234K, capacity 1342K, committed 1408K, reserved 1048576K
Event: 39.428 GC heap after
Heap after GC invocations=1 (full 0):
 PSYoungGen      total 37888K, used 5095K [0x00000000d6000000, 0x00000000d8a00000, 0x0000000100000000)
  eden space 32768K, 0% used [0x00000000d6000000,0x00000000d6000000,0x00000000d8000000)
  from space 5120K, 99% used [0x00000000d8000000,0x00000000d84f9e00,0x00000000d8500000)
  to   space 5120K, 0% used [0x00000000d8500000,0x00000000d8500000,0x00000000d8a00000)
 ParOldGen       total 86016K, used 46K [0x0000000082000000, 0x0000000087400000, 0x00000000d6000000)
  object space 86016K, 0% used [0x0000000082000000,0x000000008200b8b0,0x0000000087400000)
 Metaspace       used 10545K, capacity 10864K, committed 11136K, reserved 1058816K
  class space    used 1234K, capacity 1342K, committed 1408K, reserved 1048576K
}
Event: 74.077 GC heap before
{Heap before GC invocations=2 (full 0):
 PSYoungGen      total 37888K, used 37863K [0x00000000d6000000, 0x00000000d8a00000, 0x0000000100000000)
  eden space 32768K, 100% used [0x00000000d6000000,0x00000000d8000000,0x00000000d8000000)
  from space 5120K, 99% used [0x00000000d8000000,0x00000000d84f9e00,0x00000000d8500000)
  to   space 5120K, 0% used [0x00000000d8500000,0x00000000d8500000,0x00000000d8a00000)
 ParOldGen       total 86016K, used 46K [0x0000000082000000, 0x0000000087400000, 0x00000000d6000000)
  object space 86016K, 0% used [0x0000000082000000,0x000000008200b8b0,0x0000000087400000)
 Metaspace       used 15435K, capacity 15846K, committed 16128K, reserved 1062912K
  class space    used 1851K, capacity 1993K, committed 2048K, reserved 1048576K
Event: 74.122 GC heap after
Heap after GC invocations=2 (full 0):
 PSYoungGen      total 37888K, used 5119K [0x00000000d6000000, 0x00000000d8a00000, 0x0000000100000000)
  eden space 32768K, 0% used [0x00000000d6000000,0x00000000d6000000,0x00000000d8000000)
  from space 5120K, 99% used [0x00000000d8500000,0x00000000d89fffd0,0x00000000d8a00000)
  to   space 5120K, 0% used [0x00000000d8000000,0x00000000d8000000,0x00000000d8500000)
 ParOldGen       total 86016K, used 2045K [0x0000000082000000, 0x0000000087400000, 0x00000000d6000000)
  object space 86016K, 2% used [0x0000000082000000,0x00000000821ff758,0x0000000087400000)
 Metaspace       used 15435K, capacity 15846K, committed 16128K, reserved 1062912K
  class space    used 1851K, capacity 1993K, committed 2048K, reserved 1048576K
}

Deoptimization events (10 events):
Event: 32.670 Thread 0x00000000021d3000 Uncommon trap: reason=range_check action=none pc=0x0000000002a3ab0c method=sun.reflect.generics.parser.SignatureParser.current()C @ 34
Event: 33.361 Thread 0x00000000021d3000 Uncommon trap: reason=unstable_if action=reinterpret pc=0x0000000002a2ca68 method=java.util.HashMap.hash(Ljava/lang/Object;)I @ 1
Event: 46.193 Thread 0x000000005966a800 Uncommon trap: reason=unstable_if action=reinterpret pc=0x0000000002addd24 method=java.util.jar.Manifest$FastInputStream.readLine([BII)I @ 87
Event: 73.773 Thread 0x00000000021d3000 Uncommon trap: reason=range_check action=none pc=0x0000000002a3ab0c method=sun.reflect.generics.parser.SignatureParser.current()C @ 34
Event: 73.774 Thread 0x00000000021d3000 Uncommon trap: reason=range_check action=none pc=0x0000000002a3ab0c method=sun.reflect.generics.parser.SignatureParser.current()C @ 34
Event: 73.774 Thread 0x00000000021d3000 Uncommon trap: reason=range_check action=none pc=0x0000000002a3ab0c method=sun.reflect.generics.parser.SignatureParser.current()C @ 34
Event: 73.776 Thread 0x00000000021d3000 Uncommon trap: reason=range_check action=none pc=0x0000000002a3ab0c method=sun.reflect.generics.parser.SignatureParser.current()C @ 34
Event: 73.790 Thread 0x00000000021d3000 Uncommon trap: reason=range_check action=none pc=0x0000000002a3ab0c method=sun.reflect.generics.parser.SignatureParser.current()C @ 34
Event: 73.825 Thread 0x00000000021d3000 Uncommon trap: reason=range_check action=none pc=0x0000000002a3ab0c method=sun.reflect.generics.parser.SignatureParser.current()C @ 34
Event: 73.825 Thread 0x00000000021d3000 Uncommon trap: reason=range_check action=none pc=0x0000000002a3ab0c method=sun.reflect.generics.parser.SignatureParser.current()C @ 34

Internal exceptions (10 events):
Event: 43.127 Thread 0x000000005966a800 Exception <a 'java/lang/OutOfMemoryError'> (0x00000000d643cb30) thrown at [C:\re\workspace\8-2-build-windows-amd64-cygwin\jdk8u131\8869\hotspot\src\share\vm\prims\jvm.cpp, line 1394]
Event: 43.177 Thread 0x000000005966a800 Exception <a 'java/lang/OutOfMemoryError'> (0x00000000d643cb30) thrown at [C:\re\workspace\8-2-build-windows-amd64-cygwin\jdk8u131\8869\hotspot\src\share\vm\oops\instanceKlass.cpp, line 964]
Event: 73.773 Thread 0x00000000021d3000 Exception <a 'java/lang/ArrayIndexOutOfBoundsException': 173> (0x00000000d7ec1808) thrown at [C:\re\workspace\8-2-build-windows-amd64-cygwin\jdk8u131\8869\hotspot\src\share\vm\interpreter\interpreterRuntime.cpp, line 366]
Event: 73.774 Thread 0x00000000021d3000 Exception <a 'java/lang/ArrayIndexOutOfBoundsException': 83> (0x00000000d7ec28c0) thrown at [C:\re\workspace\8-2-build-windows-amd64-cygwin\jdk8u131\8869\hotspot\src\share\vm\interpreter\interpreterRuntime.cpp, line 366]
Event: 73.774 Thread 0x00000000021d3000 Exception <a 'java/lang/ArrayIndexOutOfBoundsException': 173> (0x00000000d7ec5270) thrown at [C:\re\workspace\8-2-build-windows-amd64-cygwin\jdk8u131\8869\hotspot\src\share\vm\interpreter\interpreterRuntime.cpp, line 366]
Event: 73.776 Thread 0x00000000021d3000 Exception <a 'java/lang/ArrayIndexOutOfBoundsException': 173> (0x00000000d7ed0490) thrown at [C:\re\workspace\8-2-build-windows-amd64-cygwin\jdk8u131\8869\hotspot\src\share\vm\interpreter\interpreterRuntime.cpp, line 366]
Event: 73.790 Thread 0x00000000021d3000 Exception <a 'java/lang/ArrayIndexOutOfBoundsException': 139> (0x00000000d7ed8710) thrown at [C:\re\workspace\8-2-build-windows-amd64-cygwin\jdk8u131\8869\hotspot\src\share\vm\interpreter\interpreterRuntime.cpp, line 366]
Event: 73.825 Thread 0x00000000021d3000 Exception <a 'java/lang/ArrayIndexOutOfBoundsException': 254> (0x00000000d7ef01c0) thrown at [C:\re\workspace\8-2-build-windows-amd64-cygwin\jdk8u131\8869\hotspot\src\share\vm\interpreter\interpreterRuntime.cpp, line 366]
Event: 73.825 Thread 0x00000000021d3000 Exception <a 'java/lang/ArrayIndexOutOfBoundsException': 139> (0x00000000d7ef1fd8) thrown at [C:\re\workspace\8-2-build-windows-amd64-cygwin\jdk8u131\8869\hotspot\src\share\vm\interpreter\interpreterRuntime.cpp, line 366]
Event: 74.426 Thread 0x00000000021d3000 Exception <a 'java/lang/NoSuchMethodError': org.slf4j.impl.StaticMDCBinder.getSingleton()Lorg/slf4j/impl/StaticMDCBinder;> (0x00000000d6091a00) thrown at [C:\re\workspace\8-2-build-windows-amd64-cygwin\jdk8u131\8869\hotspot\src\share\vm\interpreter\linkRe

Events (10 events):
Event: 74.412 Thread 0x000000005966a800 DEOPT PACKING pc=0x000000000291e3b4 sp=0x0000000059ded2b0
Event: 74.412 Thread 0x000000005966a800 DEOPT UNPACKING pc=0x00000000027e71bf sp=0x0000000059ded0d0 mode 1
Event: 74.467 loading class com/fasterxml/jackson/databind/ser/std/NumberSerializers
Event: 74.467 loading class com/fasterxml/jackson/databind/ser/std/NumberSerializers done
Event: 74.467 Thread 0x000000005966a800 DEOPT PACKING pc=0x0000000002946bf1 sp=0x0000000059dece00
Event: 74.467 Thread 0x000000005966a800 DEOPT UNPACKING pc=0x00000000027e71bf sp=0x0000000059decb50 mode 1
Event: 74.467 Thread 0x000000005966a800 DEOPT PACKING pc=0x000000000291e61c sp=0x0000000059dece80
Event: 74.467 Thread 0x000000005966a800 DEOPT UNPACKING pc=0x00000000027e71bf sp=0x0000000059decca0 mode 1
Event: 74.467 Thread 0x000000005966a800 DEOPT PACKING pc=0x000000000291e3b4 sp=0x0000000059ded010
Event: 74.467 Thread 0x000000005966a800 DEOPT UNPACKING pc=0x00000000027e71bf sp=0x0000000059dece30 mode 1


Dynamic libraries:
0x000000013f810000 - 0x000000013f847000 	C:\Program Files\Java\jdk1.8.0_131\bin\javaw.exe
0x0000000077030000 - 0x00000000771da000 	C:\Windows\SYSTEM32\ntdll.dll
0x0000000076e10000 - 0x0000000076f2f000 	C:\Windows\system32\kernel32.dll
0x000007fefce50000 - 0x000007fefceba000 	C:\Windows\system32\KERNELBASE.dll
0x000007fefefa0000 - 0x000007feff07b000 	C:\Windows\system32\ADVAPI32.dll
0x000007fefed70000 - 0x000007fefee0f000 	C:\Windows\system32\msvcrt.dll
0x000007fefe9c0000 - 0x000007fefe9df000 	C:\Windows\SYSTEM32\sechost.dll
0x000007fefec40000 - 0x000007fefed6d000 	C:\Windows\system32\RPCRT4.dll
0x0000000076f30000 - 0x000000007702a000 	C:\Windows\system32\USER32.dll
0x000007fefe920000 - 0x000007fefe987000 	C:\Windows\system32\GDI32.dll
0x000007fefe910000 - 0x000007fefe91e000 	C:\Windows\system32\LPK.dll
0x000007fefd620000 - 0x000007fefd6ea000 	C:\Windows\system32\USP10.dll
0x000007fefb800000 - 0x000007fefb9f4000 	C:\Windows\WinSxS\amd64_microsoft.windows.common-controls_6595b64144ccf1df_6.0.7601.18837_none_fa3b1e3d17594757\COMCTL32.dll
0x000007fefee10000 - 0x000007fefee81000 	C:\Windows\system32\SHLWAPI.dll
0x000007fefe990000 - 0x000007fefe9be000 	C:\Windows\system32\IMM32.DLL
0x000007fefee90000 - 0x000007fefef99000 	C:\Windows\system32\MSCTF.dll
0x00000000709b0000 - 0x0000000070a82000 	C:\Program Files\Java\jdk1.8.0_131\jre\bin\msvcr100.dll
0x00000000643a0000 - 0x0000000064c3c000 	C:\Program Files\Java\jdk1.8.0_131\jre\bin\server\jvm.dll
0x000007fef95f0000 - 0x000007fef95f9000 	C:\Windows\system32\WSOCK32.dll
0x000007fefebf0000 - 0x000007fefec3d000 	C:\Windows\system32\WS2_32.dll
0x000007fefe900000 - 0x000007fefe908000 	C:\Windows\system32\NSI.dll
0x000007fefad00000 - 0x000007fefad3b000 	C:\Windows\system32\WINMM.dll
0x000007fefbe90000 - 0x000007fefbe9c000 	C:\Windows\system32\VERSION.dll
0x00000000771f0000 - 0x00000000771f7000 	C:\Windows\system32\PSAPI.DLL
0x0000000071b30000 - 0x0000000071b3f000 	C:\Program Files\Java\jdk1.8.0_131\jre\bin\verify.dll
0x0000000070b50000 - 0x0000000070b79000 	C:\Program Files\Java\jdk1.8.0_131\jre\bin\java.dll
0x00000000704e0000 - 0x0000000070515000 	C:\Program Files\Java\jdk1.8.0_131\jre\bin\jdwp.dll
0x0000000071040000 - 0x0000000071048000 	C:\Program Files\Java\jdk1.8.0_131\jre\bin\npt.dll
0x0000000070db0000 - 0x0000000070dc6000 	C:\Program Files\Java\jdk1.8.0_131\jre\bin\zip.dll
0x000007fefd980000 - 0x000007fefe70c000 	C:\Windows\system32\SHELL32.dll
0x000007fefe9e0000 - 0x000007fefebe3000 	C:\Windows\system32\ole32.dll
0x000007fefcdc0000 - 0x000007fefcdcf000 	C:\Windows\system32\profapi.dll
0x0000000070930000 - 0x0000000070939000 	C:\Program Files\Java\jdk1.8.0_131\jre\bin\dt_socket.dll
0x000007fefac80000 - 0x000007fefac95000 	C:\Windows\system32\NLAapi.dll
0x000007fef9a40000 - 0x000007fef9a55000 	C:\Windows\system32\napinsp.dll
0x000007fef9a20000 - 0x000007fef9a39000 	C:\Windows\system32\pnrpnsp.dll
0x000007fefc480000 - 0x000007fefc4d5000 	C:\Windows\System32\mswsock.dll
0x000007fefc370000 - 0x000007fefc3cb000 	C:\Windows\system32\DNSAPI.dll
0x000007fef99c0000 - 0x000007fef99cb000 	C:\Windows\System32\winrnr.dll
0x00000000748b0000 - 0x00000000748de000 	C:\Program Files\Common Files\Microsoft Shared\Windows Live\WLIDNSP.DLL
0x000007fefa8e0000 - 0x000007fefa907000 	C:\Windows\system32\IPHLPAPI.DLL
0x000007fefa820000 - 0x000007fefa82b000 	C:\Windows\system32\WINNSI.DLL
0x000007fefa750000 - 0x000007fefa7a3000 	C:\Windows\System32\fwpuclnt.dll
0x000007fef9a60000 - 0x000007fef9a68000 	C:\Windows\system32\rasadhlp.dll
0x000007fefbf60000 - 0x000007fefbf67000 	C:\Windows\System32\wshtcpip.dll
0x00000000710e0000 - 0x00000000710ed000 	C:\Program Files\Java\jdk1.8.0_131\jre\bin\management.dll
0x0000000070cc0000 - 0x0000000070cda000 	C:\Program Files\Java\jdk1.8.0_131\jre\bin\net.dll
0x000007fefc7b0000 - 0x000007fefc7b7000 	C:\Windows\System32\wship6.dll

VM Arguments:
jvm_args: -agentlib:jdwp=transport=dt_socket,suspend=y,address=localhost:50019 -Dfile.encoding=UTF-8 
java_command: myactivities.myactivities.MyactivitiesApplication
java_class_path (initial): C:\Program Files\Java\jdk1.8.0_131\jre\lib\resources.jar;C:\Program Files\Java\jdk1.8.0_131\jre\lib\rt.jar;C:\Program Files\Java\jdk1.8.0_131\jre\lib\jsse.jar;C:\Program Files\Java\jdk1.8.0_131\jre\lib\jce.jar;C:\Program Files\Java\jdk1.8.0_131\jre\lib\charsets.jar;C:\Program Files\Java\jdk1.8.0_131\jre\lib\jfr.jar;C:\Program Files\Java\jdk1.8.0_131\jre\lib\ext\access-bridge-64.jar;C:\Program Files\Java\jdk1.8.0_131\jre\lib\ext\cldrdata.jar;C:\Program Files\Java\jdk1.8.0_131\jre\lib\ext\dnsns.jar;C:\Program Files\Java\jdk1.8.0_131\jre\lib\ext\jaccess.jar;C:\Program Files\Java\jdk1.8.0_131\jre\lib\ext\jfxrt.jar;C:\Program Files\Java\jdk1.8.0_131\jre\lib\ext\localedata.jar;C:\Program Files\Java\jdk1.8.0_131\jre\lib\ext\nashorn.jar;C:\Program Files\Java\jdk1.8.0_131\jre\lib\ext\sunec.jar;C:\Program Files\Java\jdk1.8.0_131\jre\lib\ext\sunjce_provider.jar;C:\Program Files\Java\jdk1.8.0_131\jre\lib\ext\sunmscapi.jar;C:\Program Files\Java\jdk1.8.0_131\jre\lib\ext\sunpkcs11.jar;C:\Program Files\Java\jdk1.8.0_131\jre\lib\ext\zipfs.jar;F:\ProgrammationBD\TD\dutinfo1-myactivities-Favettou\target\classes;C:\Users\ambre.favetto\.m2\repository\org\springframework\boot\spring-boot-starter-jdbc\2.1.2.RELEASE\spring-boot-starter-jdbc-2.1.2.RELEASE.jar;C:\Users\ambre.favetto\.m2\repository\org\springframework\boot\spring-boot-starter\2.1.2.RELEASE\spring-boot-starter-2.1.2.RELEASE.jar;C:\Users\ambre.favetto\.m2\repository\org\springframework\boot\spring-boot\2.1.2.RELEASE\spring-boot-2.1.2.RELEASE.jar;C:\Users\ambre.favetto\.m2\repository\org\springframework\boot\spring-boot-autoconfigure\2.1.2.RELEASE\spring-boot-autoconfigure-2.1.2.RELEASE.jar;C:\Users\ambre.favetto\.m2\repository\org\springframework\boot\spring-boot-starter-logging\2.1.2.RELEASE\spring-boot-starter-logging-2.1.2.RELEASE.jar;C:\Users\ambre.favetto\.m2\repository\ch\qos\logback\logback-classic\1.2.3\logback-classic-1.2.3.jar;C:\Users\ambre.favetto\.m2\repository\ch\qos\logback\logback-co
Launcher Type: SUN_STANDARD

Environment Variables:
PATH=C:\Program Files\Java\jdk1.8.0_131\jre\bin;C:\Windows\system32;C:\Windows;C:\Windows\System32\Wbem;C:\Program Files (x86)\Java\jdk1.8.0_131\bin;C:\ProgramData\Oracle\Java\javapath;C:\oracle\product\10.2.0\client_1\bin;C:\Windows\System32\WindowsPowerShell\v1.0\;c:\Program Files (x86)\Microsoft SQL Server\100\Tools\Binn\;c:\Program Files\Microsoft SQL Server\100\Tools\Binn\;c:\Program Files\Microsoft SQL Server\100\DTS\Binn\;C:\Program Files\Microsoft\Web Platform Installer\;C:\Program Files (x86)\Microsoft ASP.NET\ASP.NET Web Pages\v1.0\;C:\Program Files\Microsoft SQL Server\110\Tools\Binn\;C:\Program Files (x86)\Windows Kits\8.0\Windows Performance Toolkit\;C:\Program Files\Git\cmd
USERNAME=ambre.favetto
OS=Windows_NT
PROCESSOR_IDENTIFIER=Intel64 Family 6 Model 23 Stepping 10, GenuineIntel



---------------  S Y S T E M  ---------------

OS: Windows 7 , 64 bit Build 7601 (6.1.7601.23418)

CPU:total 2 (initial active 2) (2 cores per cpu, 1 threads per core) family 6 model 23 stepping 10, cmov, cx8, fxsr, mmx, sse, sse2, sse3, ssse3, tsc

Memory: 4k page, physical 8256764k(2967520k free), swap 12362800k(4872k free)

vm_info: Java HotSpot(TM) 64-Bit Server VM (25.131-b11) for windows-amd64 JRE (1.8.0_131-b11), built on Mar 15 2017 01:23:53 by "java_re" with MS VC++ 10.0 (VS2010)

time: Wed Apr 17 13:44:07 2019
elapsed time: 74 seconds (0d 0h 1m 14s)

