#
# There is insufficient memory for the Java Runtime Environment to continue.
# Native memory allocation (malloc) failed to allocate 32744 bytes for ChunkPool::allocate
# Possible reasons:
#   The system is out of physical RAM or swap space
#   In 32 bit mode, the process size limit was hit
# Possible solutions:
#   Reduce memory load on the system
#   Increase physical memory or swap space
#   Check if swap backing store is full
#   Use 64 bit Java on a 64 bit OS
#   Decrease Java heap size (-Xmx/-Xms)
#   Decrease number of Java threads
#   Decrease Java thread stack sizes (-Xss)
#   Set larger code cache with -XX:ReservedCodeCacheSize=
# This output file may be truncated or incomplete.
#
#  Out of Memory Error (allocation.cpp:273), pid=4868, tid=0x0000000000001d34
#
# JRE version: Java(TM) SE Runtime Environment (8.0_131-b11) (build 1.8.0_131-b11)
# Java VM: Java HotSpot(TM) 64-Bit Server VM (25.131-b11 mixed mode windows-amd64 compressed oops)
# Failed to write core dump. Minidumps are not enabled by default on client versions of Windows
#

---------------  T H R E A D  ---------------

Current thread (0x0000000057189000):  JavaThread "C2 CompilerThread0" daemon [_thread_in_native, id=7476, stack(0x0000000058d90000,0x0000000058e90000)]

Stack: [0x0000000058d90000,0x0000000058e90000]
[error occurred during error reporting (printing stack bounds), id 0xc0000005]

Native frames: (J=compiled Java code, j=interpreted, Vv=VM code, C=native code)


Current CompileTask:
C2:  19140  411       4       jdk.internal.org.objectweb.asm.ByteVector::putUTF8 (142 bytes)


---------------  P R O C E S S  ---------------

Java Threads: ( => current thread )
  0x0000000058eb5800 JavaThread "Service Thread" daemon [_thread_blocked, id=7488, stack(0x0000000059550000,0x0000000059650000)]
  0x0000000058eb3800 JavaThread "C1 CompilerThread1" daemon [_thread_blocked, id=7484, stack(0x0000000059330000,0x0000000059430000)]
=>0x0000000057189000 JavaThread "C2 CompilerThread0" daemon [_thread_in_native, id=7476, stack(0x0000000058d90000,0x0000000058e90000)]
  0x0000000057176000 JavaThread "JDWP Command Reader" daemon [_thread_in_native, id=6752, stack(0x00000000587d0000,0x00000000588d0000)]
  0x0000000057175000 JavaThread "JDWP Event Helper Thread" daemon [_thread_blocked, id=5644, stack(0x0000000058bf0000,0x0000000058cf0000)]
  0x0000000057170800 JavaThread "JDWP Transport Listener: dt_socket" daemon [_thread_blocked, id=6344, stack(0x00000000589e0000,0x0000000058ae0000)]
  0x0000000057161000 JavaThread "Attach Listener" daemon [_thread_blocked, id=6884, stack(0x0000000058260000,0x0000000058360000)]
  0x000000005715f800 JavaThread "Signal Dispatcher" daemon [_thread_blocked, id=1548, stack(0x0000000058110000,0x0000000058210000)]
  0x0000000057142000 JavaThread "Finalizer" daemon [_thread_blocked, id=2556, stack(0x0000000057b90000,0x0000000057c90000)]
  0x00000000570f9000 JavaThread "Reference Handler" daemon [_thread_blocked, id=5168, stack(0x0000000057ee0000,0x0000000057fe0000)]
  0x0000000002243000 JavaThread "main" [_thread_in_native, id=4384, stack(0x00000000023c0000,0x00000000024c0000)]

Other Threads:
  0x00000000570f1000 VMThread [stack: 0x0000000057d30000,0x0000000057e30000] [id=5720]
  0x0000000058ed5000 WatcherThread [stack: 0x00000000597f0000,0x00000000598f0000] [id=7492]

VM state:not at safepoint (normal execution)

VM Mutex/Monitor currently owned by a thread: None

Heap:
 PSYoungGen      total 37888K, used 11849K [0x00000000d6000000, 0x00000000d8a00000, 0x0000000100000000)
  eden space 32768K, 36% used [0x00000000d6000000,0x00000000d6b92700,0x00000000d8000000)
  from space 5120K, 0% used [0x00000000d8500000,0x00000000d8500000,0x00000000d8a00000)
  to   space 5120K, 0% used [0x00000000d8000000,0x00000000d8000000,0x00000000d8500000)
 ParOldGen       total 86016K, used 0K [0x0000000082000000, 0x0000000087400000, 0x00000000d6000000)
  object space 86016K, 0% used [0x0000000082000000,0x0000000082000000,0x0000000087400000)
 Metaspace       used 6243K, capacity 6444K, committed 6656K, reserved 1056768K
  class space    used 697K, capacity 768K, committed 768K, reserved 1048576K

Card table byte_map: [0x0000000011bd0000,0x0000000011fd0000] byte_map_base: 0x00000000117c0000

Marking Bits: (ParMarkBitMap*) 0x0000000064bbc720
 Begin Bits: [0x00000000124d0000, 0x0000000014450000)
 End Bits:   [0x0000000014450000, 0x00000000163d0000)

Polling page: 0x0000000000130000

CodeCache: size=245760Kb used=2172Kb max_used=2172Kb free=243587Kb
 bounds [0x0000000002810000, 0x0000000002a80000, 0x0000000011810000]
 total_blobs=707 nmethods=430 adapters=200
 compilation: enabled

Compilation events (10 events):
Event: 18.986 Thread 0x0000000058eb3800  436       3       java.lang.ref.SoftReference::<init> (13 bytes)
Event: 18.986 Thread 0x0000000058eb3800 nmethod 436 0x0000000002a2bd10 code [0x0000000002a2be80, 0x0000000002a2c170]
Event: 18.987 Thread 0x0000000058eb3800  437  s    3       sun.misc.URLClassPath::getLookupCache (98 bytes)
Event: 18.987 Thread 0x0000000058eb3800 nmethod 437 0x0000000002a2c2d0 code [0x0000000002a2c460, 0x0000000002a2c9d8]
Event: 18.987 Thread 0x0000000058eb3800  438   !   3       java.util.zip.ZipFile::getInputStream (304 bytes)
Event: 18.989 Thread 0x0000000058eb3800 nmethod 438 0x0000000002a2cb50 code [0x0000000002a2ce00, 0x0000000002a2e1f8]
Event: 18.989 Thread 0x0000000058eb3800  439       3       java.util.zip.ZipFile$ZipFileInputStream::<init> (41 bytes)
Event: 18.989 Thread 0x0000000058eb3800 nmethod 439 0x0000000002a2ee90 code [0x0000000002a2f020, 0x0000000002a2f3b8]
Event: 18.989 Thread 0x0000000058eb3800  440       3       java.util.zip.ZipFile::access$1100 (5 bytes)
Event: 18.989 Thread 0x0000000058eb3800 nmethod 440 0x0000000002a2f5d0 code [0x0000000002a2f740, 0x0000000002a2f8a8]

GC Heap History (0 events):
No events

Deoptimization events (1 events):
Event: 7.071 Thread 0x0000000002243000 Uncommon trap: reason=unstable_if action=reinterpret pc=0x0000000002927dec method=java.lang.String.hashCode()I @ 14

Internal exceptions (10 events):
Event: 0.280 Thread 0x0000000002243000 Exception <a 'java/lang/NoSuchMethodError': Method sun.misc.Unsafe.defineClass(Ljava/lang/String;[BII)Ljava/lang/Class; name or signature does not match> (0x00000000d6007ca8) thrown at [C:\re\workspace\8-2-build-windows-amd64-cygwin\jdk8u131\8869\hotspot\
Event: 0.280 Thread 0x0000000002243000 Exception <a 'java/lang/NoSuchMethodError': Method sun.misc.Unsafe.prefetchRead(Ljava/lang/Object;J)V name or signature does not match> (0x00000000d6007f90) thrown at [C:\re\workspace\8-2-build-windows-amd64-cygwin\jdk8u131\8869\hotspot\src\share\vm\prims
Event: 6.628 Thread 0x0000000002243000 Exception <a 'java/io/FileNotFoundException'> (0x00000000d608c608) thrown at [C:\re\workspace\8-2-build-windows-amd64-cygwin\jdk8u131\8869\hotspot\src\share\vm\prims\jni.cpp, line 709]
Event: 11.788 Thread 0x0000000002243000 Exception <a 'java/security/PrivilegedActionException'> (0x00000000d6455100) thrown at [C:\re\workspace\8-2-build-windows-amd64-cygwin\jdk8u131\8869\hotspot\src\share\vm\prims\jvm.cpp, line 1390]
Event: 11.788 Thread 0x0000000002243000 Exception <a 'java/security/PrivilegedActionException'> (0x00000000d6455310) thrown at [C:\re\workspace\8-2-build-windows-amd64-cygwin\jdk8u131\8869\hotspot\src\share\vm\prims\jvm.cpp, line 1390]
Event: 11.789 Thread 0x0000000002243000 Exception <a 'java/security/PrivilegedActionException'> (0x00000000d6459220) thrown at [C:\re\workspace\8-2-build-windows-amd64-cygwin\jdk8u131\8869\hotspot\src\share\vm\prims\jvm.cpp, line 1390]
Event: 11.790 Thread 0x0000000002243000 Exception <a 'java/security/PrivilegedActionException'> (0x00000000d6459430) thrown at [C:\re\workspace\8-2-build-windows-amd64-cygwin\jdk8u131\8869\hotspot\src\share\vm\prims\jvm.cpp, line 1390]
Event: 12.621 Thread 0x0000000002243000 Exception <a 'java/io/FileNotFoundException'> (0x00000000d65a8a00) thrown at [C:\re\workspace\8-2-build-windows-amd64-cygwin\jdk8u131\8869\hotspot\src\share\vm\prims\jni.cpp, line 709]
Event: 14.514 Thread 0x0000000002243000 Exception <a 'java/lang/NoSuchFieldError': method resolution failed> (0x00000000d69bd3d0) thrown at [C:\re\workspace\8-2-build-windows-amd64-cygwin\jdk8u131\8869\hotspot\src\share\vm\prims\methodHandles.cpp, line 1146]
Event: 17.597 Thread 0x0000000002243000 Exception <a 'java/lang/NoSuchFieldError': method resolution failed> (0x00000000d69ca6f0) thrown at [C:\re\workspace\8-2-build-windows-amd64-cygwin\jdk8u131\8869\hotspot\src\share\vm\prims\methodHandles.cpp, line 1146]

Events (10 events):
Event: 18.990 Thread 0x0000000002243000 DEOPT PACKING pc=0x00000000029dd5dc sp=0x00000000024be040
Event: 18.990 Thread 0x0000000002243000 DEOPT UNPACKING pc=0x00000000028571bf sp=0x00000000024bdd80 mode 1
Event: 18.990 loading class kotlin/reflect/full$KClasses
Event: 18.990 loading class kotlin/reflect/full$KClasses done
Event: 18.990 Thread 0x0000000002243000 DEOPT PACKING pc=0x00000000029c23b1 sp=0x00000000024bdbf0
Event: 18.990 Thread 0x0000000002243000 DEOPT UNPACKING pc=0x00000000028571bf sp=0x00000000024bd940 mode 1
Event: 18.990 Thread 0x0000000002243000 DEOPT PACKING pc=0x00000000029953dc sp=0x00000000024bdc70
Event: 18.991 Thread 0x0000000002243000 DEOPT UNPACKING pc=0x00000000028571bf sp=0x00000000024bda90 mode 1
Event: 18.991 Thread 0x0000000002243000 DEOPT PACKING pc=0x0000000002995174 sp=0x00000000024bde00
Event: 18.991 Thread 0x0000000002243000 DEOPT UNPACKING pc=0x00000000028571bf sp=0x00000000024bdc20 mode 1


Dynamic libraries:
0x000000013f810000 - 0x000000013f847000 	C:\Program Files\Java\jdk1.8.0_131\bin\javaw.exe
0x0000000077030000 - 0x00000000771da000 	C:\Windows\SYSTEM32\ntdll.dll
0x0000000076e10000 - 0x0000000076f2f000 	C:\Windows\system32\kernel32.dll
0x000007fefce50000 - 0x000007fefceba000 	C:\Windows\system32\KERNELBASE.dll
0x000007fefefa0000 - 0x000007feff07b000 	C:\Windows\system32\ADVAPI32.dll
0x000007fefed70000 - 0x000007fefee0f000 	C:\Windows\system32\msvcrt.dll
0x000007fefe9c0000 - 0x000007fefe9df000 	C:\Windows\SYSTEM32\sechost.dll
0x000007fefec40000 - 0x000007fefed6d000 	C:\Windows\system32\RPCRT4.dll
0x0000000076f30000 - 0x000000007702a000 	C:\Windows\system32\USER32.dll
0x000007fefe920000 - 0x000007fefe987000 	C:\Windows\system32\GDI32.dll
0x000007fefe910000 - 0x000007fefe91e000 	C:\Windows\system32\LPK.dll
0x000007fefd620000 - 0x000007fefd6ea000 	C:\Windows\system32\USP10.dll
0x000007fefb800000 - 0x000007fefb9f4000 	C:\Windows\WinSxS\amd64_microsoft.windows.common-controls_6595b64144ccf1df_6.0.7601.18837_none_fa3b1e3d17594757\COMCTL32.dll
0x000007fefee10000 - 0x000007fefee81000 	C:\Windows\system32\SHLWAPI.dll
0x000007fefe990000 - 0x000007fefe9be000 	C:\Windows\system32\IMM32.DLL
0x000007fefee90000 - 0x000007fefef99000 	C:\Windows\system32\MSCTF.dll
0x00000000709b0000 - 0x0000000070a82000 	C:\Program Files\Java\jdk1.8.0_131\jre\bin\msvcr100.dll
0x00000000643a0000 - 0x0000000064c3c000 	C:\Program Files\Java\jdk1.8.0_131\jre\bin\server\jvm.dll
0x000007fef95f0000 - 0x000007fef95f9000 	C:\Windows\system32\WSOCK32.dll
0x000007fefebf0000 - 0x000007fefec3d000 	C:\Windows\system32\WS2_32.dll
0x000007fefe900000 - 0x000007fefe908000 	C:\Windows\system32\NSI.dll
0x000007fefad00000 - 0x000007fefad3b000 	C:\Windows\system32\WINMM.dll
0x000007fefbe90000 - 0x000007fefbe9c000 	C:\Windows\system32\VERSION.dll
0x00000000771f0000 - 0x00000000771f7000 	C:\Windows\system32\PSAPI.DLL
0x0000000071b30000 - 0x0000000071b3f000 	C:\Program Files\Java\jdk1.8.0_131\jre\bin\verify.dll
0x0000000070b50000 - 0x0000000070b79000 	C:\Program Files\Java\jdk1.8.0_131\jre\bin\java.dll
0x00000000704e0000 - 0x0000000070515000 	C:\Program Files\Java\jdk1.8.0_131\jre\bin\jdwp.dll
0x0000000071040000 - 0x0000000071048000 	C:\Program Files\Java\jdk1.8.0_131\jre\bin\npt.dll
0x0000000070db0000 - 0x0000000070dc6000 	C:\Program Files\Java\jdk1.8.0_131\jre\bin\zip.dll
0x000007fefd980000 - 0x000007fefe70c000 	C:\Windows\system32\SHELL32.dll
0x000007fefe9e0000 - 0x000007fefebe3000 	C:\Windows\system32\ole32.dll
0x000007fefcdc0000 - 0x000007fefcdcf000 	C:\Windows\system32\profapi.dll
0x0000000070930000 - 0x0000000070939000 	C:\Program Files\Java\jdk1.8.0_131\jre\bin\dt_socket.dll
0x000007fefac80000 - 0x000007fefac95000 	C:\Windows\system32\NLAapi.dll
0x000007fef9a40000 - 0x000007fef9a55000 	C:\Windows\system32\napinsp.dll
0x000007fef9a20000 - 0x000007fef9a39000 	C:\Windows\system32\pnrpnsp.dll
0x000007fefc480000 - 0x000007fefc4d5000 	C:\Windows\System32\mswsock.dll
0x000007fefc370000 - 0x000007fefc3cb000 	C:\Windows\system32\DNSAPI.dll
0x000007fef99c0000 - 0x000007fef99cb000 	C:\Windows\System32\winrnr.dll
0x00000000748b0000 - 0x00000000748de000 	C:\Program Files\Common Files\Microsoft Shared\Windows Live\WLIDNSP.DLL
0x000007fefa8e0000 - 0x000007fefa907000 	C:\Windows\system32\IPHLPAPI.DLL
0x000007fefa820000 - 0x000007fefa82b000 	C:\Windows\system32\WINNSI.DLL
0x000007fefa750000 - 0x000007fefa7a3000 	C:\Windows\System32\fwpuclnt.dll
0x000007fef9a60000 - 0x000007fef9a68000 	C:\Windows\system32\rasadhlp.dll
0x000007fefbf60000 - 0x000007fefbf67000 	C:\Windows\System32\wshtcpip.dll

VM Arguments:
jvm_args: -agentlib:jdwp=transport=dt_socket,suspend=y,address=localhost:50018 -Dfile.encoding=UTF-8 
java_command: myactivities.myactivities.MyactivitiesApplication
java_class_path (initial): C:\Program Files\Java\jdk1.8.0_131\jre\lib\resources.jar;C:\Program Files\Java\jdk1.8.0_131\jre\lib\rt.jar;C:\Program Files\Java\jdk1.8.0_131\jre\lib\jsse.jar;C:\Program Files\Java\jdk1.8.0_131\jre\lib\jce.jar;C:\Program Files\Java\jdk1.8.0_131\jre\lib\charsets.jar;C:\Program Files\Java\jdk1.8.0_131\jre\lib\jfr.jar;C:\Program Files\Java\jdk1.8.0_131\jre\lib\ext\access-bridge-64.jar;C:\Program Files\Java\jdk1.8.0_131\jre\lib\ext\cldrdata.jar;C:\Program Files\Java\jdk1.8.0_131\jre\lib\ext\dnsns.jar;C:\Program Files\Java\jdk1.8.0_131\jre\lib\ext\jaccess.jar;C:\Program Files\Java\jdk1.8.0_131\jre\lib\ext\jfxrt.jar;C:\Program Files\Java\jdk1.8.0_131\jre\lib\ext\localedata.jar;C:\Program Files\Java\jdk1.8.0_131\jre\lib\ext\nashorn.jar;C:\Program Files\Java\jdk1.8.0_131\jre\lib\ext\sunec.jar;C:\Program Files\Java\jdk1.8.0_131\jre\lib\ext\sunjce_provider.jar;C:\Program Files\Java\jdk1.8.0_131\jre\lib\ext\sunmscapi.jar;C:\Program Files\Java\jdk1.8.0_131\jre\lib\ext\sunpkcs11.jar;C:\Program Files\Java\jdk1.8.0_131\jre\lib\ext\zipfs.jar;F:\ProgrammationBD\TD\dutinfo1-myactivities-Favettou\target\classes;C:\Users\ambre.favetto\.m2\repository\org\springframework\boot\spring-boot-starter-jdbc\2.1.2.RELEASE\spring-boot-starter-jdbc-2.1.2.RELEASE.jar;C:\Users\ambre.favetto\.m2\repository\org\springframework\boot\spring-boot-starter\2.1.2.RELEASE\spring-boot-starter-2.1.2.RELEASE.jar;C:\Users\ambre.favetto\.m2\repository\org\springframework\boot\spring-boot\2.1.2.RELEASE\spring-boot-2.1.2.RELEASE.jar;C:\Users\ambre.favetto\.m2\repository\org\springframework\boot\spring-boot-autoconfigure\2.1.2.RELEASE\spring-boot-autoconfigure-2.1.2.RELEASE.jar;C:\Users\ambre.favetto\.m2\repository\org\springframework\boot\spring-boot-starter-logging\2.1.2.RELEASE\spring-boot-starter-logging-2.1.2.RELEASE.jar;C:\Users\ambre.favetto\.m2\repository\ch\qos\logback\logback-classic\1.2.3\logback-classic-1.2.3.jar;C:\Users\ambre.favetto\.m2\repository\ch\qos\logback\logback-co
Launcher Type: SUN_STANDARD

Environment Variables:
PATH=C:\Program Files\Java\jdk1.8.0_131\jre\bin;C:\Windows\system32;C:\Windows;C:\Windows\System32\Wbem;C:\Program Files (x86)\Java\jdk1.8.0_131\bin;C:\ProgramData\Oracle\Java\javapath;C:\oracle\product\10.2.0\client_1\bin;C:\Windows\System32\WindowsPowerShell\v1.0\;c:\Program Files (x86)\Microsoft SQL Server\100\Tools\Binn\;c:\Program Files\Microsoft SQL Server\100\Tools\Binn\;c:\Program Files\Microsoft SQL Server\100\DTS\Binn\;C:\Program Files\Microsoft\Web Platform Installer\;C:\Program Files (x86)\Microsoft ASP.NET\ASP.NET Web Pages\v1.0\;C:\Program Files\Microsoft SQL Server\110\Tools\Binn\;C:\Program Files (x86)\Windows Kits\8.0\Windows Performance Toolkit\;C:\Program Files\Git\cmd
USERNAME=ambre.favetto
OS=Windows_NT
PROCESSOR_IDENTIFIER=Intel64 Family 6 Model 23 Stepping 10, GenuineIntel



---------------  S Y S T E M  ---------------

OS: Windows 7 , 64 bit Build 7601 (6.1.7601.23418)

CPU:total 2 (initial active 2) (2 cores per cpu, 1 threads per core) family 6 model 23 stepping 10, cmov, cx8, fxsr, mmx, sse, sse2, sse3, ssse3, tsc

Memory: 4k page, physical 8256764k(3644988k free), swap 12332844k(1060332k free)

vm_info: Java HotSpot(TM) 64-Bit Server VM (25.131-b11) for windows-amd64 JRE (1.8.0_131-b11), built on Mar 15 2017 01:23:53 by "java_re" with MS VC++ 10.0 (VS2010)

time: Wed Apr 17 13:43:10 2019
elapsed time: 19 seconds (0d 0h 0m 19s)

