#
# There is insufficient memory for the Java Runtime Environment to continue.
# Native memory allocation (malloc) failed to allocate 32744 bytes for ChunkPool::allocate
# Possible reasons:
#   The system is out of physical RAM or swap space
#   In 32 bit mode, the process size limit was hit
# Possible solutions:
#   Reduce memory load on the system
#   Increase physical memory or swap space
#   Check if swap backing store is full
#   Use 64 bit Java on a 64 bit OS
#   Decrease Java heap size (-Xmx/-Xms)
#   Decrease number of Java threads
#   Decrease Java thread stack sizes (-Xss)
#   Set larger code cache with -XX:ReservedCodeCacheSize=
# This output file may be truncated or incomplete.
#
#  Out of Memory Error (allocation.cpp:273), pid=5864, tid=0x0000000000001050
#
# JRE version: Java(TM) SE Runtime Environment (8.0_131-b11) (build 1.8.0_131-b11)
# Java VM: Java HotSpot(TM) 64-Bit Server VM (25.131-b11 mixed mode windows-amd64 compressed oops)
# Failed to write core dump. Minidumps are not enabled by default on client versions of Windows
#

---------------  T H R E A D  ---------------

Current thread (0x0000000057449000):  JavaThread "C1 CompilerThread1" daemon [_thread_in_native, id=4176, stack(0x0000000058e10000,0x0000000058f10000)]

Stack: [0x0000000058e10000,0x0000000058f10000]
[error occurred during error reporting (printing stack bounds), id 0xc0000005]

Native frames: (J=compiled Java code, j=interpreted, Vv=VM code, C=native code)


Current CompileTask:
C1:  24749  879       3       sun.reflect.generics.factory.CoreReflectionFactory::getDeclsLoader (85 bytes)


---------------  P R O C E S S  ---------------

Java Threads: ( => current thread )
  0x0000000059189000 JavaThread "background-preinit" [_thread_in_native, id=7564, stack(0x0000000059340000,0x0000000059440000)]
  0x0000000058f44000 JavaThread "Service Thread" daemon [_thread_blocked, id=3548, stack(0x0000000059440000,0x0000000059540000)]
=>0x0000000057449000 JavaThread "C1 CompilerThread1" daemon [_thread_in_native, id=4176, stack(0x0000000058e10000,0x0000000058f10000)]
  0x0000000057447000 JavaThread "C2 CompilerThread0" daemon [_thread_blocked, id=3612, stack(0x0000000058d10000,0x0000000058e10000)]
  0x0000000057434800 JavaThread "JDWP Command Reader" daemon [_thread_in_native, id=4656, stack(0x0000000058aa0000,0x0000000058ba0000)]
  0x0000000057433000 JavaThread "JDWP Event Helper Thread" daemon [_thread_blocked, id=4716, stack(0x00000000586e0000,0x00000000587e0000)]
  0x000000005742e800 JavaThread "JDWP Transport Listener: dt_socket" daemon [_thread_blocked, id=5036, stack(0x0000000058940000,0x0000000058a40000)]
  0x000000005741f000 JavaThread "Attach Listener" daemon [_thread_blocked, id=3880, stack(0x00000000583c0000,0x00000000584c0000)]
  0x000000005741d800 JavaThread "Signal Dispatcher" daemon [_thread_blocked, id=5068, stack(0x0000000058180000,0x0000000058280000)]
  0x0000000057402000 JavaThread "Finalizer" daemon [_thread_blocked, id=4964, stack(0x0000000057d00000,0x0000000057e00000)]
  0x00000000573b9000 JavaThread "Reference Handler" daemon [_thread_blocked, id=4548, stack(0x0000000058050000,0x0000000058150000)]
  0x0000000002233000 JavaThread "main" [_thread_in_native, id=6272, stack(0x0000000002660000,0x0000000002760000)]

Other Threads:
  0x00000000573b1000 VMThread [stack: 0x0000000057e10000,0x0000000057f10000] [id=1756]
  0x0000000058f66800 WatcherThread [stack: 0x0000000059590000,0x0000000059690000] [id=2700]

VM state:not at safepoint (normal execution)

VM Mutex/Monitor currently owned by a thread: None

Heap:
 PSYoungGen      total 37888K, used 10980K [0x00000000d6000000, 0x00000000d8a00000, 0x0000000100000000)
  eden space 32768K, 17% used [0x00000000d6000000,0x00000000d65bfde0,0x00000000d8000000)
  from space 5120K, 99% used [0x00000000d8000000,0x00000000d84f9428,0x00000000d8500000)
  to   space 5120K, 0% used [0x00000000d8500000,0x00000000d8500000,0x00000000d8a00000)
 ParOldGen       total 86016K, used 119K [0x0000000082000000, 0x0000000087400000, 0x00000000d6000000)
  object space 86016K, 0% used [0x0000000082000000,0x000000008201de90,0x0000000087400000)
 Metaspace       used 11166K, capacity 11512K, committed 11776K, reserved 1058816K
  class space    used 1338K, capacity 1450K, committed 1536K, reserved 1048576K

Card table byte_map: [0x0000000011df0000,0x00000000121f0000] byte_map_base: 0x00000000119e0000

Marking Bits: (ParMarkBitMap*) 0x0000000064bbc720
 Begin Bits: [0x0000000012790000, 0x0000000014710000)
 End Bits:   [0x0000000014710000, 0x0000000016690000)

Polling page: 0x0000000000320000

CodeCache: size=245760Kb used=3256Kb max_used=3267Kb free=242503Kb
 bounds [0x0000000002a30000, 0x0000000002d70000, 0x0000000011a30000]
 total_blobs=1181 nmethods=869 adapters=235
 compilation: enabled

Compilation events (10 events):
Event: 23.222 Thread 0x0000000057449000 nmethod 874 0x0000000002d5c9d0 code [0x0000000002d5cb40, 0x0000000002d5cd68]
Event: 23.297 Thread 0x0000000057449000  877  s    3       java.io.ByteArrayOutputStream::write (66 bytes)
Event: 23.297 Thread 0x0000000057447000  876       4       sun.misc.ProxyGenerator$ConstantPool$IndirectEntry::hashCode (15 bytes)
Event: 23.298 Thread 0x0000000057447000 nmethod 876 0x0000000002d5c7d0 code [0x0000000002d5c900, 0x0000000002d5c958]
Event: 23.298 Thread 0x0000000057449000 nmethod 877 0x0000000002d5bd50 code [0x0000000002d5bf00, 0x0000000002d5c548]
Event: 23.298 Thread 0x0000000057449000  875       3       sun.misc.ProxyGenerator$ConstantPool::getNameAndType (30 bytes)
Event: 23.298 Thread 0x0000000057449000 nmethod 875 0x0000000002d5f150 code [0x0000000002d5f340, 0x0000000002d5fa48]
Event: 23.467 Thread 0x0000000057449000  878       3       java.nio.HeapByteBuffer::_get (7 bytes)
Event: 23.467 Thread 0x0000000057449000 nmethod 878 0x0000000002d5b990 code [0x0000000002d5bae0, 0x0000000002d5bc70]
Event: 23.693 Thread 0x0000000057449000  879       3       sun.reflect.generics.factory.CoreReflectionFactory::getDeclsLoader (85 bytes)

GC Heap History (2 events):
Event: 21.976 GC heap before
{Heap before GC invocations=1 (full 0):
 PSYoungGen      total 37888K, used 32768K [0x00000000d6000000, 0x00000000d8a00000, 0x0000000100000000)
  eden space 32768K, 100% used [0x00000000d6000000,0x00000000d8000000,0x00000000d8000000)
  from space 5120K, 0% used [0x00000000d8500000,0x00000000d8500000,0x00000000d8a00000)
  to   space 5120K, 0% used [0x00000000d8000000,0x00000000d8000000,0x00000000d8500000)
 ParOldGen       total 86016K, used 0K [0x0000000082000000, 0x0000000087400000, 0x00000000d6000000)
  object space 86016K, 0% used [0x0000000082000000,0x0000000082000000,0x0000000087400000)
 Metaspace       used 10600K, capacity 10920K, committed 11136K, reserved 1058816K
  class space    used 1253K, capacity 1338K, committed 1408K, reserved 1048576K
Event: 21.991 GC heap after
Heap after GC invocations=1 (full 0):
 PSYoungGen      total 37888K, used 5093K [0x00000000d6000000, 0x00000000d8a00000, 0x0000000100000000)
  eden space 32768K, 0% used [0x00000000d6000000,0x00000000d6000000,0x00000000d8000000)
  from space 5120K, 99% used [0x00000000d8000000,0x00000000d84f9428,0x00000000d8500000)
  to   space 5120K, 0% used [0x00000000d8500000,0x00000000d8500000,0x00000000d8a00000)
 ParOldGen       total 86016K, used 119K [0x0000000082000000, 0x0000000087400000, 0x00000000d6000000)
  object space 86016K, 0% used [0x0000000082000000,0x000000008201de90,0x0000000087400000)
 Metaspace       used 10600K, capacity 10920K, committed 11136K, reserved 1058816K
  class space    used 1253K, capacity 1338K, committed 1408K, reserved 1048576K
}

Deoptimization events (10 events):
Event: 22.945 Thread 0x0000000059189000 Uncommon trap: reason=range_check action=none pc=0x0000000002cbcc0c method=sun.reflect.generics.parser.SignatureParser.current()C @ 34
Event: 23.365 Thread 0x0000000059189000 Uncommon trap: reason=range_check action=none pc=0x0000000002cbcc0c method=sun.reflect.generics.parser.SignatureParser.current()C @ 34
Event: 23.368 Thread 0x0000000059189000 Uncommon trap: reason=range_check action=none pc=0x0000000002cbcc0c method=sun.reflect.generics.parser.SignatureParser.current()C @ 34
Event: 23.414 Thread 0x0000000059189000 Uncommon trap: reason=range_check action=none pc=0x0000000002cbcc0c method=sun.reflect.generics.parser.SignatureParser.current()C @ 34
Event: 23.414 Thread 0x0000000059189000 Uncommon trap: reason=range_check action=none pc=0x0000000002cbcc0c method=sun.reflect.generics.parser.SignatureParser.current()C @ 34
Event: 23.451 Thread 0x0000000059189000 Uncommon trap: reason=range_check action=none pc=0x0000000002cbcc0c method=sun.reflect.generics.parser.SignatureParser.current()C @ 34
Event: 23.454 Thread 0x0000000059189000 Uncommon trap: reason=range_check action=none pc=0x0000000002cbcc0c method=sun.reflect.generics.parser.SignatureParser.current()C @ 34
Event: 23.488 Thread 0x0000000059189000 Uncommon trap: reason=range_check action=none pc=0x0000000002cbcc0c method=sun.reflect.generics.parser.SignatureParser.current()C @ 34
Event: 23.489 Thread 0x0000000059189000 Uncommon trap: reason=range_check action=none pc=0x0000000002cbcc0c method=sun.reflect.generics.parser.SignatureParser.current()C @ 34
Event: 23.693 Thread 0x0000000059189000 Uncommon trap: reason=range_check action=none pc=0x0000000002cbcc0c method=sun.reflect.generics.parser.SignatureParser.current()C @ 34

Internal exceptions (10 events):
Event: 22.945 Thread 0x0000000059189000 Exception <a 'java/lang/ArrayIndexOutOfBoundsException': 40> (0x00000000d63fc1b0) thrown at [C:\re\workspace\8-2-build-windows-amd64-cygwin\jdk8u131\8869\hotspot\src\share\vm\interpreter\interpreterRuntime.cpp, line 366]
Event: 23.365 Thread 0x0000000059189000 Exception <a 'java/lang/ArrayIndexOutOfBoundsException': 108> (0x00000000d6493790) thrown at [C:\re\workspace\8-2-build-windows-amd64-cygwin\jdk8u131\8869\hotspot\src\share\vm\interpreter\interpreterRuntime.cpp, line 366]
Event: 23.368 Thread 0x0000000059189000 Exception <a 'java/lang/ArrayIndexOutOfBoundsException': 188> (0x00000000d64aa918) thrown at [C:\re\workspace\8-2-build-windows-amd64-cygwin\jdk8u131\8869\hotspot\src\share\vm\interpreter\interpreterRuntime.cpp, line 366]
Event: 23.414 Thread 0x0000000059189000 Exception <a 'java/lang/ArrayIndexOutOfBoundsException': 116> (0x00000000d64b8448) thrown at [C:\re\workspace\8-2-build-windows-amd64-cygwin\jdk8u131\8869\hotspot\src\share\vm\interpreter\interpreterRuntime.cpp, line 366]
Event: 23.414 Thread 0x0000000059189000 Exception <a 'java/lang/ArrayIndexOutOfBoundsException': 146> (0x00000000d64ba058) thrown at [C:\re\workspace\8-2-build-windows-amd64-cygwin\jdk8u131\8869\hotspot\src\share\vm\interpreter\interpreterRuntime.cpp, line 366]
Event: 23.451 Thread 0x0000000059189000 Exception <a 'java/lang/ArrayIndexOutOfBoundsException': 108> (0x00000000d64c73c8) thrown at [C:\re\workspace\8-2-build-windows-amd64-cygwin\jdk8u131\8869\hotspot\src\share\vm\interpreter\interpreterRuntime.cpp, line 366]
Event: 23.454 Thread 0x0000000059189000 Exception <a 'java/lang/ArrayIndexOutOfBoundsException': 214> (0x00000000d64d52f0) thrown at [C:\re\workspace\8-2-build-windows-amd64-cygwin\jdk8u131\8869\hotspot\src\share\vm\interpreter\interpreterRuntime.cpp, line 366]
Event: 23.488 Thread 0x0000000059189000 Exception <a 'java/lang/ArrayIndexOutOfBoundsException': 116> (0x00000000d64e32d0) thrown at [C:\re\workspace\8-2-build-windows-amd64-cygwin\jdk8u131\8869\hotspot\src\share\vm\interpreter\interpreterRuntime.cpp, line 366]
Event: 23.489 Thread 0x0000000059189000 Exception <a 'java/lang/ArrayIndexOutOfBoundsException': 170> (0x00000000d64e5448) thrown at [C:\re\workspace\8-2-build-windows-amd64-cygwin\jdk8u131\8869\hotspot\src\share\vm\interpreter\interpreterRuntime.cpp, line 366]
Event: 23.693 Thread 0x0000000059189000 Exception <a 'java/lang/ArrayIndexOutOfBoundsException': 108> (0x00000000d64f2788) thrown at [C:\re\workspace\8-2-build-windows-amd64-cygwin\jdk8u131\8869\hotspot\src\share\vm\interpreter\interpreterRuntime.cpp, line 366]

Events (10 events):
Event: 23.489 Thread 0x0000000059189000 DEOPT PACKING pc=0x0000000002bba3dc sp=0x000000005943d760
Event: 23.489 Thread 0x0000000059189000 DEOPT UNPACKING pc=0x0000000002a771bf sp=0x000000005943d580 mode 1
Event: 23.489 Thread 0x0000000059189000 DEOPT PACKING pc=0x0000000002bba174 sp=0x000000005943d8f0
Event: 23.489 Thread 0x0000000059189000 DEOPT UNPACKING pc=0x0000000002a771bf sp=0x000000005943d710 mode 1
Event: 23.693 Thread 0x0000000059189000 Uncommon trap: trap_request=0xffffffe7 fr.pc=0x0000000002cbcc0c
Event: 23.693 Thread 0x0000000059189000 DEOPT PACKING pc=0x0000000002cbcc0c sp=0x000000005943dd40
Event: 23.693 Thread 0x0000000059189000 DEOPT UNPACKING pc=0x0000000002a7556a sp=0x000000005943dcd8 mode 2
Event: 23.695 loading class org/hibernate/validator/internal/engine/valueextraction/ReadOnlyMapPropertyKeyExtractor
Event: 23.695 loading class org/hibernate/validator/internal/engine/valueextraction/ReadOnlyMapPropertyKeyExtractor done
Event: 23.781 loading class java/util/LinkedList$LLSpliterator


Dynamic libraries:
0x000000013f810000 - 0x000000013f847000 	C:\Program Files\Java\jdk1.8.0_131\bin\javaw.exe
0x0000000077030000 - 0x00000000771da000 	C:\Windows\SYSTEM32\ntdll.dll
0x0000000076e10000 - 0x0000000076f2f000 	C:\Windows\system32\kernel32.dll
0x000007fefce50000 - 0x000007fefceba000 	C:\Windows\system32\KERNELBASE.dll
0x000007fefefa0000 - 0x000007feff07b000 	C:\Windows\system32\ADVAPI32.dll
0x000007fefed70000 - 0x000007fefee0f000 	C:\Windows\system32\msvcrt.dll
0x000007fefe9c0000 - 0x000007fefe9df000 	C:\Windows\SYSTEM32\sechost.dll
0x000007fefec40000 - 0x000007fefed6d000 	C:\Windows\system32\RPCRT4.dll
0x0000000076f30000 - 0x000000007702a000 	C:\Windows\system32\USER32.dll
0x000007fefe920000 - 0x000007fefe987000 	C:\Windows\system32\GDI32.dll
0x000007fefe910000 - 0x000007fefe91e000 	C:\Windows\system32\LPK.dll
0x000007fefd620000 - 0x000007fefd6ea000 	C:\Windows\system32\USP10.dll
0x000007fefb800000 - 0x000007fefb9f4000 	C:\Windows\WinSxS\amd64_microsoft.windows.common-controls_6595b64144ccf1df_6.0.7601.18837_none_fa3b1e3d17594757\COMCTL32.dll
0x000007fefee10000 - 0x000007fefee81000 	C:\Windows\system32\SHLWAPI.dll
0x000007fefe990000 - 0x000007fefe9be000 	C:\Windows\system32\IMM32.DLL
0x000007fefee90000 - 0x000007fefef99000 	C:\Windows\system32\MSCTF.dll
0x00000000709b0000 - 0x0000000070a82000 	C:\Program Files\Java\jdk1.8.0_131\jre\bin\msvcr100.dll
0x00000000643a0000 - 0x0000000064c3c000 	C:\Program Files\Java\jdk1.8.0_131\jre\bin\server\jvm.dll
0x000007fef95f0000 - 0x000007fef95f9000 	C:\Windows\system32\WSOCK32.dll
0x000007fefebf0000 - 0x000007fefec3d000 	C:\Windows\system32\WS2_32.dll
0x000007fefe900000 - 0x000007fefe908000 	C:\Windows\system32\NSI.dll
0x000007fefad00000 - 0x000007fefad3b000 	C:\Windows\system32\WINMM.dll
0x000007fefbe90000 - 0x000007fefbe9c000 	C:\Windows\system32\VERSION.dll
0x00000000771f0000 - 0x00000000771f7000 	C:\Windows\system32\PSAPI.DLL
0x0000000071b30000 - 0x0000000071b3f000 	C:\Program Files\Java\jdk1.8.0_131\jre\bin\verify.dll
0x0000000070b50000 - 0x0000000070b79000 	C:\Program Files\Java\jdk1.8.0_131\jre\bin\java.dll
0x00000000704e0000 - 0x0000000070515000 	C:\Program Files\Java\jdk1.8.0_131\jre\bin\jdwp.dll
0x0000000071040000 - 0x0000000071048000 	C:\Program Files\Java\jdk1.8.0_131\jre\bin\npt.dll
0x0000000070db0000 - 0x0000000070dc6000 	C:\Program Files\Java\jdk1.8.0_131\jre\bin\zip.dll
0x000007fefd980000 - 0x000007fefe70c000 	C:\Windows\system32\SHELL32.dll
0x000007fefe9e0000 - 0x000007fefebe3000 	C:\Windows\system32\ole32.dll
0x000007fefcdc0000 - 0x000007fefcdcf000 	C:\Windows\system32\profapi.dll
0x0000000070930000 - 0x0000000070939000 	C:\Program Files\Java\jdk1.8.0_131\jre\bin\dt_socket.dll
0x000007fefac80000 - 0x000007fefac95000 	C:\Windows\system32\NLAapi.dll
0x000007fef9a40000 - 0x000007fef9a55000 	C:\Windows\system32\napinsp.dll
0x000007fef9a20000 - 0x000007fef9a39000 	C:\Windows\system32\pnrpnsp.dll
0x000007fefc480000 - 0x000007fefc4d5000 	C:\Windows\System32\mswsock.dll
0x000007fefc370000 - 0x000007fefc3cb000 	C:\Windows\system32\DNSAPI.dll
0x000007fef99c0000 - 0x000007fef99cb000 	C:\Windows\System32\winrnr.dll
0x00000000748b0000 - 0x00000000748de000 	C:\Program Files\Common Files\Microsoft Shared\Windows Live\WLIDNSP.DLL
0x000007fefa8e0000 - 0x000007fefa907000 	C:\Windows\system32\IPHLPAPI.DLL
0x000007fefa820000 - 0x000007fefa82b000 	C:\Windows\system32\WINNSI.DLL
0x000007fefa750000 - 0x000007fefa7a3000 	C:\Windows\System32\fwpuclnt.dll
0x000007fef9a60000 - 0x000007fef9a68000 	C:\Windows\system32\rasadhlp.dll
0x000007fefbf60000 - 0x000007fefbf67000 	C:\Windows\System32\wshtcpip.dll

VM Arguments:
jvm_args: -agentlib:jdwp=transport=dt_socket,suspend=y,address=localhost:50000 -Dfile.encoding=UTF-8 
java_command: myactivities.myactivities.MyactivitiesApplication
java_class_path (initial): C:\Program Files\Java\jdk1.8.0_131\jre\lib\resources.jar;C:\Program Files\Java\jdk1.8.0_131\jre\lib\rt.jar;C:\Program Files\Java\jdk1.8.0_131\jre\lib\jsse.jar;C:\Program Files\Java\jdk1.8.0_131\jre\lib\jce.jar;C:\Program Files\Java\jdk1.8.0_131\jre\lib\charsets.jar;C:\Program Files\Java\jdk1.8.0_131\jre\lib\jfr.jar;C:\Program Files\Java\jdk1.8.0_131\jre\lib\ext\access-bridge-64.jar;C:\Program Files\Java\jdk1.8.0_131\jre\lib\ext\cldrdata.jar;C:\Program Files\Java\jdk1.8.0_131\jre\lib\ext\dnsns.jar;C:\Program Files\Java\jdk1.8.0_131\jre\lib\ext\jaccess.jar;C:\Program Files\Java\jdk1.8.0_131\jre\lib\ext\jfxrt.jar;C:\Program Files\Java\jdk1.8.0_131\jre\lib\ext\localedata.jar;C:\Program Files\Java\jdk1.8.0_131\jre\lib\ext\nashorn.jar;C:\Program Files\Java\jdk1.8.0_131\jre\lib\ext\sunec.jar;C:\Program Files\Java\jdk1.8.0_131\jre\lib\ext\sunjce_provider.jar;C:\Program Files\Java\jdk1.8.0_131\jre\lib\ext\sunmscapi.jar;C:\Program Files\Java\jdk1.8.0_131\jre\lib\ext\sunpkcs11.jar;C:\Program Files\Java\jdk1.8.0_131\jre\lib\ext\zipfs.jar;F:\ProgrammationBD\TD\dutinfo1-myactivities-Favettou\target\classes;C:\Users\ambre.favetto\.m2\repository\org\springframework\boot\spring-boot-starter-jdbc\2.1.2.RELEASE\spring-boot-starter-jdbc-2.1.2.RELEASE.jar;C:\Users\ambre.favetto\.m2\repository\org\springframework\boot\spring-boot-starter\2.1.2.RELEASE\spring-boot-starter-2.1.2.RELEASE.jar;C:\Users\ambre.favetto\.m2\repository\org\springframework\boot\spring-boot\2.1.2.RELEASE\spring-boot-2.1.2.RELEASE.jar;C:\Users\ambre.favetto\.m2\repository\org\springframework\boot\spring-boot-autoconfigure\2.1.2.RELEASE\spring-boot-autoconfigure-2.1.2.RELEASE.jar;C:\Users\ambre.favetto\.m2\repository\org\springframework\boot\spring-boot-starter-logging\2.1.2.RELEASE\spring-boot-starter-logging-2.1.2.RELEASE.jar;C:\Users\ambre.favetto\.m2\repository\ch\qos\logback\logback-classic\1.2.3\logback-classic-1.2.3.jar;C:\Users\ambre.favetto\.m2\repository\ch\qos\logback\logback-co
Launcher Type: SUN_STANDARD

Environment Variables:
PATH=C:\Program Files\Java\jdk1.8.0_131\jre\bin;C:\Windows\system32;C:\Windows;C:\Windows\System32\Wbem;C:\Program Files (x86)\Java\jdk1.8.0_131\bin;C:\ProgramData\Oracle\Java\javapath;C:\oracle\product\10.2.0\client_1\bin;C:\Windows\System32\WindowsPowerShell\v1.0\;c:\Program Files (x86)\Microsoft SQL Server\100\Tools\Binn\;c:\Program Files\Microsoft SQL Server\100\Tools\Binn\;c:\Program Files\Microsoft SQL Server\100\DTS\Binn\;C:\Program Files\Microsoft\Web Platform Installer\;C:\Program Files (x86)\Microsoft ASP.NET\ASP.NET Web Pages\v1.0\;C:\Program Files\Microsoft SQL Server\110\Tools\Binn\;C:\Program Files (x86)\Windows Kits\8.0\Windows Performance Toolkit\;C:\Program Files\Git\cmd
USERNAME=ambre.favetto
OS=Windows_NT
PROCESSOR_IDENTIFIER=Intel64 Family 6 Model 23 Stepping 10, GenuineIntel



---------------  S Y S T E M  ---------------

OS: Windows 7 , 64 bit Build 7601 (6.1.7601.23418)

CPU:total 2 (initial active 2) (2 cores per cpu, 1 threads per core) family 6 model 23 stepping 10, cmov, cx8, fxsr, mmx, sse, sse2, sse3, ssse3, tsc

Memory: 4k page, physical 8256764k(3645052k free), swap 12332844k(1060336k free)

vm_info: Java HotSpot(TM) 64-Bit Server VM (25.131-b11) for windows-amd64 JRE (1.8.0_131-b11), built on Mar 15 2017 01:23:53 by "java_re" with MS VC++ 10.0 (VS2010)

time: Wed Apr 17 13:43:10 2019
elapsed time: 24 seconds (0d 0h 0m 24s)

