#
# There is insufficient memory for the Java Runtime Environment to continue.
# Native memory allocation (malloc) failed to allocate 114176 bytes for Chunk::new
# Possible reasons:
#   The system is out of physical RAM or swap space
#   In 32 bit mode, the process size limit was hit
# Possible solutions:
#   Reduce memory load on the system
#   Increase physical memory or swap space
#   Check if swap backing store is full
#   Use 64 bit Java on a 64 bit OS
#   Decrease Java heap size (-Xmx/-Xms)
#   Decrease number of Java threads
#   Decrease Java thread stack sizes (-Xss)
#   Set larger code cache with -XX:ReservedCodeCacheSize=
# This output file may be truncated or incomplete.
#
#  Out of Memory Error (allocation.cpp:390), pid=9092, tid=0x000000000000233c
#
# JRE version: Java(TM) SE Runtime Environment (8.0_131-b11) (build 1.8.0_131-b11)
# Java VM: Java HotSpot(TM) 64-Bit Server VM (25.131-b11 mixed mode windows-amd64 compressed oops)
# Failed to write core dump. Minidumps are not enabled by default on client versions of Windows
#

---------------  T H R E A D  ---------------

Current thread (0x0000000057269000):  JavaThread "C2 CompilerThread0" daemon [_thread_in_native, id=9020, stack(0x0000000058b40000,0x0000000058c40000)]

Stack: [0x0000000058b40000,0x0000000058c40000]
[error occurred during error reporting (printing stack bounds), id 0xc0000005]

Native frames: (J=compiled Java code, j=interpreted, Vv=VM code, C=native code)


Current CompileTask:
C2:  67755 1086   !   4       java.util.concurrent.ConcurrentHashMap::putVal (362 bytes)


---------------  P R O C E S S  ---------------

Java Threads: ( => current thread )
  0x000000005982a800 JavaThread "background-preinit" [_thread_in_native, id=7968, stack(0x000000005a080000,0x000000005a180000)]
  0x0000000058c65800 JavaThread "Service Thread" daemon [_thread_blocked, id=7380, stack(0x0000000059290000,0x0000000059390000)]
  0x0000000058c63800 JavaThread "C1 CompilerThread1" daemon [_thread_blocked, id=5964, stack(0x0000000059040000,0x0000000059140000)]
=>0x0000000057269000 JavaThread "C2 CompilerThread0" daemon [_thread_in_native, id=9020, stack(0x0000000058b40000,0x0000000058c40000)]
  0x0000000057256800 JavaThread "JDWP Command Reader" daemon [_thread_in_native, id=8936, stack(0x00000000587d0000,0x00000000588d0000)]
  0x0000000057255000 JavaThread "JDWP Event Helper Thread" daemon [_thread_blocked, id=6884, stack(0x0000000058590000,0x0000000058690000)]
  0x000000005724a000 JavaThread "JDWP Transport Listener: dt_socket" daemon [_thread_blocked, id=1548, stack(0x00000000589f0000,0x0000000058af0000)]
  0x0000000057241000 JavaThread "Attach Listener" daemon [_thread_blocked, id=9152, stack(0x00000000582e0000,0x00000000583e0000)]
  0x000000005723f800 JavaThread "Signal Dispatcher" daemon [_thread_blocked, id=9148, stack(0x00000000580f0000,0x00000000581f0000)]
  0x0000000057222000 JavaThread "Finalizer" daemon [_thread_blocked, id=9124, stack(0x0000000057ea0000,0x0000000057fa0000)]
  0x00000000571d9000 JavaThread "Reference Handler" daemon [_thread_blocked, id=9120, stack(0x0000000057d80000,0x0000000057e80000)]
  0x0000000002203000 JavaThread "main" [_thread_in_native, id=9104, stack(0x0000000002470000,0x0000000002570000)]

Other Threads:
  0x00000000571d1000 VMThread [stack: 0x0000000057b60000,0x0000000057c60000] [id=9116]
  0x0000000058c84800 WatcherThread [stack: 0x0000000059510000,0x0000000059610000] [id=6184]

VM state:not at safepoint (normal execution)

VM Mutex/Monitor currently owned by a thread: None

Heap:
 PSYoungGen      total 37888K, used 31633K [0x00000000d6000000, 0x00000000d8a00000, 0x0000000100000000)
  eden space 32768K, 80% used [0x00000000d6000000,0x00000000d79e6130,0x00000000d8000000)
  from space 5120K, 99% used [0x00000000d8000000,0x00000000d84fe378,0x00000000d8500000)
  to   space 5120K, 0% used [0x00000000d8500000,0x00000000d8500000,0x00000000d8a00000)
 ParOldGen       total 86016K, used 22K [0x0000000082000000, 0x0000000087400000, 0x00000000d6000000)
  object space 86016K, 0% used [0x0000000082000000,0x0000000082005888,0x0000000087400000)
 Metaspace       used 12935K, capacity 13384K, committed 13696K, reserved 1060864K
  class space    used 1688K, capacity 1828K, committed 1920K, reserved 1048576K

Card table byte_map: [0x0000000011c00000,0x0000000012000000] byte_map_base: 0x00000000117f0000

Marking Bits: (ParMarkBitMap*) 0x0000000064bbc720
 Begin Bits: [0x00000000125b0000, 0x0000000014530000)
 End Bits:   [0x0000000014530000, 0x00000000164b0000)

Polling page: 0x0000000000120000

CodeCache: size=245760Kb used=3579Kb max_used=3591Kb free=242180Kb
 bounds [0x0000000002840000, 0x0000000002bd0000, 0x0000000011840000]
 total_blobs=1357 nmethods=1041 adapters=239
 compilation: enabled

Compilation events (10 events):
Event: 64.752 Thread 0x0000000058c63800 nmethod 1081 0x0000000002bc2810 code [0x0000000002bc2960, 0x0000000002bc2a50]
Event: 64.752 Thread 0x0000000058c63800 1082       1       sun.misc.PerfCounter::getFindClasses (4 bytes)
Event: 64.752 Thread 0x0000000058c63800 nmethod 1082 0x0000000002bc2550 code [0x0000000002bc26a0, 0x0000000002bc2790]
Event: 64.790 Thread 0x0000000058c63800 1083       3       sun.reflect.ByteVectorImpl::get (26 bytes)
Event: 64.790 Thread 0x0000000057269000 1084       4       sun.reflect.ClassFileAssembler::emitByte (11 bytes)
Event: 64.790 Thread 0x0000000058c63800 nmethod 1083 0x0000000002bc2090 code [0x0000000002bc2200, 0x0000000002bc2428]
Event: 64.792 Thread 0x0000000057269000 nmethod 1084 0x0000000002bc0650 code [0x0000000002bc07a0, 0x0000000002bc09a8]
Event: 64.792 Thread 0x0000000057269000 1085       4       sun.reflect.ByteVectorImpl::add (38 bytes)
Event: 64.793 Thread 0x0000000057269000 nmethod 1085 0x0000000002bc0290 code [0x0000000002bc03e0, 0x0000000002bc0508]
Event: 67.592 Thread 0x0000000057269000 1086   !   4       java.util.concurrent.ConcurrentHashMap::putVal (362 bytes)

GC Heap History (2 events):
Event: 47.989 GC heap before
{Heap before GC invocations=1 (full 0):
 PSYoungGen      total 37888K, used 32768K [0x00000000d6000000, 0x00000000d8a00000, 0x0000000100000000)
  eden space 32768K, 100% used [0x00000000d6000000,0x00000000d8000000,0x00000000d8000000)
  from space 5120K, 0% used [0x00000000d8500000,0x00000000d8500000,0x00000000d8a00000)
  to   space 5120K, 0% used [0x00000000d8000000,0x00000000d8000000,0x00000000d8500000)
 ParOldGen       total 86016K, used 0K [0x0000000082000000, 0x0000000087400000, 0x00000000d6000000)
  object space 86016K, 0% used [0x0000000082000000,0x0000000082000000,0x0000000087400000)
 Metaspace       used 10511K, capacity 10832K, committed 11136K, reserved 1058816K
  class space    used 1228K, capacity 1310K, committed 1408K, reserved 1048576K
Event: 48.000 GC heap after
Heap after GC invocations=1 (full 0):
 PSYoungGen      total 37888K, used 5112K [0x00000000d6000000, 0x00000000d8a00000, 0x0000000100000000)
  eden space 32768K, 0% used [0x00000000d6000000,0x00000000d6000000,0x00000000d8000000)
  from space 5120K, 99% used [0x00000000d8000000,0x00000000d84fe378,0x00000000d8500000)
  to   space 5120K, 0% used [0x00000000d8500000,0x00000000d8500000,0x00000000d8a00000)
 ParOldGen       total 86016K, used 22K [0x0000000082000000, 0x0000000087400000, 0x00000000d6000000)
  object space 86016K, 0% used [0x0000000082000000,0x0000000082005888,0x0000000087400000)
 Metaspace       used 10511K, capacity 10832K, committed 11136K, reserved 1058816K
  class space    used 1228K, capacity 1310K, committed 1408K, reserved 1048576K
}

Deoptimization events (10 events):
Event: 64.593 Thread 0x000000005982a800 Uncommon trap: reason=range_check action=none pc=0x0000000002adaf8c method=sun.reflect.generics.parser.SignatureParser.current()C @ 34
Event: 64.604 Thread 0x000000005982a800 Uncommon trap: reason=range_check action=none pc=0x0000000002adaf8c method=sun.reflect.generics.parser.SignatureParser.current()C @ 34
Event: 64.607 Thread 0x000000005982a800 Uncommon trap: reason=range_check action=none pc=0x0000000002adaf8c method=sun.reflect.generics.parser.SignatureParser.current()C @ 34
Event: 64.613 Thread 0x000000005982a800 Uncommon trap: reason=range_check action=none pc=0x0000000002adaf8c method=sun.reflect.generics.parser.SignatureParser.current()C @ 34
Event: 64.626 Thread 0x000000005982a800 Uncommon trap: reason=range_check action=none pc=0x0000000002adaf8c method=sun.reflect.generics.parser.SignatureParser.current()C @ 34
Event: 64.628 Thread 0x000000005982a800 Uncommon trap: reason=range_check action=none pc=0x0000000002adaf8c method=sun.reflect.generics.parser.SignatureParser.current()C @ 34
Event: 64.640 Thread 0x000000005982a800 Uncommon trap: reason=range_check action=none pc=0x0000000002adaf8c method=sun.reflect.generics.parser.SignatureParser.current()C @ 34
Event: 64.645 Thread 0x000000005982a800 Uncommon trap: reason=range_check action=none pc=0x0000000002adaf8c method=sun.reflect.generics.parser.SignatureParser.current()C @ 34
Event: 64.660 Thread 0x000000005982a800 Uncommon trap: reason=range_check action=none pc=0x0000000002adaf8c method=sun.reflect.generics.parser.SignatureParser.current()C @ 34
Event: 64.669 Thread 0x000000005982a800 Uncommon trap: reason=range_check action=none pc=0x0000000002adaf8c method=sun.reflect.generics.parser.SignatureParser.current()C @ 34

Internal exceptions (10 events):
Event: 64.593 Thread 0x000000005982a800 Exception <a 'java/lang/ArrayIndexOutOfBoundsException': 176> (0x00000000d76b8840) thrown at [C:\re\workspace\8-2-build-windows-amd64-cygwin\jdk8u131\8869\hotspot\src\share\vm\interpreter\interpreterRuntime.cpp, line 366]
Event: 64.604 Thread 0x000000005982a800 Exception <a 'java/lang/ArrayIndexOutOfBoundsException': 129> (0x00000000d76cadb8) thrown at [C:\re\workspace\8-2-build-windows-amd64-cygwin\jdk8u131\8869\hotspot\src\share\vm\interpreter\interpreterRuntime.cpp, line 366]
Event: 64.607 Thread 0x000000005982a800 Exception <a 'java/lang/ArrayIndexOutOfBoundsException': 181> (0x00000000d76de1b0) thrown at [C:\re\workspace\8-2-build-windows-amd64-cygwin\jdk8u131\8869\hotspot\src\share\vm\interpreter\interpreterRuntime.cpp, line 366]
Event: 64.613 Thread 0x000000005982a800 Exception <a 'java/lang/ArrayIndexOutOfBoundsException': 128> (0x00000000d76f0a38) thrown at [C:\re\workspace\8-2-build-windows-amd64-cygwin\jdk8u131\8869\hotspot\src\share\vm\interpreter\interpreterRuntime.cpp, line 366]
Event: 64.626 Thread 0x000000005982a800 Exception <a 'java/lang/ArrayIndexOutOfBoundsException': 168> (0x00000000d7714fd8) thrown at [C:\re\workspace\8-2-build-windows-amd64-cygwin\jdk8u131\8869\hotspot\src\share\vm\interpreter\interpreterRuntime.cpp, line 366]
Event: 64.628 Thread 0x000000005982a800 Exception <a 'java/lang/ArrayIndexOutOfBoundsException': 159> (0x00000000d7716cc0) thrown at [C:\re\workspace\8-2-build-windows-amd64-cygwin\jdk8u131\8869\hotspot\src\share\vm\interpreter\interpreterRuntime.cpp, line 366]
Event: 64.640 Thread 0x000000005982a800 Exception <a 'java/lang/ArrayIndexOutOfBoundsException': 128> (0x00000000d773a258) thrown at [C:\re\workspace\8-2-build-windows-amd64-cygwin\jdk8u131\8869\hotspot\src\share\vm\interpreter\interpreterRuntime.cpp, line 366]
Event: 64.645 Thread 0x000000005982a800 Exception <a 'java/lang/ArrayIndexOutOfBoundsException': 158> (0x00000000d774fc88) thrown at [C:\re\workspace\8-2-build-windows-amd64-cygwin\jdk8u131\8869\hotspot\src\share\vm\interpreter\interpreterRuntime.cpp, line 366]
Event: 64.660 Thread 0x000000005982a800 Exception <a 'java/lang/ArrayIndexOutOfBoundsException': 132> (0x00000000d7765400) thrown at [C:\re\workspace\8-2-build-windows-amd64-cygwin\jdk8u131\8869\hotspot\src\share\vm\interpreter\interpreterRuntime.cpp, line 366]
Event: 64.669 Thread 0x000000005982a800 Exception <a 'java/lang/ArrayIndexOutOfBoundsException': 123> (0x00000000d7777b08) thrown at [C:\re\workspace\8-2-build-windows-amd64-cygwin\jdk8u131\8869\hotspot\src\share\vm\interpreter\interpreterRuntime.cpp, line 366]

Events (10 events):
Event: 67.581 Thread 0x000000005982a800 DEOPT PACKING pc=0x00000000029beeb4 sp=0x000000005a17caf0
Event: 67.581 Thread 0x000000005982a800 DEOPT UNPACKING pc=0x00000000028871bf sp=0x000000005a17c910 mode 1
Event: 67.585 loading class org/springframework/context/PayloadApplicationEvent
Event: 67.585 loading class org/springframework/context/PayloadApplicationEvent done
Event: 67.585 Thread 0x0000000002203000 DEOPT PACKING pc=0x0000000002a02a71 sp=0x000000000256ce60
Event: 67.585 Thread 0x0000000002203000 DEOPT UNPACKING pc=0x00000000028871bf sp=0x000000000256cbb0 mode 1
Event: 67.585 Thread 0x0000000002203000 DEOPT PACKING pc=0x00000000029bf11c sp=0x000000000256cee0
Event: 67.585 Thread 0x0000000002203000 DEOPT UNPACKING pc=0x00000000028871bf sp=0x000000000256cd00 mode 1
Event: 67.585 Thread 0x0000000002203000 DEOPT PACKING pc=0x00000000029beeb4 sp=0x000000000256d070
Event: 67.585 Thread 0x0000000002203000 DEOPT UNPACKING pc=0x00000000028871bf sp=0x000000000256ce90 mode 1


Dynamic libraries:
0x000000013f810000 - 0x000000013f847000 	C:\Program Files\Java\jdk1.8.0_131\bin\javaw.exe
0x0000000077030000 - 0x00000000771da000 	C:\Windows\SYSTEM32\ntdll.dll
0x0000000076e10000 - 0x0000000076f2f000 	C:\Windows\system32\kernel32.dll
0x000007fefce50000 - 0x000007fefceba000 	C:\Windows\system32\KERNELBASE.dll
0x000007fefefa0000 - 0x000007feff07b000 	C:\Windows\system32\ADVAPI32.dll
0x000007fefed70000 - 0x000007fefee0f000 	C:\Windows\system32\msvcrt.dll
0x000007fefe9c0000 - 0x000007fefe9df000 	C:\Windows\SYSTEM32\sechost.dll
0x000007fefec40000 - 0x000007fefed6d000 	C:\Windows\system32\RPCRT4.dll
0x0000000076f30000 - 0x000000007702a000 	C:\Windows\system32\USER32.dll
0x000007fefe920000 - 0x000007fefe987000 	C:\Windows\system32\GDI32.dll
0x000007fefe910000 - 0x000007fefe91e000 	C:\Windows\system32\LPK.dll
0x000007fefd620000 - 0x000007fefd6ea000 	C:\Windows\system32\USP10.dll
0x000007fefb800000 - 0x000007fefb9f4000 	C:\Windows\WinSxS\amd64_microsoft.windows.common-controls_6595b64144ccf1df_6.0.7601.18837_none_fa3b1e3d17594757\COMCTL32.dll
0x000007fefee10000 - 0x000007fefee81000 	C:\Windows\system32\SHLWAPI.dll
0x000007fefe990000 - 0x000007fefe9be000 	C:\Windows\system32\IMM32.DLL
0x000007fefee90000 - 0x000007fefef99000 	C:\Windows\system32\MSCTF.dll
0x00000000709b0000 - 0x0000000070a82000 	C:\Program Files\Java\jdk1.8.0_131\jre\bin\msvcr100.dll
0x00000000643a0000 - 0x0000000064c3c000 	C:\Program Files\Java\jdk1.8.0_131\jre\bin\server\jvm.dll
0x000007fef95f0000 - 0x000007fef95f9000 	C:\Windows\system32\WSOCK32.dll
0x000007fefebf0000 - 0x000007fefec3d000 	C:\Windows\system32\WS2_32.dll
0x000007fefe900000 - 0x000007fefe908000 	C:\Windows\system32\NSI.dll
0x000007fefad00000 - 0x000007fefad3b000 	C:\Windows\system32\WINMM.dll
0x000007fefbe90000 - 0x000007fefbe9c000 	C:\Windows\system32\VERSION.dll
0x00000000771f0000 - 0x00000000771f7000 	C:\Windows\system32\PSAPI.DLL
0x0000000071b30000 - 0x0000000071b3f000 	C:\Program Files\Java\jdk1.8.0_131\jre\bin\verify.dll
0x0000000070b50000 - 0x0000000070b79000 	C:\Program Files\Java\jdk1.8.0_131\jre\bin\java.dll
0x00000000704e0000 - 0x0000000070515000 	C:\Program Files\Java\jdk1.8.0_131\jre\bin\jdwp.dll
0x0000000071040000 - 0x0000000071048000 	C:\Program Files\Java\jdk1.8.0_131\jre\bin\npt.dll
0x0000000070db0000 - 0x0000000070dc6000 	C:\Program Files\Java\jdk1.8.0_131\jre\bin\zip.dll
0x000007fefd980000 - 0x000007fefe70c000 	C:\Windows\system32\SHELL32.dll
0x000007fefe9e0000 - 0x000007fefebe3000 	C:\Windows\system32\ole32.dll
0x000007fefcdc0000 - 0x000007fefcdcf000 	C:\Windows\system32\profapi.dll
0x0000000070930000 - 0x0000000070939000 	C:\Program Files\Java\jdk1.8.0_131\jre\bin\dt_socket.dll
0x000007fefac80000 - 0x000007fefac95000 	C:\Windows\system32\NLAapi.dll
0x000007fef9a40000 - 0x000007fef9a55000 	C:\Windows\system32\napinsp.dll
0x000007fef9a20000 - 0x000007fef9a39000 	C:\Windows\system32\pnrpnsp.dll
0x000007fefc480000 - 0x000007fefc4d5000 	C:\Windows\System32\mswsock.dll
0x000007fefc370000 - 0x000007fefc3cb000 	C:\Windows\system32\DNSAPI.dll
0x000007fef99c0000 - 0x000007fef99cb000 	C:\Windows\System32\winrnr.dll
0x00000000748b0000 - 0x00000000748de000 	C:\Program Files\Common Files\Microsoft Shared\Windows Live\WLIDNSP.DLL
0x000007fefa8e0000 - 0x000007fefa907000 	C:\Windows\system32\IPHLPAPI.DLL
0x000007fefa820000 - 0x000007fefa82b000 	C:\Windows\system32\WINNSI.DLL
0x000007fefa750000 - 0x000007fefa7a3000 	C:\Windows\System32\fwpuclnt.dll
0x000007fef9a60000 - 0x000007fef9a68000 	C:\Windows\system32\rasadhlp.dll
0x000007fefbf60000 - 0x000007fefbf67000 	C:\Windows\System32\wshtcpip.dll
0x00000000710e0000 - 0x00000000710ed000 	C:\Program Files\Java\jdk1.8.0_131\jre\bin\management.dll
0x0000000070cc0000 - 0x0000000070cda000 	C:\Program Files\Java\jdk1.8.0_131\jre\bin\net.dll
0x000007fefc7b0000 - 0x000007fefc7b7000 	C:\Windows\System32\wship6.dll

VM Arguments:
jvm_args: -agentlib:jdwp=transport=dt_socket,suspend=y,address=localhost:50081 -Dfile.encoding=UTF-8 
java_command: myactivities.myactivities.MyactivitiesApplication
java_class_path (initial): C:\Program Files\Java\jdk1.8.0_131\jre\lib\resources.jar;C:\Program Files\Java\jdk1.8.0_131\jre\lib\rt.jar;C:\Program Files\Java\jdk1.8.0_131\jre\lib\jsse.jar;C:\Program Files\Java\jdk1.8.0_131\jre\lib\jce.jar;C:\Program Files\Java\jdk1.8.0_131\jre\lib\charsets.jar;C:\Program Files\Java\jdk1.8.0_131\jre\lib\jfr.jar;C:\Program Files\Java\jdk1.8.0_131\jre\lib\ext\access-bridge-64.jar;C:\Program Files\Java\jdk1.8.0_131\jre\lib\ext\cldrdata.jar;C:\Program Files\Java\jdk1.8.0_131\jre\lib\ext\dnsns.jar;C:\Program Files\Java\jdk1.8.0_131\jre\lib\ext\jaccess.jar;C:\Program Files\Java\jdk1.8.0_131\jre\lib\ext\jfxrt.jar;C:\Program Files\Java\jdk1.8.0_131\jre\lib\ext\localedata.jar;C:\Program Files\Java\jdk1.8.0_131\jre\lib\ext\nashorn.jar;C:\Program Files\Java\jdk1.8.0_131\jre\lib\ext\sunec.jar;C:\Program Files\Java\jdk1.8.0_131\jre\lib\ext\sunjce_provider.jar;C:\Program Files\Java\jdk1.8.0_131\jre\lib\ext\sunmscapi.jar;C:\Program Files\Java\jdk1.8.0_131\jre\lib\ext\sunpkcs11.jar;C:\Program Files\Java\jdk1.8.0_131\jre\lib\ext\zipfs.jar;F:\ProgrammationBD\TD\dutinfo1-myactivities-Favettou\target\classes;C:\Users\ambre.favetto\.m2\repository\org\springframework\boot\spring-boot-starter-jdbc\2.1.2.RELEASE\spring-boot-starter-jdbc-2.1.2.RELEASE.jar;C:\Users\ambre.favetto\.m2\repository\org\springframework\boot\spring-boot-starter\2.1.2.RELEASE\spring-boot-starter-2.1.2.RELEASE.jar;C:\Users\ambre.favetto\.m2\repository\org\springframework\boot\spring-boot\2.1.2.RELEASE\spring-boot-2.1.2.RELEASE.jar;C:\Users\ambre.favetto\.m2\repository\org\springframework\boot\spring-boot-autoconfigure\2.1.2.RELEASE\spring-boot-autoconfigure-2.1.2.RELEASE.jar;C:\Users\ambre.favetto\.m2\repository\org\springframework\boot\spring-boot-starter-logging\2.1.2.RELEASE\spring-boot-starter-logging-2.1.2.RELEASE.jar;C:\Users\ambre.favetto\.m2\repository\ch\qos\logback\logback-classic\1.2.3\logback-classic-1.2.3.jar;C:\Users\ambre.favetto\.m2\repository\ch\qos\logback\logback-co
Launcher Type: SUN_STANDARD

Environment Variables:
PATH=C:\Program Files\Java\jdk1.8.0_131\jre\bin;C:\Windows\system32;C:\Windows;C:\Windows\System32\Wbem;C:\Program Files (x86)\Java\jdk1.8.0_131\bin;C:\ProgramData\Oracle\Java\javapath;C:\oracle\product\10.2.0\client_1\bin;C:\Windows\System32\WindowsPowerShell\v1.0\;c:\Program Files (x86)\Microsoft SQL Server\100\Tools\Binn\;c:\Program Files\Microsoft SQL Server\100\Tools\Binn\;c:\Program Files\Microsoft SQL Server\100\DTS\Binn\;C:\Program Files\Microsoft\Web Platform Installer\;C:\Program Files (x86)\Microsoft ASP.NET\ASP.NET Web Pages\v1.0\;C:\Program Files\Microsoft SQL Server\110\Tools\Binn\;C:\Program Files (x86)\Windows Kits\8.0\Windows Performance Toolkit\;C:\Program Files\Git\cmd
USERNAME=ambre.favetto
OS=Windows_NT
PROCESSOR_IDENTIFIER=Intel64 Family 6 Model 23 Stepping 10, GenuineIntel



---------------  S Y S T E M  ---------------

OS: Windows 7 , 64 bit Build 7601 (6.1.7601.23418)

CPU:total 2 (initial active 2) (2 cores per cpu, 1 threads per core) family 6 model 23 stepping 10, cmov, cx8, fxsr, mmx, sse, sse2, sse3, ssse3, tsc

Memory: 4k page, physical 8256764k(2762472k free), swap 12362800k(4760k free)

vm_info: Java HotSpot(TM) 64-Bit Server VM (25.131-b11) for windows-amd64 JRE (1.8.0_131-b11), built on Mar 15 2017 01:23:53 by "java_re" with MS VC++ 10.0 (VS2010)

time: Wed Apr 17 13:44:22 2019
elapsed time: 67 seconds (0d 0h 1m 7s)

