#
# There is insufficient memory for the Java Runtime Environment to continue.
# Native memory allocation (malloc) failed to allocate 47168 bytes for Chunk::new
# Possible reasons:
#   The system is out of physical RAM or swap space
#   In 32 bit mode, the process size limit was hit
# Possible solutions:
#   Reduce memory load on the system
#   Increase physical memory or swap space
#   Check if swap backing store is full
#   Use 64 bit Java on a 64 bit OS
#   Decrease Java heap size (-Xmx/-Xms)
#   Decrease number of Java threads
#   Decrease Java thread stack sizes (-Xss)
#   Set larger code cache with -XX:ReservedCodeCacheSize=
# This output file may be truncated or incomplete.
#
#  Out of Memory Error (allocation.cpp:390), pid=8968, tid=0x00000000000024f8
#
# JRE version: Java(TM) SE Runtime Environment (8.0_131-b11) (build 1.8.0_131-b11)
# Java VM: Java HotSpot(TM) 64-Bit Server VM (25.131-b11 mixed mode windows-amd64 compressed oops)
# Failed to write core dump. Minidumps are not enabled by default on client versions of Windows
#

---------------  T H R E A D  ---------------

Current thread (0x00000000573a9000):  JavaThread "C2 CompilerThread0" daemon [_thread_in_native, id=9464, stack(0x0000000058fb0000,0x00000000590b0000)]

Stack: [0x0000000058fb0000,0x00000000590b0000]
[error occurred during error reporting (printing stack bounds), id 0xc0000005]

Native frames: (J=compiled Java code, j=interpreted, Vv=VM code, C=native code)


Current CompileTask:
C2: 116346 1053       4       java.util.HashMap::put (13 bytes)


---------------  P R O C E S S  ---------------

Java Threads: ( => current thread )
  0x0000000059140000 JavaThread "background-preinit" [_thread_in_native, id=9408, stack(0x0000000059fc0000,0x000000005a0c0000)]
  0x00000000590d5800 JavaThread "Service Thread" daemon [_thread_blocked, id=9476, stack(0x00000000596c0000,0x00000000597c0000)]
  0x00000000590d3800 JavaThread "C1 CompilerThread1" daemon [_thread_blocked, id=9472, stack(0x0000000059500000,0x0000000059600000)]
=>0x00000000573a9000 JavaThread "C2 CompilerThread0" daemon [_thread_in_native, id=9464, stack(0x0000000058fb0000,0x00000000590b0000)]
  0x0000000057396800 JavaThread "JDWP Command Reader" daemon [_thread_in_native, id=9272, stack(0x0000000058d70000,0x0000000058e70000)]
  0x0000000057395000 JavaThread "JDWP Event Helper Thread" daemon [_thread_blocked, id=9264, stack(0x0000000058b60000,0x0000000058c60000)]
  0x0000000057390800 JavaThread "JDWP Transport Listener: dt_socket" daemon [_thread_blocked, id=9260, stack(0x0000000058a50000,0x0000000058b50000)]
  0x0000000057381000 JavaThread "Attach Listener" daemon [_thread_blocked, id=6656, stack(0x0000000058430000,0x0000000058530000)]
  0x000000005737f800 JavaThread "Signal Dispatcher" daemon [_thread_blocked, id=9044, stack(0x0000000058270000,0x0000000058370000)]
  0x0000000057362000 JavaThread "Finalizer" daemon [_thread_blocked, id=7480, stack(0x00000000580b0000,0x00000000581b0000)]
  0x0000000057319000 JavaThread "Reference Handler" daemon [_thread_blocked, id=6376, stack(0x0000000057c70000,0x0000000057d70000)]
  0x00000000021c3000 JavaThread "main" [_thread_in_native, id=8980, stack(0x00000000025a0000,0x00000000026a0000)]

Other Threads:
  0x0000000057311000 VMThread [stack: 0x0000000057e00000,0x0000000057f00000] [id=3772]
  0x0000000059110800 WatcherThread [stack: 0x0000000058e80000,0x0000000058f80000] [id=9484]

VM state:not at safepoint (normal execution)

VM Mutex/Monitor currently owned by a thread: None

Heap:
 PSYoungGen      total 37888K, used 21608K [0x00000000d6000000, 0x00000000d8a00000, 0x0000000100000000)
  eden space 32768K, 50% used [0x00000000d6000000,0x00000000d701de10,0x00000000d8000000)
  from space 5120K, 99% used [0x00000000d8000000,0x00000000d84fc4c0,0x00000000d8500000)
  to   space 5120K, 0% used [0x00000000d8500000,0x00000000d8500000,0x00000000d8a00000)
 ParOldGen       total 86016K, used 99K [0x0000000082000000, 0x0000000087400000, 0x00000000d6000000)
  object space 86016K, 0% used [0x0000000082000000,0x0000000082018fe0,0x0000000087400000)
 Metaspace       used 12341K, capacity 12766K, committed 13056K, reserved 1060864K
  class space    used 1551K, capacity 1667K, committed 1792K, reserved 1048576K

Card table byte_map: [0x0000000011d30000,0x0000000012130000] byte_map_base: 0x0000000011920000

Marking Bits: (ParMarkBitMap*) 0x0000000064bbc720
 Begin Bits: [0x00000000126f0000, 0x0000000014670000)
 End Bits:   [0x0000000014670000, 0x00000000165f0000)

Polling page: 0x0000000000220000

CodeCache: size=245760Kb used=3589Kb max_used=3589Kb free=242170Kb
 bounds [0x0000000002970000, 0x0000000002d00000, 0x0000000011970000]
 total_blobs=1353 nmethods=1037 adapters=239
 compilation: enabled

Compilation events (10 events):
Event: 114.408 Thread 0x00000000590d3800 nmethod 1050 0x0000000002cedc50 code [0x0000000002ceddc0, 0x0000000002cee138]
Event: 114.408 Thread 0x00000000590d3800 1051       3       java.lang.invoke.LambdaForm$DMH/245475541::invokeStatic_L_L (14 bytes)
Event: 114.408 Thread 0x00000000590d3800 nmethod 1051 0x0000000002cee210 code [0x0000000002cee3a0, 0x0000000002cee778]
Event: 114.408 Thread 0x00000000590d3800 1048       3       org.springframework.boot.context.properties.source.ConfigurationPropertyName::adapt (7 bytes)
Event: 114.409 Thread 0x00000000590d3800 nmethod 1048 0x0000000002cee890 code [0x0000000002ceea00, 0x0000000002ceeb88]
Event: 114.409 Thread 0x00000000590d3800 1045       3       org.springframework.core.env.SystemEnvironmentPropertySource::containsKey (42 bytes)
Event: 114.410 Thread 0x00000000590d3800 nmethod 1045 0x0000000002ceec10 code [0x0000000002ceedc0, 0x0000000002cef548]
Event: 115.556 Thread 0x00000000590d3800 1052       3       java.util.HashMap::tableSizeFor (59 bytes)
Event: 115.556 Thread 0x00000000573a9000 1053       4       java.util.HashMap::put (13 bytes)
Event: 115.556 Thread 0x00000000590d3800 nmethod 1052 0x0000000002cef750 code [0x0000000002cef8c0, 0x0000000002cefad0]

GC Heap History (2 events):
Event: 44.958 GC heap before
{Heap before GC invocations=1 (full 0):
 PSYoungGen      total 37888K, used 32768K [0x00000000d6000000, 0x00000000d8a00000, 0x0000000100000000)
  eden space 32768K, 100% used [0x00000000d6000000,0x00000000d8000000,0x00000000d8000000)
  from space 5120K, 0% used [0x00000000d8500000,0x00000000d8500000,0x00000000d8a00000)
  to   space 5120K, 0% used [0x00000000d8000000,0x00000000d8000000,0x00000000d8500000)
 ParOldGen       total 86016K, used 0K [0x0000000082000000, 0x0000000087400000, 0x00000000d6000000)
  object space 86016K, 0% used [0x0000000082000000,0x0000000082000000,0x0000000087400000)
 Metaspace       used 10593K, capacity 10920K, committed 11136K, reserved 1058816K
  class space    used 1250K, capacity 1342K, committed 1408K, reserved 1048576K
Event: 44.968 GC heap after
Heap after GC invocations=1 (full 0):
 PSYoungGen      total 37888K, used 5105K [0x00000000d6000000, 0x00000000d8a00000, 0x0000000100000000)
  eden space 32768K, 0% used [0x00000000d6000000,0x00000000d6000000,0x00000000d8000000)
  from space 5120K, 99% used [0x00000000d8000000,0x00000000d84fc4c0,0x00000000d8500000)
  to   space 5120K, 0% used [0x00000000d8500000,0x00000000d8500000,0x00000000d8a00000)
 ParOldGen       total 86016K, used 99K [0x0000000082000000, 0x0000000087400000, 0x00000000d6000000)
  object space 86016K, 0% used [0x0000000082000000,0x0000000082018fe0,0x0000000087400000)
 Metaspace       used 10593K, capacity 10920K, committed 11136K, reserved 1058816K
  class space    used 1250K, capacity 1342K, committed 1408K, reserved 1048576K
}

Deoptimization events (10 events):
Event: 69.547 Thread 0x0000000059140000 Uncommon trap: reason=range_check action=none pc=0x0000000002c0598c method=sun.reflect.generics.parser.SignatureParser.current()C @ 34
Event: 69.547 Thread 0x0000000059140000 Uncommon trap: reason=range_check action=none pc=0x0000000002c0598c method=sun.reflect.generics.parser.SignatureParser.current()C @ 34
Event: 69.962 Thread 0x0000000059140000 Uncommon trap: reason=range_check action=none pc=0x0000000002c0598c method=sun.reflect.generics.parser.SignatureParser.current()C @ 34
Event: 69.962 Thread 0x0000000059140000 Uncommon trap: reason=range_check action=none pc=0x0000000002c0598c method=sun.reflect.generics.parser.SignatureParser.current()C @ 34
Event: 69.962 Thread 0x0000000059140000 Uncommon trap: reason=range_check action=none pc=0x0000000002c0598c method=sun.reflect.generics.parser.SignatureParser.current()C @ 34
Event: 69.962 Thread 0x0000000059140000 Uncommon trap: reason=range_check action=none pc=0x0000000002c0598c method=sun.reflect.generics.parser.SignatureParser.current()C @ 34
Event: 69.962 Thread 0x0000000059140000 Uncommon trap: reason=range_check action=none pc=0x0000000002c0598c method=sun.reflect.generics.parser.SignatureParser.current()C @ 34
Event: 69.962 Thread 0x0000000059140000 Uncommon trap: reason=range_check action=none pc=0x0000000002c0598c method=sun.reflect.generics.parser.SignatureParser.current()C @ 34
Event: 69.963 Thread 0x0000000059140000 Uncommon trap: reason=range_check action=none pc=0x0000000002c0598c method=sun.reflect.generics.parser.SignatureParser.current()C @ 34
Event: 69.963 Thread 0x0000000059140000 Uncommon trap: reason=range_check action=none pc=0x0000000002c0598c method=sun.reflect.generics.parser.SignatureParser.current()C @ 34

Internal exceptions (10 events):
Event: 69.547 Thread 0x0000000059140000 Exception <a 'java/lang/ArrayIndexOutOfBoundsException': 112> (0x00000000d6e6b9d8) thrown at [C:\re\workspace\8-2-build-windows-amd64-cygwin\jdk8u131\8869\hotspot\src\share\vm\interpreter\interpreterRuntime.cpp, line 366]
Event: 69.547 Thread 0x0000000059140000 Exception <a 'java/lang/ArrayIndexOutOfBoundsException': 116> (0x00000000d6e6d4f8) thrown at [C:\re\workspace\8-2-build-windows-amd64-cygwin\jdk8u131\8869\hotspot\src\share\vm\interpreter\interpreterRuntime.cpp, line 366]
Event: 69.962 Thread 0x0000000059140000 Exception <a 'java/lang/ArrayIndexOutOfBoundsException': 116> (0x00000000d6ecc2e0) thrown at [C:\re\workspace\8-2-build-windows-amd64-cygwin\jdk8u131\8869\hotspot\src\share\vm\interpreter\interpreterRuntime.cpp, line 366]
Event: 69.962 Thread 0x0000000059140000 Exception <a 'java/lang/ArrayIndexOutOfBoundsException': 117> (0x00000000d6ecdbd0) thrown at [C:\re\workspace\8-2-build-windows-amd64-cygwin\jdk8u131\8869\hotspot\src\share\vm\interpreter\interpreterRuntime.cpp, line 366]
Event: 69.962 Thread 0x0000000059140000 Exception <a 'java/lang/ArrayIndexOutOfBoundsException': 116> (0x00000000d6ecf740) thrown at [C:\re\workspace\8-2-build-windows-amd64-cygwin\jdk8u131\8869\hotspot\src\share\vm\interpreter\interpreterRuntime.cpp, line 366]
Event: 69.962 Thread 0x0000000059140000 Exception <a 'java/lang/ArrayIndexOutOfBoundsException': 112> (0x00000000d6ed1158) thrown at [C:\re\workspace\8-2-build-windows-amd64-cygwin\jdk8u131\8869\hotspot\src\share\vm\interpreter\interpreterRuntime.cpp, line 366]
Event: 69.962 Thread 0x0000000059140000 Exception <a 'java/lang/ArrayIndexOutOfBoundsException': 111> (0x00000000d6ed2b60) thrown at [C:\re\workspace\8-2-build-windows-amd64-cygwin\jdk8u131\8869\hotspot\src\share\vm\interpreter\interpreterRuntime.cpp, line 366]
Event: 69.962 Thread 0x0000000059140000 Exception <a 'java/lang/ArrayIndexOutOfBoundsException': 110> (0x00000000d6ed4560) thrown at [C:\re\workspace\8-2-build-windows-amd64-cygwin\jdk8u131\8869\hotspot\src\share\vm\interpreter\interpreterRuntime.cpp, line 366]
Event: 69.963 Thread 0x0000000059140000 Exception <a 'java/lang/ArrayIndexOutOfBoundsException': 112> (0x00000000d6ed5f68) thrown at [C:\re\workspace\8-2-build-windows-amd64-cygwin\jdk8u131\8869\hotspot\src\share\vm\interpreter\interpreterRuntime.cpp, line 366]
Event: 69.963 Thread 0x0000000059140000 Exception <a 'java/lang/ArrayIndexOutOfBoundsException': 116> (0x00000000d6ed7a88) thrown at [C:\re\workspace\8-2-build-windows-amd64-cygwin\jdk8u131\8869\hotspot\src\share\vm\interpreter\interpreterRuntime.cpp, line 366]

Events (10 events):
Event: 115.491 Thread 0x00000000021c3000 DEOPT PACKING pc=0x0000000002ae8e34 sp=0x000000000269df20
Event: 115.491 Thread 0x00000000021c3000 DEOPT UNPACKING pc=0x00000000029b71bf sp=0x000000000269dd40 mode 1
Event: 115.508 loading class org/hibernate/validator/internal/constraintvalidators/bv/number/sign/NegativeValidatorForByte
Event: 115.508 loading class org/hibernate/validator/internal/constraintvalidators/bv/number/sign/NegativeValidatorForByte done
Event: 115.508 Thread 0x0000000059140000 DEOPT PACKING pc=0x0000000002b2a031 sp=0x000000005a0bdc30
Event: 115.508 Thread 0x0000000059140000 DEOPT UNPACKING pc=0x00000000029b71bf sp=0x000000005a0bd980 mode 1
Event: 115.509 Thread 0x0000000059140000 DEOPT PACKING pc=0x0000000002ae909c sp=0x000000005a0bdcb0
Event: 115.509 Thread 0x0000000059140000 DEOPT UNPACKING pc=0x00000000029b71bf sp=0x000000005a0bdad0 mode 1
Event: 115.509 Thread 0x0000000059140000 DEOPT PACKING pc=0x0000000002ae8e34 sp=0x000000005a0bde40
Event: 115.509 Thread 0x0000000059140000 DEOPT UNPACKING pc=0x00000000029b71bf sp=0x000000005a0bdc60 mode 1


Dynamic libraries:
0x000000013f810000 - 0x000000013f847000 	C:\Program Files\Java\jdk1.8.0_131\bin\javaw.exe
0x0000000077030000 - 0x00000000771da000 	C:\Windows\SYSTEM32\ntdll.dll
0x0000000076e10000 - 0x0000000076f2f000 	C:\Windows\system32\kernel32.dll
0x000007fefce50000 - 0x000007fefceba000 	C:\Windows\system32\KERNELBASE.dll
0x000007fefefa0000 - 0x000007feff07b000 	C:\Windows\system32\ADVAPI32.dll
0x000007fefed70000 - 0x000007fefee0f000 	C:\Windows\system32\msvcrt.dll
0x000007fefe9c0000 - 0x000007fefe9df000 	C:\Windows\SYSTEM32\sechost.dll
0x000007fefec40000 - 0x000007fefed6d000 	C:\Windows\system32\RPCRT4.dll
0x0000000076f30000 - 0x000000007702a000 	C:\Windows\system32\USER32.dll
0x000007fefe920000 - 0x000007fefe987000 	C:\Windows\system32\GDI32.dll
0x000007fefe910000 - 0x000007fefe91e000 	C:\Windows\system32\LPK.dll
0x000007fefd620000 - 0x000007fefd6ea000 	C:\Windows\system32\USP10.dll
0x000007fefb800000 - 0x000007fefb9f4000 	C:\Windows\WinSxS\amd64_microsoft.windows.common-controls_6595b64144ccf1df_6.0.7601.18837_none_fa3b1e3d17594757\COMCTL32.dll
0x000007fefee10000 - 0x000007fefee81000 	C:\Windows\system32\SHLWAPI.dll
0x000007fefe990000 - 0x000007fefe9be000 	C:\Windows\system32\IMM32.DLL
0x000007fefee90000 - 0x000007fefef99000 	C:\Windows\system32\MSCTF.dll
0x00000000709b0000 - 0x0000000070a82000 	C:\Program Files\Java\jdk1.8.0_131\jre\bin\msvcr100.dll
0x00000000643a0000 - 0x0000000064c3c000 	C:\Program Files\Java\jdk1.8.0_131\jre\bin\server\jvm.dll
0x000007fef95f0000 - 0x000007fef95f9000 	C:\Windows\system32\WSOCK32.dll
0x000007fefebf0000 - 0x000007fefec3d000 	C:\Windows\system32\WS2_32.dll
0x000007fefe900000 - 0x000007fefe908000 	C:\Windows\system32\NSI.dll
0x000007fefad00000 - 0x000007fefad3b000 	C:\Windows\system32\WINMM.dll
0x000007fefbe90000 - 0x000007fefbe9c000 	C:\Windows\system32\VERSION.dll
0x00000000771f0000 - 0x00000000771f7000 	C:\Windows\system32\PSAPI.DLL
0x0000000071b30000 - 0x0000000071b3f000 	C:\Program Files\Java\jdk1.8.0_131\jre\bin\verify.dll
0x0000000070b50000 - 0x0000000070b79000 	C:\Program Files\Java\jdk1.8.0_131\jre\bin\java.dll
0x00000000704e0000 - 0x0000000070515000 	C:\Program Files\Java\jdk1.8.0_131\jre\bin\jdwp.dll
0x0000000071040000 - 0x0000000071048000 	C:\Program Files\Java\jdk1.8.0_131\jre\bin\npt.dll
0x0000000070db0000 - 0x0000000070dc6000 	C:\Program Files\Java\jdk1.8.0_131\jre\bin\zip.dll
0x000007fefd980000 - 0x000007fefe70c000 	C:\Windows\system32\SHELL32.dll
0x000007fefe9e0000 - 0x000007fefebe3000 	C:\Windows\system32\ole32.dll
0x000007fefcdc0000 - 0x000007fefcdcf000 	C:\Windows\system32\profapi.dll
0x0000000070930000 - 0x0000000070939000 	C:\Program Files\Java\jdk1.8.0_131\jre\bin\dt_socket.dll
0x000007fefac80000 - 0x000007fefac95000 	C:\Windows\system32\NLAapi.dll
0x000007fef9a40000 - 0x000007fef9a55000 	C:\Windows\system32\napinsp.dll
0x000007fef9a20000 - 0x000007fef9a39000 	C:\Windows\system32\pnrpnsp.dll
0x000007fefc480000 - 0x000007fefc4d5000 	C:\Windows\System32\mswsock.dll
0x000007fefc370000 - 0x000007fefc3cb000 	C:\Windows\system32\DNSAPI.dll
0x000007fef99c0000 - 0x000007fef99cb000 	C:\Windows\System32\winrnr.dll
0x00000000748b0000 - 0x00000000748de000 	C:\Program Files\Common Files\Microsoft Shared\Windows Live\WLIDNSP.DLL
0x000007fefa8e0000 - 0x000007fefa907000 	C:\Windows\system32\IPHLPAPI.DLL
0x000007fefa820000 - 0x000007fefa82b000 	C:\Windows\system32\WINNSI.DLL
0x000007fefa750000 - 0x000007fefa7a3000 	C:\Windows\System32\fwpuclnt.dll
0x000007fef9a60000 - 0x000007fef9a68000 	C:\Windows\system32\rasadhlp.dll
0x000007fefbf60000 - 0x000007fefbf67000 	C:\Windows\System32\wshtcpip.dll
0x00000000710e0000 - 0x00000000710ed000 	C:\Program Files\Java\jdk1.8.0_131\jre\bin\management.dll
0x0000000070cc0000 - 0x0000000070cda000 	C:\Program Files\Java\jdk1.8.0_131\jre\bin\net.dll
0x000007fefc7b0000 - 0x000007fefc7b7000 	C:\Windows\System32\wship6.dll

VM Arguments:
jvm_args: -agentlib:jdwp=transport=dt_socket,suspend=y,address=localhost:50074 -Dfile.encoding=UTF-8 
java_command: myactivities.myactivities.MyactivitiesApplication
java_class_path (initial): C:\Program Files\Java\jdk1.8.0_131\jre\lib\resources.jar;C:\Program Files\Java\jdk1.8.0_131\jre\lib\rt.jar;C:\Program Files\Java\jdk1.8.0_131\jre\lib\jsse.jar;C:\Program Files\Java\jdk1.8.0_131\jre\lib\jce.jar;C:\Program Files\Java\jdk1.8.0_131\jre\lib\charsets.jar;C:\Program Files\Java\jdk1.8.0_131\jre\lib\jfr.jar;C:\Program Files\Java\jdk1.8.0_131\jre\lib\ext\access-bridge-64.jar;C:\Program Files\Java\jdk1.8.0_131\jre\lib\ext\cldrdata.jar;C:\Program Files\Java\jdk1.8.0_131\jre\lib\ext\dnsns.jar;C:\Program Files\Java\jdk1.8.0_131\jre\lib\ext\jaccess.jar;C:\Program Files\Java\jdk1.8.0_131\jre\lib\ext\jfxrt.jar;C:\Program Files\Java\jdk1.8.0_131\jre\lib\ext\localedata.jar;C:\Program Files\Java\jdk1.8.0_131\jre\lib\ext\nashorn.jar;C:\Program Files\Java\jdk1.8.0_131\jre\lib\ext\sunec.jar;C:\Program Files\Java\jdk1.8.0_131\jre\lib\ext\sunjce_provider.jar;C:\Program Files\Java\jdk1.8.0_131\jre\lib\ext\sunmscapi.jar;C:\Program Files\Java\jdk1.8.0_131\jre\lib\ext\sunpkcs11.jar;C:\Program Files\Java\jdk1.8.0_131\jre\lib\ext\zipfs.jar;F:\ProgrammationBD\TD\dutinfo1-myactivities-Favettou\target\classes;C:\Users\ambre.favetto\.m2\repository\org\springframework\boot\spring-boot-starter-jdbc\2.1.2.RELEASE\spring-boot-starter-jdbc-2.1.2.RELEASE.jar;C:\Users\ambre.favetto\.m2\repository\org\springframework\boot\spring-boot-starter\2.1.2.RELEASE\spring-boot-starter-2.1.2.RELEASE.jar;C:\Users\ambre.favetto\.m2\repository\org\springframework\boot\spring-boot\2.1.2.RELEASE\spring-boot-2.1.2.RELEASE.jar;C:\Users\ambre.favetto\.m2\repository\org\springframework\boot\spring-boot-autoconfigure\2.1.2.RELEASE\spring-boot-autoconfigure-2.1.2.RELEASE.jar;C:\Users\ambre.favetto\.m2\repository\org\springframework\boot\spring-boot-starter-logging\2.1.2.RELEASE\spring-boot-starter-logging-2.1.2.RELEASE.jar;C:\Users\ambre.favetto\.m2\repository\ch\qos\logback\logback-classic\1.2.3\logback-classic-1.2.3.jar;C:\Users\ambre.favetto\.m2\repository\ch\qos\logback\logback-co
Launcher Type: SUN_STANDARD

Environment Variables:
PATH=C:\Program Files\Java\jdk1.8.0_131\jre\bin;C:\Windows\system32;C:\Windows;C:\Windows\System32\Wbem;C:\Program Files (x86)\Java\jdk1.8.0_131\bin;C:\ProgramData\Oracle\Java\javapath;C:\oracle\product\10.2.0\client_1\bin;C:\Windows\System32\WindowsPowerShell\v1.0\;c:\Program Files (x86)\Microsoft SQL Server\100\Tools\Binn\;c:\Program Files\Microsoft SQL Server\100\Tools\Binn\;c:\Program Files\Microsoft SQL Server\100\DTS\Binn\;C:\Program Files\Microsoft\Web Platform Installer\;C:\Program Files (x86)\Microsoft ASP.NET\ASP.NET Web Pages\v1.0\;C:\Program Files\Microsoft SQL Server\110\Tools\Binn\;C:\Program Files (x86)\Windows Kits\8.0\Windows Performance Toolkit\;C:\Program Files\Git\cmd
USERNAME=ambre.favetto
OS=Windows_NT
PROCESSOR_IDENTIFIER=Intel64 Family 6 Model 23 Stepping 10, GenuineIntel



---------------  S Y S T E M  ---------------

OS: Windows 7 , 64 bit Build 7601 (6.1.7601.23418)

CPU:total 2 (initial active 2) (2 cores per cpu, 1 threads per core) family 6 model 23 stepping 10, cmov, cx8, fxsr, mmx, sse, sse2, sse3, ssse3, tsc

Memory: 4k page, physical 8256764k(3012096k free), swap 12362800k(54496k free)

vm_info: Java HotSpot(TM) 64-Bit Server VM (25.131-b11) for windows-amd64 JRE (1.8.0_131-b11), built on Mar 15 2017 01:23:53 by "java_re" with MS VC++ 10.0 (VS2010)

time: Wed Apr 17 13:45:18 2019
elapsed time: 116 seconds (0d 0h 1m 56s)

