#
# There is insufficient memory for the Java Runtime Environment to continue.
# Native memory allocation (malloc) failed to allocate 54416 bytes for Chunk::new
# Possible reasons:
#   The system is out of physical RAM or swap space
#   In 32 bit mode, the process size limit was hit
# Possible solutions:
#   Reduce memory load on the system
#   Increase physical memory or swap space
#   Check if swap backing store is full
#   Use 64 bit Java on a 64 bit OS
#   Decrease Java heap size (-Xmx/-Xms)
#   Decrease number of Java threads
#   Decrease Java thread stack sizes (-Xss)
#   Set larger code cache with -XX:ReservedCodeCacheSize=
# This output file may be truncated or incomplete.
#
#  Out of Memory Error (allocation.cpp:390), pid=7156, tid=0x0000000000001084
#
# JRE version: Java(TM) SE Runtime Environment (8.0_131-b11) (build 1.8.0_131-b11)
# Java VM: Java HotSpot(TM) 64-Bit Server VM (25.131-b11 mixed mode windows-amd64 compressed oops)
# Failed to write core dump. Minidumps are not enabled by default on client versions of Windows
#

---------------  T H R E A D  ---------------

Current thread (0x00000000573f9000):  JavaThread "C2 CompilerThread0" daemon [_thread_in_native, id=4228, stack(0x00000000585a0000,0x00000000586a0000)]

Stack: [0x00000000585a0000,0x00000000586a0000]
[error occurred during error reporting (printing stack bounds), id 0xc0000005]

Native frames: (J=compiled Java code, j=interpreted, Vv=VM code, C=native code)


Current CompileTask:
C2:  24711  971       4       java.util.HashMap::putVal (300 bytes)


---------------  P R O C E S S  ---------------

Java Threads: ( => current thread )
  0x000000005990f000 JavaThread "background-preinit" [_thread_in_native, id=4784, stack(0x0000000059e40000,0x0000000059f40000)]
  0x0000000058c05800 JavaThread "Service Thread" daemon [_thread_blocked, id=6832, stack(0x0000000059150000,0x0000000059250000)]
  0x0000000058c03800 JavaThread "C1 CompilerThread1" daemon [_thread_blocked, id=4952, stack(0x0000000059050000,0x0000000059150000)]
=>0x00000000573f9000 JavaThread "C2 CompilerThread0" daemon [_thread_in_native, id=4228, stack(0x00000000585a0000,0x00000000586a0000)]
  0x00000000573e6800 JavaThread "JDWP Command Reader" daemon [_thread_in_native, id=4608, stack(0x0000000058ae0000,0x0000000058be0000)]
  0x00000000573e5000 JavaThread "JDWP Event Helper Thread" daemon [_thread_blocked, id=5180, stack(0x00000000586f0000,0x00000000587f0000)]
  0x00000000573da000 JavaThread "JDWP Transport Listener: dt_socket" daemon [_thread_blocked, id=5852, stack(0x0000000058960000,0x0000000058a60000)]
  0x00000000573d1000 JavaThread "Attach Listener" daemon [_thread_blocked, id=3044, stack(0x0000000058290000,0x0000000058390000)]
  0x00000000573cf800 JavaThread "Signal Dispatcher" daemon [_thread_blocked, id=3272, stack(0x0000000058000000,0x0000000058100000)]
  0x00000000573ac800 JavaThread "Finalizer" daemon [_thread_blocked, id=6968, stack(0x0000000057cb0000,0x0000000057db0000)]
  0x0000000057369000 JavaThread "Reference Handler" daemon [_thread_blocked, id=5876, stack(0x0000000057e70000,0x0000000057f70000)]
  0x00000000021d3000 JavaThread "main" [_thread_in_native, id=2432, stack(0x0000000002510000,0x0000000002610000)]

Other Threads:
  0x0000000057361000 VMThread [stack: 0x0000000012340000,0x0000000012440000] [id=3504]
  0x0000000058c23800 WatcherThread [stack: 0x00000000594c0000,0x00000000595c0000] [id=1852]

VM state:not at safepoint (normal execution)

VM Mutex/Monitor currently owned by a thread: None

Heap:
 PSYoungGen      total 37888K, used 20883K [0x00000000d6000000, 0x00000000d8a00000, 0x0000000100000000)
  eden space 32768K, 48% used [0x00000000d6000000,0x00000000d6f6c558,0x00000000d8000000)
  from space 5120K, 99% used [0x00000000d8000000,0x00000000d84f86f0,0x00000000d8500000)
  to   space 5120K, 0% used [0x00000000d8500000,0x00000000d8500000,0x00000000d8a00000)
 ParOldGen       total 86016K, used 8K [0x0000000082000000, 0x0000000087400000, 0x00000000d6000000)
  object space 86016K, 0% used [0x0000000082000000,0x0000000082002000,0x0000000087400000)
 Metaspace       used 12029K, capacity 12398K, committed 12672K, reserved 1062912K
  class space    used 1497K, capacity 1595K, committed 1664K, reserved 1048576K

Card table byte_map: [0x0000000011ca0000,0x00000000120a0000] byte_map_base: 0x0000000011890000

Marking Bits: (ParMarkBitMap*) 0x0000000064bbc720
 Begin Bits: [0x0000000012740000, 0x00000000146c0000)
 End Bits:   [0x00000000146c0000, 0x0000000016640000)

Polling page: 0x0000000000120000

CodeCache: size=245760Kb used=3499Kb max_used=3499Kb free=242260Kb
 bounds [0x00000000028e0000, 0x0000000002c50000, 0x00000000118e0000]
 total_blobs=1275 nmethods=959 adapters=239
 compilation: enabled

Compilation events (10 events):
Event: 23.421 Thread 0x0000000058c03800  961       1       java.lang.invoke.InnerClassLambdaMetafactory::access$300 (5 bytes)
Event: 23.421 Thread 0x0000000058c03800 nmethod 961 0x0000000002c47f50 code [0x0000000002c480a0, 0x0000000002c48190]
Event: 23.421 Thread 0x0000000058c03800  963       1       java.util.stream.MatchOps$MatchKind::access$100 (5 bytes)
Event: 23.421 Thread 0x0000000058c03800 nmethod 963 0x0000000002c48210 code [0x0000000002c48360, 0x0000000002c48450]
Event: 23.421 Thread 0x0000000058c03800  964       1       java.util.stream.MatchOps$BooleanTerminalSink::cancellationRequested (5 bytes)
Event: 23.422 Thread 0x0000000058c03800 nmethod 964 0x0000000002c484d0 code [0x0000000002c48620, 0x0000000002c48730]
Event: 23.705 Thread 0x0000000058c03800  967       3       java.lang.ProcessEnvironment::nonNullString (17 bytes)
Event: 23.706 Thread 0x0000000058c03800 nmethod 967 0x0000000002c48790 code [0x0000000002c48900, 0x0000000002c48c08]
Event: 23.732 Thread 0x0000000058c03800  968       3       java.util.EnumSet::noneOf (63 bytes)
Event: 23.733 Thread 0x00000000573f9000  971       4       java.util.HashMap::putVal (300 bytes)

GC Heap History (2 events):
Event: 11.086 GC heap before
{Heap before GC invocations=1 (full 0):
 PSYoungGen      total 37888K, used 32768K [0x00000000d6000000, 0x00000000d8a00000, 0x0000000100000000)
  eden space 32768K, 100% used [0x00000000d6000000,0x00000000d8000000,0x00000000d8000000)
  from space 5120K, 0% used [0x00000000d8500000,0x00000000d8500000,0x00000000d8a00000)
  to   space 5120K, 0% used [0x00000000d8000000,0x00000000d8000000,0x00000000d8500000)
 ParOldGen       total 86016K, used 0K [0x0000000082000000, 0x0000000087400000, 0x00000000d6000000)
  object space 86016K, 0% used [0x0000000082000000,0x0000000082000000,0x0000000087400000)
 Metaspace       used 10413K, capacity 10688K, committed 10880K, reserved 1058816K
  class space    used 1218K, capacity 1313K, committed 1408K, reserved 1048576K
Event: 11.106 GC heap after
Heap after GC invocations=1 (full 0):
 PSYoungGen      total 37888K, used 5089K [0x00000000d6000000, 0x00000000d8a00000, 0x0000000100000000)
  eden space 32768K, 0% used [0x00000000d6000000,0x00000000d6000000,0x00000000d8000000)
  from space 5120K, 99% used [0x00000000d8000000,0x00000000d84f86f0,0x00000000d8500000)
  to   space 5120K, 0% used [0x00000000d8500000,0x00000000d8500000,0x00000000d8a00000)
 ParOldGen       total 86016K, used 8K [0x0000000082000000, 0x0000000087400000, 0x00000000d6000000)
  object space 86016K, 0% used [0x0000000082000000,0x0000000082002000,0x0000000087400000)
 Metaspace       used 10413K, capacity 10688K, committed 10880K, reserved 1058816K
  class space    used 1218K, capacity 1313K, committed 1408K, reserved 1048576K
}

Deoptimization events (10 events):
Event: 23.732 Thread 0x000000005990f000 Uncommon trap: reason=range_check action=none pc=0x0000000002b74a8c method=sun.reflect.generics.parser.SignatureParser.current()C @ 34
Event: 23.732 Thread 0x000000005990f000 Uncommon trap: reason=range_check action=none pc=0x0000000002b74a8c method=sun.reflect.generics.parser.SignatureParser.current()C @ 34
Event: 23.732 Thread 0x000000005990f000 Uncommon trap: reason=range_check action=none pc=0x0000000002b74a8c method=sun.reflect.generics.parser.SignatureParser.current()C @ 34
Event: 23.733 Thread 0x000000005990f000 Uncommon trap: reason=range_check action=none pc=0x0000000002b74a8c method=sun.reflect.generics.parser.SignatureParser.current()C @ 34
Event: 23.733 Thread 0x000000005990f000 Uncommon trap: reason=range_check action=none pc=0x0000000002b74a8c method=sun.reflect.generics.parser.SignatureParser.current()C @ 34
Event: 23.733 Thread 0x000000005990f000 Uncommon trap: reason=range_check action=none pc=0x0000000002b74a8c method=sun.reflect.generics.parser.SignatureParser.current()C @ 34
Event: 23.733 Thread 0x000000005990f000 Uncommon trap: reason=range_check action=none pc=0x0000000002b74a8c method=sun.reflect.generics.parser.SignatureParser.current()C @ 34
Event: 23.733 Thread 0x000000005990f000 Uncommon trap: reason=range_check action=none pc=0x0000000002b74a8c method=sun.reflect.generics.parser.SignatureParser.current()C @ 34
Event: 23.733 Thread 0x000000005990f000 Uncommon trap: reason=range_check action=none pc=0x0000000002b74a8c method=sun.reflect.generics.parser.SignatureParser.current()C @ 34
Event: 23.733 Thread 0x000000005990f000 Uncommon trap: reason=range_check action=none pc=0x0000000002b74a8c method=sun.reflect.generics.parser.SignatureParser.current()C @ 34

Internal exceptions (10 events):
Event: 23.732 Thread 0x000000005990f000 Exception <a 'java/lang/ArrayIndexOutOfBoundsException': 200> (0x00000000d6f39a68) thrown at [C:\re\workspace\8-2-build-windows-amd64-cygwin\jdk8u131\8869\hotspot\src\share\vm\interpreter\interpreterRuntime.cpp, line 366]
Event: 23.732 Thread 0x000000005990f000 Exception <a 'java/lang/ArrayIndexOutOfBoundsException': 119> (0x00000000d6f3b780) thrown at [C:\re\workspace\8-2-build-windows-amd64-cygwin\jdk8u131\8869\hotspot\src\share\vm\interpreter\interpreterRuntime.cpp, line 366]
Event: 23.732 Thread 0x000000005990f000 Exception <a 'java/lang/ArrayIndexOutOfBoundsException': 131> (0x00000000d6f3d508) thrown at [C:\re\workspace\8-2-build-windows-amd64-cygwin\jdk8u131\8869\hotspot\src\share\vm\interpreter\interpreterRuntime.cpp, line 366]
Event: 23.733 Thread 0x000000005990f000 Exception <a 'java/lang/ArrayIndexOutOfBoundsException': 121> (0x00000000d6f3f1a0) thrown at [C:\re\workspace\8-2-build-windows-amd64-cygwin\jdk8u131\8869\hotspot\src\share\vm\interpreter\interpreterRuntime.cpp, line 366]
Event: 23.733 Thread 0x000000005990f000 Exception <a 'java/lang/ArrayIndexOutOfBoundsException': 125> (0x00000000d6f40e90) thrown at [C:\re\workspace\8-2-build-windows-amd64-cygwin\jdk8u131\8869\hotspot\src\share\vm\interpreter\interpreterRuntime.cpp, line 366]
Event: 23.733 Thread 0x000000005990f000 Exception <a 'java/lang/ArrayIndexOutOfBoundsException': 121> (0x00000000d6f42b08) thrown at [C:\re\workspace\8-2-build-windows-amd64-cygwin\jdk8u131\8869\hotspot\src\share\vm\interpreter\interpreterRuntime.cpp, line 366]
Event: 23.733 Thread 0x000000005990f000 Exception <a 'java/lang/ArrayIndexOutOfBoundsException': 129> (0x00000000d6f44888) thrown at [C:\re\workspace\8-2-build-windows-amd64-cygwin\jdk8u131\8869\hotspot\src\share\vm\interpreter\interpreterRuntime.cpp, line 366]
Event: 23.733 Thread 0x000000005990f000 Exception <a 'java/lang/ArrayIndexOutOfBoundsException': 120> (0x00000000d6f464f8) thrown at [C:\re\workspace\8-2-build-windows-amd64-cygwin\jdk8u131\8869\hotspot\src\share\vm\interpreter\interpreterRuntime.cpp, line 366]
Event: 23.733 Thread 0x000000005990f000 Exception <a 'java/lang/ArrayIndexOutOfBoundsException': 126> (0x00000000d6f481e8) thrown at [C:\re\workspace\8-2-build-windows-amd64-cygwin\jdk8u131\8869\hotspot\src\share\vm\interpreter\interpreterRuntime.cpp, line 366]
Event: 23.733 Thread 0x000000005990f000 Exception <a 'java/lang/ArrayIndexOutOfBoundsException': 122> (0x00000000d6f49eb0) thrown at [C:\re\workspace\8-2-build-windows-amd64-cygwin\jdk8u131\8869\hotspot\src\share\vm\interpreter\interpreterRuntime.cpp, line 366]

Events (10 events):
Event: 23.733 Thread 0x000000005990f000 DEOPT PACKING pc=0x0000000002b74a8c sp=0x0000000059f3e840
Event: 23.733 Thread 0x000000005990f000 DEOPT UNPACKING pc=0x000000000292556a sp=0x0000000059f3e7d8 mode 2
Event: 23.733 Thread 0x000000005990f000 Uncommon trap: trap_request=0xffffffe7 fr.pc=0x0000000002b74a8c
Event: 23.733 Thread 0x000000005990f000 DEOPT PACKING pc=0x0000000002b74a8c sp=0x0000000059f3e840
Event: 23.733 Thread 0x000000005990f000 DEOPT UNPACKING pc=0x000000000292556a sp=0x0000000059f3e7d8 mode 2
Event: 23.733 Thread 0x000000005990f000 Uncommon trap: trap_request=0xffffffe7 fr.pc=0x0000000002b74a8c
Event: 23.733 Thread 0x000000005990f000 DEOPT PACKING pc=0x0000000002b74a8c sp=0x0000000059f3e840
Event: 23.733 Thread 0x000000005990f000 DEOPT UNPACKING pc=0x000000000292556a sp=0x0000000059f3e7d8 mode 2
Event: 23.737 Thread 0x000000005990f000 Uncommon trap: trap_request=0xffffffe7 fr.pc=0x0000000002b74a8c
Event: 24.511 loading class sun/management/VMManagementImpl done


Dynamic libraries:
0x000000013f810000 - 0x000000013f847000 	C:\Program Files\Java\jdk1.8.0_131\bin\javaw.exe
0x0000000077030000 - 0x00000000771da000 	C:\Windows\SYSTEM32\ntdll.dll
0x0000000076e10000 - 0x0000000076f2f000 	C:\Windows\system32\kernel32.dll
0x000007fefce50000 - 0x000007fefceba000 	C:\Windows\system32\KERNELBASE.dll
0x000007fefefa0000 - 0x000007feff07b000 	C:\Windows\system32\ADVAPI32.dll
0x000007fefed70000 - 0x000007fefee0f000 	C:\Windows\system32\msvcrt.dll
0x000007fefe9c0000 - 0x000007fefe9df000 	C:\Windows\SYSTEM32\sechost.dll
0x000007fefec40000 - 0x000007fefed6d000 	C:\Windows\system32\RPCRT4.dll
0x0000000076f30000 - 0x000000007702a000 	C:\Windows\system32\USER32.dll
0x000007fefe920000 - 0x000007fefe987000 	C:\Windows\system32\GDI32.dll
0x000007fefe910000 - 0x000007fefe91e000 	C:\Windows\system32\LPK.dll
0x000007fefd620000 - 0x000007fefd6ea000 	C:\Windows\system32\USP10.dll
0x000007fefb800000 - 0x000007fefb9f4000 	C:\Windows\WinSxS\amd64_microsoft.windows.common-controls_6595b64144ccf1df_6.0.7601.18837_none_fa3b1e3d17594757\COMCTL32.dll
0x000007fefee10000 - 0x000007fefee81000 	C:\Windows\system32\SHLWAPI.dll
0x000007fefe990000 - 0x000007fefe9be000 	C:\Windows\system32\IMM32.DLL
0x000007fefee90000 - 0x000007fefef99000 	C:\Windows\system32\MSCTF.dll
0x00000000709b0000 - 0x0000000070a82000 	C:\Program Files\Java\jdk1.8.0_131\jre\bin\msvcr100.dll
0x00000000643a0000 - 0x0000000064c3c000 	C:\Program Files\Java\jdk1.8.0_131\jre\bin\server\jvm.dll
0x000007fef95f0000 - 0x000007fef95f9000 	C:\Windows\system32\WSOCK32.dll
0x000007fefebf0000 - 0x000007fefec3d000 	C:\Windows\system32\WS2_32.dll
0x000007fefe900000 - 0x000007fefe908000 	C:\Windows\system32\NSI.dll
0x000007fefad00000 - 0x000007fefad3b000 	C:\Windows\system32\WINMM.dll
0x000007fefbe90000 - 0x000007fefbe9c000 	C:\Windows\system32\VERSION.dll
0x00000000771f0000 - 0x00000000771f7000 	C:\Windows\system32\PSAPI.DLL
0x0000000071b30000 - 0x0000000071b3f000 	C:\Program Files\Java\jdk1.8.0_131\jre\bin\verify.dll
0x0000000070b50000 - 0x0000000070b79000 	C:\Program Files\Java\jdk1.8.0_131\jre\bin\java.dll
0x00000000704e0000 - 0x0000000070515000 	C:\Program Files\Java\jdk1.8.0_131\jre\bin\jdwp.dll
0x0000000071040000 - 0x0000000071048000 	C:\Program Files\Java\jdk1.8.0_131\jre\bin\npt.dll
0x0000000070db0000 - 0x0000000070dc6000 	C:\Program Files\Java\jdk1.8.0_131\jre\bin\zip.dll
0x000007fefd980000 - 0x000007fefe70c000 	C:\Windows\system32\SHELL32.dll
0x000007fefe9e0000 - 0x000007fefebe3000 	C:\Windows\system32\ole32.dll
0x000007fefcdc0000 - 0x000007fefcdcf000 	C:\Windows\system32\profapi.dll
0x0000000070930000 - 0x0000000070939000 	C:\Program Files\Java\jdk1.8.0_131\jre\bin\dt_socket.dll
0x000007fefac80000 - 0x000007fefac95000 	C:\Windows\system32\NLAapi.dll
0x000007fef9a40000 - 0x000007fef9a55000 	C:\Windows\system32\napinsp.dll
0x000007fef9a20000 - 0x000007fef9a39000 	C:\Windows\system32\pnrpnsp.dll
0x000007fefc480000 - 0x000007fefc4d5000 	C:\Windows\System32\mswsock.dll
0x000007fefc370000 - 0x000007fefc3cb000 	C:\Windows\system32\DNSAPI.dll
0x000007fef99c0000 - 0x000007fef99cb000 	C:\Windows\System32\winrnr.dll
0x00000000748b0000 - 0x00000000748de000 	C:\Program Files\Common Files\Microsoft Shared\Windows Live\WLIDNSP.DLL
0x000007fefa8e0000 - 0x000007fefa907000 	C:\Windows\system32\IPHLPAPI.DLL
0x000007fefa820000 - 0x000007fefa82b000 	C:\Windows\system32\WINNSI.DLL
0x000007fefa750000 - 0x000007fefa7a3000 	C:\Windows\System32\fwpuclnt.dll
0x000007fef9a60000 - 0x000007fef9a68000 	C:\Windows\system32\rasadhlp.dll
0x000007fefbf60000 - 0x000007fefbf67000 	C:\Windows\System32\wshtcpip.dll
0x00000000710e0000 - 0x00000000710ed000 	C:\Program Files\Java\jdk1.8.0_131\jre\bin\management.dll
0x0000000070cc0000 - 0x0000000070cda000 	C:\Program Files\Java\jdk1.8.0_131\jre\bin\net.dll
0x000007fefc7b0000 - 0x000007fefc7b7000 	C:\Windows\System32\wship6.dll

VM Arguments:
jvm_args: -agentlib:jdwp=transport=dt_socket,suspend=y,address=localhost:50002 -Dfile.encoding=UTF-8 
java_command: myactivities.myactivities.MyactivitiesApplication
java_class_path (initial): C:\Program Files\Java\jdk1.8.0_131\jre\lib\resources.jar;C:\Program Files\Java\jdk1.8.0_131\jre\lib\rt.jar;C:\Program Files\Java\jdk1.8.0_131\jre\lib\jsse.jar;C:\Program Files\Java\jdk1.8.0_131\jre\lib\jce.jar;C:\Program Files\Java\jdk1.8.0_131\jre\lib\charsets.jar;C:\Program Files\Java\jdk1.8.0_131\jre\lib\jfr.jar;C:\Program Files\Java\jdk1.8.0_131\jre\lib\ext\access-bridge-64.jar;C:\Program Files\Java\jdk1.8.0_131\jre\lib\ext\cldrdata.jar;C:\Program Files\Java\jdk1.8.0_131\jre\lib\ext\dnsns.jar;C:\Program Files\Java\jdk1.8.0_131\jre\lib\ext\jaccess.jar;C:\Program Files\Java\jdk1.8.0_131\jre\lib\ext\jfxrt.jar;C:\Program Files\Java\jdk1.8.0_131\jre\lib\ext\localedata.jar;C:\Program Files\Java\jdk1.8.0_131\jre\lib\ext\nashorn.jar;C:\Program Files\Java\jdk1.8.0_131\jre\lib\ext\sunec.jar;C:\Program Files\Java\jdk1.8.0_131\jre\lib\ext\sunjce_provider.jar;C:\Program Files\Java\jdk1.8.0_131\jre\lib\ext\sunmscapi.jar;C:\Program Files\Java\jdk1.8.0_131\jre\lib\ext\sunpkcs11.jar;C:\Program Files\Java\jdk1.8.0_131\jre\lib\ext\zipfs.jar;F:\ProgrammationBD\TD\dutinfo1-myactivities-Favettou\target\classes;C:\Users\ambre.favetto\.m2\repository\org\springframework\boot\spring-boot-starter-jdbc\2.1.2.RELEASE\spring-boot-starter-jdbc-2.1.2.RELEASE.jar;C:\Users\ambre.favetto\.m2\repository\org\springframework\boot\spring-boot-starter\2.1.2.RELEASE\spring-boot-starter-2.1.2.RELEASE.jar;C:\Users\ambre.favetto\.m2\repository\org\springframework\boot\spring-boot\2.1.2.RELEASE\spring-boot-2.1.2.RELEASE.jar;C:\Users\ambre.favetto\.m2\repository\org\springframework\boot\spring-boot-autoconfigure\2.1.2.RELEASE\spring-boot-autoconfigure-2.1.2.RELEASE.jar;C:\Users\ambre.favetto\.m2\repository\org\springframework\boot\spring-boot-starter-logging\2.1.2.RELEASE\spring-boot-starter-logging-2.1.2.RELEASE.jar;C:\Users\ambre.favetto\.m2\repository\ch\qos\logback\logback-classic\1.2.3\logback-classic-1.2.3.jar;C:\Users\ambre.favetto\.m2\repository\ch\qos\logback\logback-co
Launcher Type: SUN_STANDARD

Environment Variables:
PATH=C:\Program Files\Java\jdk1.8.0_131\jre\bin;C:\Windows\system32;C:\Windows;C:\Windows\System32\Wbem;C:\Program Files (x86)\Java\jdk1.8.0_131\bin;C:\ProgramData\Oracle\Java\javapath;C:\oracle\product\10.2.0\client_1\bin;C:\Windows\System32\WindowsPowerShell\v1.0\;c:\Program Files (x86)\Microsoft SQL Server\100\Tools\Binn\;c:\Program Files\Microsoft SQL Server\100\Tools\Binn\;c:\Program Files\Microsoft SQL Server\100\DTS\Binn\;C:\Program Files\Microsoft\Web Platform Installer\;C:\Program Files (x86)\Microsoft ASP.NET\ASP.NET Web Pages\v1.0\;C:\Program Files\Microsoft SQL Server\110\Tools\Binn\;C:\Program Files (x86)\Windows Kits\8.0\Windows Performance Toolkit\;C:\Program Files\Git\cmd
USERNAME=ambre.favetto
OS=Windows_NT
PROCESSOR_IDENTIFIER=Intel64 Family 6 Model 23 Stepping 10, GenuineIntel



---------------  S Y S T E M  ---------------

OS: Windows 7 , 64 bit Build 7601 (6.1.7601.23418)

CPU:total 2 (initial active 2) (2 cores per cpu, 1 threads per core) family 6 model 23 stepping 10, cmov, cx8, fxsr, mmx, sse, sse2, sse3, ssse3, tsc

Memory: 4k page, physical 8256764k(3644996k free), swap 12332844k(1060336k free)

vm_info: Java HotSpot(TM) 64-Bit Server VM (25.131-b11) for windows-amd64 JRE (1.8.0_131-b11), built on Mar 15 2017 01:23:53 by "java_re" with MS VC++ 10.0 (VS2010)

time: Wed Apr 17 13:43:10 2019
elapsed time: 24 seconds (0d 0h 0m 24s)

