#
# There is insufficient memory for the Java Runtime Environment to continue.
# Native memory allocation (malloc) failed to allocate 32744 bytes for ChunkPool::allocate
# Possible reasons:
#   The system is out of physical RAM or swap space
#   In 32 bit mode, the process size limit was hit
# Possible solutions:
#   Reduce memory load on the system
#   Increase physical memory or swap space
#   Check if swap backing store is full
#   Use 64 bit Java on a 64 bit OS
#   Decrease Java heap size (-Xmx/-Xms)
#   Decrease number of Java threads
#   Decrease Java thread stack sizes (-Xss)
#   Set larger code cache with -XX:ReservedCodeCacheSize=
# This output file may be truncated or incomplete.
#
#  Out of Memory Error (allocation.cpp:273), pid=7764, tid=0x0000000000002210
#
# JRE version: Java(TM) SE Runtime Environment (8.0_131-b11) (build 1.8.0_131-b11)
# Java VM: Java HotSpot(TM) 64-Bit Server VM (25.131-b11 mixed mode windows-amd64 compressed oops)
# Failed to write core dump. Minidumps are not enabled by default on client versions of Windows
#

---------------  T H R E A D  ---------------

Current thread (0x0000000057487000):  JavaThread "C2 CompilerThread0" daemon [_thread_in_native, id=8720, stack(0x0000000058da0000,0x0000000058ea0000)]

Stack: [0x0000000058da0000,0x0000000058ea0000]
[error occurred during error reporting (printing stack bounds), id 0xc0000005]

Native frames: (J=compiled Java code, j=interpreted, Vv=VM code, C=native code)


Current CompileTask:
C2:  81799 1063   !   4       java.net.URL::<init> (543 bytes)


---------------  P R O C E S S  ---------------

Java Threads: ( => current thread )
  0x00000000598cc800 JavaThread "background-preinit" [_thread_in_native, id=9340, stack(0x000000005a350000,0x000000005a450000)]
  0x00000000574bf800 JavaThread "Service Thread" daemon [_thread_blocked, id=8732, stack(0x0000000059550000,0x0000000059650000)]
  0x0000000057488800 JavaThread "C1 CompilerThread1" daemon [_thread_blocked, id=8724, stack(0x0000000058f40000,0x0000000059040000)]
=>0x0000000057487000 JavaThread "C2 CompilerThread0" daemon [_thread_in_native, id=8720, stack(0x0000000058da0000,0x0000000058ea0000)]
  0x0000000057482000 JavaThread "JDWP Command Reader" daemon [_thread_in_native, id=8456, stack(0x00000000586b0000,0x00000000587b0000)]
  0x0000000057473000 JavaThread "JDWP Event Helper Thread" daemon [_thread_blocked, id=8376, stack(0x00000000588f0000,0x00000000589f0000)]
  0x000000005746e800 JavaThread "JDWP Transport Listener: dt_socket" daemon [_thread_blocked, id=8372, stack(0x0000000058440000,0x0000000058540000)]
  0x000000005745f000 JavaThread "Attach Listener" daemon [_thread_blocked, id=8148, stack(0x0000000058340000,0x0000000058440000)]
  0x000000005745d800 JavaThread "Signal Dispatcher" daemon [_thread_blocked, id=8144, stack(0x0000000058100000,0x0000000058200000)]
  0x0000000057442000 JavaThread "Finalizer" daemon [_thread_blocked, id=7868, stack(0x0000000057c40000,0x0000000057d40000)]
  0x00000000573f9000 JavaThread "Reference Handler" daemon [_thread_blocked, id=7864, stack(0x0000000057fd0000,0x00000000580d0000)]
  0x0000000002253000 JavaThread "main" [_thread_in_native, id=7796, stack(0x0000000002550000,0x0000000002650000)]

Other Threads:
  0x00000000573f1000 VMThread [stack: 0x0000000057dc0000,0x0000000057ec0000] [id=7860]
  0x0000000059089800 WatcherThread [stack: 0x00000000597b0000,0x00000000598b0000] [id=8736]

VM state:not at safepoint (normal execution)

VM Mutex/Monitor currently owned by a thread: None

Heap:
 PSYoungGen      total 37888K, used 12184K [0x00000000d6000000, 0x00000000d8a00000, 0x0000000100000000)
  eden space 32768K, 21% used [0x00000000d6000000,0x00000000d66e8920,0x00000000d8000000)
  from space 5120K, 99% used [0x00000000d8500000,0x00000000d89fd6e8,0x00000000d8a00000)
  to   space 5120K, 0% used [0x00000000d8000000,0x00000000d8000000,0x00000000d8500000)
 ParOldGen       total 86016K, used 460K [0x0000000082000000, 0x0000000087400000, 0x00000000d6000000)
  object space 86016K, 0% used [0x0000000082000000,0x00000000820731a8,0x0000000087400000)
 Metaspace       used 14855K, capacity 15302K, committed 15616K, reserved 1062912K
  class space    used 1821K, capacity 1937K, committed 2048K, reserved 1048576K

Card table byte_map: [0x0000000011ce0000,0x00000000120e0000] byte_map_base: 0x00000000118d0000

Marking Bits: (ParMarkBitMap*) 0x0000000064bbc720
 Begin Bits: [0x00000000127d0000, 0x0000000014750000)
 End Bits:   [0x0000000014750000, 0x00000000166d0000)

Polling page: 0x00000000000b0000

CodeCache: size=245760Kb used=3542Kb max_used=3542Kb free=242217Kb
 bounds [0x0000000002920000, 0x0000000002ca0000, 0x0000000011920000]
 total_blobs=1332 nmethods=1009 adapters=246
 compilation: enabled

Compilation events (10 events):
Event: 80.477 Thread 0x0000000057488800 nmethod 1058 0x0000000002c92e10 code [0x0000000002c92fe0, 0x0000000002c93748]
Event: 80.477 Thread 0x0000000057488800 1059       3       org.springframework.util.ConcurrentReferenceHashMap::getEntryIfAvailable (24 bytes)
Event: 80.477 Thread 0x0000000057488800 nmethod 1059 0x0000000002c92250 code [0x0000000002c92400, 0x0000000002c92ad8]
Event: 80.477 Thread 0x0000000057488800 1060       3       org.springframework.util.ConcurrentReferenceHashMap::getReference (18 bytes)
Event: 80.477 Thread 0x0000000057488800 nmethod 1060 0x0000000002c971d0 code [0x0000000002c97360, 0x0000000002c97678]
Event: 80.478 Thread 0x0000000057488800 1061       3       org.springframework.util.ConcurrentReferenceHashMap$Segment::getReference (52 bytes)
Event: 80.478 Thread 0x0000000057488800 nmethod 1061 0x0000000002c97810 code [0x0000000002c979a0, 0x0000000002c97d58]
Event: 80.478 Thread 0x0000000057488800 1062       1       java.util.logging.LogManager$LoggerContext::getOwner (5 bytes)
Event: 80.478 Thread 0x0000000057488800 nmethod 1062 0x0000000002b674d0 code [0x0000000002b67620, 0x0000000002b67730]
Event: 81.002 Thread 0x0000000057487000 1063   !   4       java.net.URL::<init> (543 bytes)

GC Heap History (4 events):
Event: 44.711 GC heap before
{Heap before GC invocations=1 (full 0):
 PSYoungGen      total 37888K, used 32768K [0x00000000d6000000, 0x00000000d8a00000, 0x0000000100000000)
  eden space 32768K, 100% used [0x00000000d6000000,0x00000000d8000000,0x00000000d8000000)
  from space 5120K, 0% used [0x00000000d8500000,0x00000000d8500000,0x00000000d8a00000)
  to   space 5120K, 0% used [0x00000000d8000000,0x00000000d8000000,0x00000000d8500000)
 ParOldGen       total 86016K, used 0K [0x0000000082000000, 0x0000000087400000, 0x00000000d6000000)
  object space 86016K, 0% used [0x0000000082000000,0x0000000082000000,0x0000000087400000)
 Metaspace       used 10348K, capacity 10634K, committed 10880K, reserved 1058816K
  class space    used 1214K, capacity 1312K, committed 1408K, reserved 1048576K
Event: 44.724 GC heap after
Heap after GC invocations=1 (full 0):
 PSYoungGen      total 37888K, used 5014K [0x00000000d6000000, 0x00000000d8a00000, 0x0000000100000000)
  eden space 32768K, 0% used [0x00000000d6000000,0x00000000d6000000,0x00000000d8000000)
  from space 5120K, 97% used [0x00000000d8000000,0x00000000d84e5ab8,0x00000000d8500000)
  to   space 5120K, 0% used [0x00000000d8500000,0x00000000d8500000,0x00000000d8a00000)
 ParOldGen       total 86016K, used 8K [0x0000000082000000, 0x0000000087400000, 0x00000000d6000000)
  object space 86016K, 0% used [0x0000000082000000,0x0000000082002000,0x0000000087400000)
 Metaspace       used 10348K, capacity 10634K, committed 10880K, reserved 1058816K
  class space    used 1214K, capacity 1312K, committed 1408K, reserved 1048576K
}
Event: 77.689 GC heap before
{Heap before GC invocations=2 (full 0):
 PSYoungGen      total 37888K, used 37782K [0x00000000d6000000, 0x00000000d8a00000, 0x0000000100000000)
  eden space 32768K, 100% used [0x00000000d6000000,0x00000000d8000000,0x00000000d8000000)
  from space 5120K, 97% used [0x00000000d8000000,0x00000000d84e5ab8,0x00000000d8500000)
  to   space 5120K, 0% used [0x00000000d8500000,0x00000000d8500000,0x00000000d8a00000)
 ParOldGen       total 86016K, used 8K [0x0000000082000000, 0x0000000087400000, 0x00000000d6000000)
  object space 86016K, 0% used [0x0000000082000000,0x0000000082002000,0x0000000087400000)
 Metaspace       used 13521K, capacity 13974K, committed 14208K, reserved 1060864K
  class space    used 1702K, capacity 1837K, committed 1920K, reserved 1048576K
Event: 77.723 GC heap after
Heap after GC invocations=2 (full 0):
 PSYoungGen      total 37888K, used 5109K [0x00000000d6000000, 0x00000000d8a00000, 0x0000000100000000)
  eden space 32768K, 0% used [0x00000000d6000000,0x00000000d6000000,0x00000000d8000000)
  from space 5120K, 99% used [0x00000000d8500000,0x00000000d89fd6e8,0x00000000d8a00000)
  to   space 5120K, 0% used [0x00000000d8000000,0x00000000d8000000,0x00000000d8500000)
 ParOldGen       total 86016K, used 460K [0x0000000082000000, 0x0000000087400000, 0x00000000d6000000)
  object space 86016K, 0% used [0x0000000082000000,0x00000000820731a8,0x0000000087400000)
 Metaspace       used 13521K, capacity 13974K, committed 14208K, reserved 1060864K
  class space    used 1702K, capacity 1837K, committed 1920K, reserved 1048576K
}

Deoptimization events (10 events):
Event: 62.827 Thread 0x00000000598cc800 Uncommon trap: reason=range_check action=none pc=0x0000000002bac14c method=sun.reflect.generics.parser.SignatureParser.current()C @ 34
Event: 62.995 Thread 0x00000000598cc800 Uncommon trap: reason=range_check action=none pc=0x0000000002bac14c method=sun.reflect.generics.parser.SignatureParser.current()C @ 34
Event: 64.516 Thread 0x00000000598cc800 Uncommon trap: reason=range_check action=none pc=0x0000000002bac14c method=sun.reflect.generics.parser.SignatureParser.current()C @ 34
Event: 65.441 Thread 0x00000000598cc800 Uncommon trap: reason=range_check action=none pc=0x0000000002bac14c method=sun.reflect.generics.parser.SignatureParser.current()C @ 34
Event: 76.654 Thread 0x00000000598cc800 Uncommon trap: reason=unstable_if action=reinterpret pc=0x0000000002c4e758 method=java.util.HashMap.putVal(ILjava/lang/Object;Ljava/lang/Object;ZZ)Ljava/lang/Object; @ 193
Event: 76.654 Thread 0x00000000598cc800 Uncommon trap: reason=range_check action=none pc=0x0000000002bac14c method=sun.reflect.generics.parser.SignatureParser.current()C @ 34
Event: 76.655 Thread 0x00000000598cc800 Uncommon trap: reason=range_check action=none pc=0x0000000002bac14c method=sun.reflect.generics.parser.SignatureParser.current()C @ 34
Event: 76.656 Thread 0x00000000598cc800 Uncommon trap: reason=range_check action=none pc=0x0000000002bac14c method=sun.reflect.generics.parser.SignatureParser.current()C @ 34
Event: 76.661 Thread 0x00000000598cc800 Uncommon trap: reason=unstable_if action=reinterpret pc=0x0000000002c513d0 method=java.util.HashMap.putVal(ILjava/lang/Object;Ljava/lang/Object;ZZ)Ljava/lang/Object; @ 193
Event: 76.810 Thread 0x00000000598cc800 Uncommon trap: reason=unstable_if action=reinterpret pc=0x0000000002c865a4 method=java.util.jar.Manifest$FastInputStream.readLine([BII)I @ 87

Internal exceptions (10 events):
Event: 62.533 Thread 0x00000000598cc800 Exception <a 'java/lang/ArrayIndexOutOfBoundsException': 159> (0x00000000d7264198) thrown at [C:\re\workspace\8-2-build-windows-amd64-cygwin\jdk8u131\8869\hotspot\src\share\vm\interpreter\interpreterRuntime.cpp, line 366]
Event: 62.827 Thread 0x00000000598cc800 Exception <a 'java/lang/ArrayIndexOutOfBoundsException': 128> (0x00000000d7287730) thrown at [C:\re\workspace\8-2-build-windows-amd64-cygwin\jdk8u131\8869\hotspot\src\share\vm\interpreter\interpreterRuntime.cpp, line 366]
Event: 62.995 Thread 0x00000000598cc800 Exception <a 'java/lang/ArrayIndexOutOfBoundsException': 158> (0x00000000d729d160) thrown at [C:\re\workspace\8-2-build-windows-amd64-cygwin\jdk8u131\8869\hotspot\src\share\vm\interpreter\interpreterRuntime.cpp, line 366]
Event: 64.516 Thread 0x00000000598cc800 Exception <a 'java/lang/ArrayIndexOutOfBoundsException': 132> (0x00000000d72b28d8) thrown at [C:\re\workspace\8-2-build-windows-amd64-cygwin\jdk8u131\8869\hotspot\src\share\vm\interpreter\interpreterRuntime.cpp, line 366]
Event: 65.441 Thread 0x00000000598cc800 Exception <a 'java/lang/ArrayIndexOutOfBoundsException': 123> (0x00000000d72c4fa0) thrown at [C:\re\workspace\8-2-build-windows-amd64-cygwin\jdk8u131\8869\hotspot\src\share\vm\interpreter\interpreterRuntime.cpp, line 366]
Event: 72.398 Thread 0x0000000002253000 Exception <a 'java/lang/NoSuchMethodError': java.lang.Object.lambda$chars$0()Ljava/util/Spliterator$OfInt;> (0x00000000d76a9980) thrown at [C:\re\workspace\8-2-build-windows-amd64-cygwin\jdk8u131\8869\hotspot\src\share\vm\interpreter\linkResolver.cpp, lin
Event: 76.654 Thread 0x00000000598cc800 Exception <a 'java/lang/ArrayIndexOutOfBoundsException': 106> (0x00000000d7a6ce68) thrown at [C:\re\workspace\8-2-build-windows-amd64-cygwin\jdk8u131\8869\hotspot\src\share\vm\interpreter\interpreterRuntime.cpp, line 366]
Event: 76.655 Thread 0x00000000598cc800 Exception <a 'java/lang/ArrayIndexOutOfBoundsException': 22> (0x00000000d7a6dbb8) thrown at [C:\re\workspace\8-2-build-windows-amd64-cygwin\jdk8u131\8869\hotspot\src\share\vm\interpreter\interpreterRuntime.cpp, line 366]
Event: 76.656 Thread 0x00000000598cc800 Exception <a 'java/lang/ArrayIndexOutOfBoundsException': 160> (0x00000000d7a6f700) thrown at [C:\re\workspace\8-2-build-windows-amd64-cygwin\jdk8u131\8869\hotspot\src\share\vm\interpreter\interpreterRuntime.cpp, line 366]
Event: 79.082 Thread 0x0000000002253000 Exception <a 'java/lang/NoClassDefFoundError': java/lang/CharSequence$1CharIterator> (0x00000000d6620088) thrown at [C:\re\workspace\8-2-build-windows-amd64-cygwin\jdk8u131\8869\hotspot\src\share\vm\classfile\systemDictionary.cpp, line 208]

Events (10 events):
Event: 80.476 Thread 0x0000000002253000 DEOPT PACKING pc=0x0000000002aa65f4 sp=0x000000000264dae0
Event: 80.476 Thread 0x0000000002253000 DEOPT UNPACKING pc=0x00000000029671bf sp=0x000000000264d900 mode 1
Event: 80.504 loading class com/fasterxml/jackson/databind/introspect/AnnotationCollector$EmptyCollector
Event: 80.504 loading class com/fasterxml/jackson/databind/introspect/AnnotationCollector$EmptyCollector done
Event: 80.504 Thread 0x00000000598cc800 DEOPT PACKING pc=0x0000000002ad54b1 sp=0x000000005a44b9e0
Event: 80.504 Thread 0x00000000598cc800 DEOPT UNPACKING pc=0x00000000029671bf sp=0x000000005a44b730 mode 1
Event: 80.504 Thread 0x00000000598cc800 DEOPT PACKING pc=0x0000000002aa685c sp=0x000000005a44ba60
Event: 80.504 Thread 0x00000000598cc800 DEOPT UNPACKING pc=0x00000000029671bf sp=0x000000005a44b880 mode 1
Event: 80.504 Thread 0x00000000598cc800 DEOPT PACKING pc=0x0000000002aa65f4 sp=0x000000005a44bbf0
Event: 80.504 Thread 0x00000000598cc800 DEOPT UNPACKING pc=0x00000000029671bf sp=0x000000005a44ba10 mode 1


Dynamic libraries:
0x000000013f810000 - 0x000000013f847000 	C:\Program Files\Java\jdk1.8.0_131\bin\javaw.exe
0x0000000077030000 - 0x00000000771da000 	C:\Windows\SYSTEM32\ntdll.dll
0x0000000076e10000 - 0x0000000076f2f000 	C:\Windows\system32\kernel32.dll
0x000007fefce50000 - 0x000007fefceba000 	C:\Windows\system32\KERNELBASE.dll
0x000007fefefa0000 - 0x000007feff07b000 	C:\Windows\system32\ADVAPI32.dll
0x000007fefed70000 - 0x000007fefee0f000 	C:\Windows\system32\msvcrt.dll
0x000007fefe9c0000 - 0x000007fefe9df000 	C:\Windows\SYSTEM32\sechost.dll
0x000007fefec40000 - 0x000007fefed6d000 	C:\Windows\system32\RPCRT4.dll
0x0000000076f30000 - 0x000000007702a000 	C:\Windows\system32\USER32.dll
0x000007fefe920000 - 0x000007fefe987000 	C:\Windows\system32\GDI32.dll
0x000007fefe910000 - 0x000007fefe91e000 	C:\Windows\system32\LPK.dll
0x000007fefd620000 - 0x000007fefd6ea000 	C:\Windows\system32\USP10.dll
0x000007fefb800000 - 0x000007fefb9f4000 	C:\Windows\WinSxS\amd64_microsoft.windows.common-controls_6595b64144ccf1df_6.0.7601.18837_none_fa3b1e3d17594757\COMCTL32.dll
0x000007fefee10000 - 0x000007fefee81000 	C:\Windows\system32\SHLWAPI.dll
0x000007fefe990000 - 0x000007fefe9be000 	C:\Windows\system32\IMM32.DLL
0x000007fefee90000 - 0x000007fefef99000 	C:\Windows\system32\MSCTF.dll
0x00000000709b0000 - 0x0000000070a82000 	C:\Program Files\Java\jdk1.8.0_131\jre\bin\msvcr100.dll
0x00000000643a0000 - 0x0000000064c3c000 	C:\Program Files\Java\jdk1.8.0_131\jre\bin\server\jvm.dll
0x000007fef95f0000 - 0x000007fef95f9000 	C:\Windows\system32\WSOCK32.dll
0x000007fefebf0000 - 0x000007fefec3d000 	C:\Windows\system32\WS2_32.dll
0x000007fefe900000 - 0x000007fefe908000 	C:\Windows\system32\NSI.dll
0x000007fefad00000 - 0x000007fefad3b000 	C:\Windows\system32\WINMM.dll
0x000007fefbe90000 - 0x000007fefbe9c000 	C:\Windows\system32\VERSION.dll
0x00000000771f0000 - 0x00000000771f7000 	C:\Windows\system32\PSAPI.DLL
0x0000000071b30000 - 0x0000000071b3f000 	C:\Program Files\Java\jdk1.8.0_131\jre\bin\verify.dll
0x0000000070b50000 - 0x0000000070b79000 	C:\Program Files\Java\jdk1.8.0_131\jre\bin\java.dll
0x00000000704e0000 - 0x0000000070515000 	C:\Program Files\Java\jdk1.8.0_131\jre\bin\jdwp.dll
0x0000000071040000 - 0x0000000071048000 	C:\Program Files\Java\jdk1.8.0_131\jre\bin\npt.dll
0x0000000070db0000 - 0x0000000070dc6000 	C:\Program Files\Java\jdk1.8.0_131\jre\bin\zip.dll
0x000007fefd980000 - 0x000007fefe70c000 	C:\Windows\system32\SHELL32.dll
0x000007fefe9e0000 - 0x000007fefebe3000 	C:\Windows\system32\ole32.dll
0x000007fefcdc0000 - 0x000007fefcdcf000 	C:\Windows\system32\profapi.dll
0x0000000070930000 - 0x0000000070939000 	C:\Program Files\Java\jdk1.8.0_131\jre\bin\dt_socket.dll
0x000007fefac80000 - 0x000007fefac95000 	C:\Windows\system32\NLAapi.dll
0x000007fef9a40000 - 0x000007fef9a55000 	C:\Windows\system32\napinsp.dll
0x000007fef9a20000 - 0x000007fef9a39000 	C:\Windows\system32\pnrpnsp.dll
0x000007fefc480000 - 0x000007fefc4d5000 	C:\Windows\System32\mswsock.dll
0x000007fefc370000 - 0x000007fefc3cb000 	C:\Windows\system32\DNSAPI.dll
0x000007fef99c0000 - 0x000007fef99cb000 	C:\Windows\System32\winrnr.dll
0x00000000748b0000 - 0x00000000748de000 	C:\Program Files\Common Files\Microsoft Shared\Windows Live\WLIDNSP.DLL
0x000007fefa8e0000 - 0x000007fefa907000 	C:\Windows\system32\IPHLPAPI.DLL
0x000007fefa820000 - 0x000007fefa82b000 	C:\Windows\system32\WINNSI.DLL
0x000007fefa750000 - 0x000007fefa7a3000 	C:\Windows\System32\fwpuclnt.dll
0x000007fef9a60000 - 0x000007fef9a68000 	C:\Windows\system32\rasadhlp.dll
0x000007fefbf60000 - 0x000007fefbf67000 	C:\Windows\System32\wshtcpip.dll

VM Arguments:
jvm_args: -agentlib:jdwp=transport=dt_socket,suspend=y,address=localhost:50052 -Dfile.encoding=UTF-8 
java_command: myactivities.myactivities.MyactivitiesApplication
java_class_path (initial): C:\Program Files\Java\jdk1.8.0_131\jre\lib\resources.jar;C:\Program Files\Java\jdk1.8.0_131\jre\lib\rt.jar;C:\Program Files\Java\jdk1.8.0_131\jre\lib\jsse.jar;C:\Program Files\Java\jdk1.8.0_131\jre\lib\jce.jar;C:\Program Files\Java\jdk1.8.0_131\jre\lib\charsets.jar;C:\Program Files\Java\jdk1.8.0_131\jre\lib\jfr.jar;C:\Program Files\Java\jdk1.8.0_131\jre\lib\ext\access-bridge-64.jar;C:\Program Files\Java\jdk1.8.0_131\jre\lib\ext\cldrdata.jar;C:\Program Files\Java\jdk1.8.0_131\jre\lib\ext\dnsns.jar;C:\Program Files\Java\jdk1.8.0_131\jre\lib\ext\jaccess.jar;C:\Program Files\Java\jdk1.8.0_131\jre\lib\ext\jfxrt.jar;C:\Program Files\Java\jdk1.8.0_131\jre\lib\ext\localedata.jar;C:\Program Files\Java\jdk1.8.0_131\jre\lib\ext\nashorn.jar;C:\Program Files\Java\jdk1.8.0_131\jre\lib\ext\sunec.jar;C:\Program Files\Java\jdk1.8.0_131\jre\lib\ext\sunjce_provider.jar;C:\Program Files\Java\jdk1.8.0_131\jre\lib\ext\sunmscapi.jar;C:\Program Files\Java\jdk1.8.0_131\jre\lib\ext\sunpkcs11.jar;C:\Program Files\Java\jdk1.8.0_131\jre\lib\ext\zipfs.jar;F:\ProgrammationBD\TD\dutinfo1-myactivities-Favettou\target\classes;C:\Users\ambre.favetto\.m2\repository\org\springframework\boot\spring-boot-starter-jdbc\2.1.2.RELEASE\spring-boot-starter-jdbc-2.1.2.RELEASE.jar;C:\Users\ambre.favetto\.m2\repository\org\springframework\boot\spring-boot-starter\2.1.2.RELEASE\spring-boot-starter-2.1.2.RELEASE.jar;C:\Users\ambre.favetto\.m2\repository\org\springframework\boot\spring-boot\2.1.2.RELEASE\spring-boot-2.1.2.RELEASE.jar;C:\Users\ambre.favetto\.m2\repository\org\springframework\boot\spring-boot-autoconfigure\2.1.2.RELEASE\spring-boot-autoconfigure-2.1.2.RELEASE.jar;C:\Users\ambre.favetto\.m2\repository\org\springframework\boot\spring-boot-starter-logging\2.1.2.RELEASE\spring-boot-starter-logging-2.1.2.RELEASE.jar;C:\Users\ambre.favetto\.m2\repository\ch\qos\logback\logback-classic\1.2.3\logback-classic-1.2.3.jar;C:\Users\ambre.favetto\.m2\repository\ch\qos\logback\logback-co
Launcher Type: SUN_STANDARD

Environment Variables:
PATH=C:\Program Files\Java\jdk1.8.0_131\jre\bin;C:\Windows\system32;C:\Windows;C:\Windows\System32\Wbem;C:\Program Files (x86)\Java\jdk1.8.0_131\bin;C:\ProgramData\Oracle\Java\javapath;C:\oracle\product\10.2.0\client_1\bin;C:\Windows\System32\WindowsPowerShell\v1.0\;c:\Program Files (x86)\Microsoft SQL Server\100\Tools\Binn\;c:\Program Files\Microsoft SQL Server\100\Tools\Binn\;c:\Program Files\Microsoft SQL Server\100\DTS\Binn\;C:\Program Files\Microsoft\Web Platform Installer\;C:\Program Files (x86)\Microsoft ASP.NET\ASP.NET Web Pages\v1.0\;C:\Program Files\Microsoft SQL Server\110\Tools\Binn\;C:\Program Files (x86)\Windows Kits\8.0\Windows Performance Toolkit\;C:\Program Files\Git\cmd
USERNAME=ambre.favetto
OS=Windows_NT
PROCESSOR_IDENTIFIER=Intel64 Family 6 Model 23 Stepping 10, GenuineIntel



---------------  S Y S T E M  ---------------

OS: Windows 7 , 64 bit Build 7601 (6.1.7601.23418)

CPU:total 2 (initial active 2) (2 cores per cpu, 1 threads per core) family 6 model 23 stepping 10, cmov, cx8, fxsr, mmx, sse, sse2, sse3, ssse3, tsc

Memory: 4k page, physical 8256764k(2852484k free), swap 12362800k(272896k free)

vm_info: Java HotSpot(TM) 64-Bit Server VM (25.131-b11) for windows-amd64 JRE (1.8.0_131-b11), built on Mar 15 2017 01:23:53 by "java_re" with MS VC++ 10.0 (VS2010)

time: Wed Apr 17 13:44:25 2019
elapsed time: 81 seconds (0d 0h 1m 21s)

