#
# There is insufficient memory for the Java Runtime Environment to continue.
# Native memory allocation (malloc) failed to allocate 143056 bytes for Chunk::new
# Possible reasons:
#   The system is out of physical RAM or swap space
#   In 32 bit mode, the process size limit was hit
# Possible solutions:
#   Reduce memory load on the system
#   Increase physical memory or swap space
#   Check if swap backing store is full
#   Use 64 bit Java on a 64 bit OS
#   Decrease Java heap size (-Xmx/-Xms)
#   Decrease number of Java threads
#   Decrease Java thread stack sizes (-Xss)
#   Set larger code cache with -XX:ReservedCodeCacheSize=
# This output file may be truncated or incomplete.
#
#  Out of Memory Error (allocation.cpp:390), pid=8476, tid=0x00000000000024ac
#
# JRE version: Java(TM) SE Runtime Environment (8.0_131-b11) (build 1.8.0_131-b11)
# Java VM: Java HotSpot(TM) 64-Bit Server VM (25.131-b11 mixed mode windows-amd64 compressed oops)
# Failed to write core dump. Minidumps are not enabled by default on client versions of Windows
#

---------------  T H R E A D  ---------------

Current thread (0x0000000057399000):  JavaThread "C2 CompilerThread0" daemon [_thread_in_native, id=9388, stack(0x0000000058ae0000,0x0000000058be0000)]

Stack: [0x0000000058ae0000,0x0000000058be0000]
[error occurred during error reporting (printing stack bounds), id 0xc0000005]

Native frames: (J=compiled Java code, j=interpreted, Vv=VM code, C=native code)


Current CompileTask:
C2: 138741 1122   !   4       java.net.URL::<init> (543 bytes)


---------------  P R O C E S S  ---------------

Java Threads: ( => current thread )
  0x0000000059389000 JavaThread "background-preinit" [_thread_in_native, id=10028, stack(0x000000005a490000,0x000000005a590000)]
  0x00000000590c5800 JavaThread "Service Thread" daemon [_thread_blocked, id=9396, stack(0x0000000059790000,0x0000000059890000)]
  0x00000000590c3800 JavaThread "C1 CompilerThread1" daemon [_thread_blocked, id=9392, stack(0x0000000059660000,0x0000000059760000)]
=>0x0000000057399000 JavaThread "C2 CompilerThread0" daemon [_thread_in_native, id=9388, stack(0x0000000058ae0000,0x0000000058be0000)]
  0x000000005738a800 JavaThread "JDWP Command Reader" daemon [_thread_in_native, id=3320, stack(0x0000000058fa0000,0x00000000590a0000)]
  0x0000000057385000 JavaThread "JDWP Event Helper Thread" daemon [_thread_blocked, id=164, stack(0x00000000588f0000,0x00000000589f0000)]
  0x0000000057380800 JavaThread "JDWP Transport Listener: dt_socket" daemon [_thread_blocked, id=956, stack(0x0000000058c50000,0x0000000058d50000)]
  0x0000000057371000 JavaThread "Attach Listener" daemon [_thread_blocked, id=7544, stack(0x0000000058490000,0x0000000058590000)]
  0x000000005736f800 JavaThread "Signal Dispatcher" daemon [_thread_blocked, id=7540, stack(0x00000000582c0000,0x00000000583c0000)]
  0x0000000057352000 JavaThread "Finalizer" daemon [_thread_blocked, id=8368, stack(0x0000000058100000,0x0000000058200000)]
  0x0000000057309000 JavaThread "Reference Handler" daemon [_thread_blocked, id=8844, stack(0x0000000057fe0000,0x00000000580e0000)]
  0x0000000002173000 JavaThread "main" [_thread_in_native, id=8504, stack(0x0000000002540000,0x0000000002640000)]

Other Threads:
  0x0000000057301000 VMThread [stack: 0x0000000057d20000,0x0000000057e20000] [id=8784]
  0x00000000590db800 WatcherThread [stack: 0x0000000059970000,0x0000000059a70000] [id=9404]

VM state:not at safepoint (normal execution)

VM Mutex/Monitor currently owned by a thread: None

Heap:
 PSYoungGen      total 37888K, used 6383K [0x00000000d6000000, 0x00000000d8a00000, 0x0000000100000000)
  eden space 32768K, 3% used [0x00000000d6000000,0x00000000d613f5f8,0x00000000d8000000)
  from space 5120K, 99% used [0x00000000d8500000,0x00000000d89fc678,0x00000000d8a00000)
  to   space 5120K, 0% used [0x00000000d8000000,0x00000000d8000000,0x00000000d8500000)
 ParOldGen       total 86016K, used 394K [0x0000000082000000, 0x0000000087400000, 0x00000000d6000000)
  object space 86016K, 0% used [0x0000000082000000,0x0000000082062898,0x0000000087400000)
 Metaspace       used 13828K, capacity 14264K, committed 14592K, reserved 1062912K
  class space    used 1791K, capacity 1926K, committed 2048K, reserved 1048576K

Card table byte_map: [0x0000000011cd0000,0x00000000120d0000] byte_map_base: 0x00000000118c0000

Marking Bits: (ParMarkBitMap*) 0x0000000064bbc720
 Begin Bits: [0x00000000126e0000, 0x0000000014660000)
 End Bits:   [0x0000000014660000, 0x00000000165e0000)

Polling page: 0x0000000000220000

CodeCache: size=245760Kb used=3773Kb max_used=3784Kb free=241987Kb
 bounds [0x0000000002910000, 0x0000000002cd0000, 0x0000000011910000]
 total_blobs=1416 nmethods=1100 adapters=239
 compilation: enabled

Compilation events (10 events):
Event: 138.221 Thread 0x00000000590c3800 nmethod 1117 0x0000000002cbeed0 code [0x0000000002cbf020, 0x0000000002cbf130]
Event: 138.457 Thread 0x00000000590c3800 1119       3       java.lang.reflect.Constructor::setConstructorAccessor (21 bytes)
Event: 138.457 Thread 0x00000000590c3800 nmethod 1119 0x0000000002cbe850 code [0x0000000002cbe9c0, 0x0000000002cbed88]
Event: 138.457 Thread 0x00000000590c3800 1118       1       java.lang.reflect.Constructor::getConstructorAccessor (5 bytes)
Event: 138.457 Thread 0x00000000590c3800 nmethod 1118 0x0000000002cbe590 code [0x0000000002cbe6e0, 0x0000000002cbe7f0]
Event: 138.550 Thread 0x00000000590c3800 1120       3       java.io.ExpiringCache::entryFor (57 bytes)
Event: 138.551 Thread 0x00000000590c3800 nmethod 1120 0x0000000002cc04d0 code [0x0000000002cc0660, 0x0000000002cc0bb8]
Event: 138.569 Thread 0x0000000057399000 1121       4       java.util.HashMap::newNode (13 bytes)
Event: 138.571 Thread 0x0000000057399000 nmethod 1121 0x0000000002cbe290 code [0x0000000002cbe3e0, 0x0000000002cbe4f8]
Event: 138.575 Thread 0x0000000057399000 1122   !   4       java.net.URL::<init> (543 bytes)

GC Heap History (4 events):
Event: 57.366 GC heap before
{Heap before GC invocations=1 (full 0):
 PSYoungGen      total 37888K, used 32768K [0x00000000d6000000, 0x00000000d8a00000, 0x0000000100000000)
  eden space 32768K, 100% used [0x00000000d6000000,0x00000000d8000000,0x00000000d8000000)
  from space 5120K, 0% used [0x00000000d8500000,0x00000000d8500000,0x00000000d8a00000)
  to   space 5120K, 0% used [0x00000000d8000000,0x00000000d8000000,0x00000000d8500000)
 ParOldGen       total 86016K, used 0K [0x0000000082000000, 0x0000000087400000, 0x00000000d6000000)
  object space 86016K, 0% used [0x0000000082000000,0x0000000082000000,0x0000000087400000)
 Metaspace       used 10530K, capacity 10872K, committed 11136K, reserved 1058816K
  class space    used 1231K, capacity 1342K, committed 1408K, reserved 1048576K
Event: 57.378 GC heap after
Heap after GC invocations=1 (full 0):
 PSYoungGen      total 37888K, used 5092K [0x00000000d6000000, 0x00000000d8a00000, 0x0000000100000000)
  eden space 32768K, 0% used [0x00000000d6000000,0x00000000d6000000,0x00000000d8000000)
  from space 5120K, 99% used [0x00000000d8000000,0x00000000d84f91d0,0x00000000d8500000)
  to   space 5120K, 0% used [0x00000000d8500000,0x00000000d8500000,0x00000000d8a00000)
 ParOldGen       total 86016K, used 8K [0x0000000082000000, 0x0000000087400000, 0x00000000d6000000)
  object space 86016K, 0% used [0x0000000082000000,0x0000000082002000,0x0000000087400000)
 Metaspace       used 10530K, capacity 10872K, committed 11136K, reserved 1058816K
  class space    used 1231K, capacity 1342K, committed 1408K, reserved 1048576K
}
Event: 138.175 GC heap before
{Heap before GC invocations=2 (full 0):
 PSYoungGen      total 37888K, used 37860K [0x00000000d6000000, 0x00000000d8a00000, 0x0000000100000000)
  eden space 32768K, 100% used [0x00000000d6000000,0x00000000d8000000,0x00000000d8000000)
  from space 5120K, 99% used [0x00000000d8000000,0x00000000d84f91d0,0x00000000d8500000)
  to   space 5120K, 0% used [0x00000000d8500000,0x00000000d8500000,0x00000000d8a00000)
 ParOldGen       total 86016K, used 8K [0x0000000082000000, 0x0000000087400000, 0x00000000d6000000)
  object space 86016K, 0% used [0x0000000082000000,0x0000000082002000,0x0000000087400000)
 Metaspace       used 13783K, capacity 14200K, committed 14336K, reserved 1060864K
  class space    used 1785K, capacity 1926K, committed 2048K, reserved 1048576K
Event: 138.199 GC heap after
Heap after GC invocations=2 (full 0):
 PSYoungGen      total 37888K, used 5105K [0x00000000d6000000, 0x00000000d8a00000, 0x0000000100000000)
  eden space 32768K, 0% used [0x00000000d6000000,0x00000000d6000000,0x00000000d8000000)
  from space 5120K, 99% used [0x00000000d8500000,0x00000000d89fc678,0x00000000d8a00000)
  to   space 5120K, 0% used [0x00000000d8000000,0x00000000d8000000,0x00000000d8500000)
 ParOldGen       total 86016K, used 394K [0x0000000082000000, 0x0000000087400000, 0x00000000d6000000)
  object space 86016K, 0% used [0x0000000082000000,0x0000000082062898,0x0000000087400000)
 Metaspace       used 13783K, capacity 14200K, committed 14336K, reserved 1060864K
  class space    used 1785K, capacity 1926K, committed 2048K, reserved 1048576K
}

Deoptimization events (10 events):
Event: 138.028 Thread 0x0000000059389000 Uncommon trap: reason=range_check action=none pc=0x0000000002b9a00c method=sun.reflect.generics.parser.SignatureParser.current()C @ 34
Event: 138.037 Thread 0x0000000059389000 Uncommon trap: reason=range_check action=none pc=0x0000000002b9a00c method=sun.reflect.generics.parser.SignatureParser.current()C @ 34
Event: 138.037 Thread 0x0000000059389000 Uncommon trap: reason=range_check action=none pc=0x0000000002b9a00c method=sun.reflect.generics.parser.SignatureParser.current()C @ 34
Event: 138.038 Thread 0x0000000059389000 Uncommon trap: reason=unstable_if action=reinterpret pc=0x0000000002bc9088 method=java.util.HashMap.getNode(ILjava/lang/Object;)Ljava/util/HashMap$Node; @ 129
Event: 138.038 Thread 0x0000000059389000 Uncommon trap: reason=unstable_if action=reinterpret pc=0x0000000002c916cc method=java.util.HashMap.putVal(ILjava/lang/Object;Ljava/lang/Object;ZZ)Ljava/lang/Object; @ 193
Event: 138.038 Thread 0x0000000059389000 Uncommon trap: reason=unstable_if action=reinterpret pc=0x0000000002bab868 method=java.util.HashMap.getNode(ILjava/lang/Object;)Ljava/util/HashMap$Node; @ 129
Event: 138.045 Thread 0x0000000059389000 Uncommon trap: reason=range_check action=none pc=0x0000000002b9a00c method=sun.reflect.generics.parser.SignatureParser.current()C @ 34
Event: 138.048 Thread 0x0000000059389000 Uncommon trap: reason=range_check action=none pc=0x0000000002b9a00c method=sun.reflect.generics.parser.SignatureParser.current()C @ 34
Event: 138.055 Thread 0x0000000059389000 Uncommon trap: reason=range_check action=none pc=0x0000000002b9a00c method=sun.reflect.generics.parser.SignatureParser.current()C @ 34
Event: 138.057 Thread 0x0000000059389000 Uncommon trap: reason=range_check action=none pc=0x0000000002b9a00c method=sun.reflect.generics.parser.SignatureParser.current()C @ 34

Internal exceptions (10 events):
Event: 137.932 Thread 0x0000000059389000 Exception <a 'java/lang/ArrayIndexOutOfBoundsException': 176> (0x00000000d7d69c38) thrown at [C:\re\workspace\8-2-build-windows-amd64-cygwin\jdk8u131\8869\hotspot\src\share\vm\interpreter\interpreterRuntime.cpp, line 366]
Event: 138.010 Thread 0x0000000059389000 Exception <a 'java/lang/ArrayIndexOutOfBoundsException': 129> (0x00000000d7d7c1b0) thrown at [C:\re\workspace\8-2-build-windows-amd64-cygwin\jdk8u131\8869\hotspot\src\share\vm\interpreter\interpreterRuntime.cpp, line 366]
Event: 138.026 Thread 0x0000000059389000 Exception <a 'java/lang/ArrayIndexOutOfBoundsException': 181> (0x00000000d7d8f5a8) thrown at [C:\re\workspace\8-2-build-windows-amd64-cygwin\jdk8u131\8869\hotspot\src\share\vm\interpreter\interpreterRuntime.cpp, line 366]
Event: 138.028 Thread 0x0000000059389000 Exception <a 'java/lang/ArrayIndexOutOfBoundsException': 128> (0x00000000d7da1e30) thrown at [C:\re\workspace\8-2-build-windows-amd64-cygwin\jdk8u131\8869\hotspot\src\share\vm\interpreter\interpreterRuntime.cpp, line 366]
Event: 138.037 Thread 0x0000000059389000 Exception <a 'java/lang/ArrayIndexOutOfBoundsException': 168> (0x00000000d7dcba00) thrown at [C:\re\workspace\8-2-build-windows-amd64-cygwin\jdk8u131\8869\hotspot\src\share\vm\interpreter\interpreterRuntime.cpp, line 366]
Event: 138.037 Thread 0x0000000059389000 Exception <a 'java/lang/ArrayIndexOutOfBoundsException': 159> (0x00000000d7dcd6e8) thrown at [C:\re\workspace\8-2-build-windows-amd64-cygwin\jdk8u131\8869\hotspot\src\share\vm\interpreter\interpreterRuntime.cpp, line 366]
Event: 138.045 Thread 0x0000000059389000 Exception <a 'java/lang/ArrayIndexOutOfBoundsException': 128> (0x00000000d7df0c80) thrown at [C:\re\workspace\8-2-build-windows-amd64-cygwin\jdk8u131\8869\hotspot\src\share\vm\interpreter\interpreterRuntime.cpp, line 366]
Event: 138.049 Thread 0x0000000059389000 Exception <a 'java/lang/ArrayIndexOutOfBoundsException': 158> (0x00000000d7e066b0) thrown at [C:\re\workspace\8-2-build-windows-amd64-cygwin\jdk8u131\8869\hotspot\src\share\vm\interpreter\interpreterRuntime.cpp, line 366]
Event: 138.055 Thread 0x0000000059389000 Exception <a 'java/lang/ArrayIndexOutOfBoundsException': 132> (0x00000000d7e1be28) thrown at [C:\re\workspace\8-2-build-windows-amd64-cygwin\jdk8u131\8869\hotspot\src\share\vm\interpreter\interpreterRuntime.cpp, line 366]
Event: 138.057 Thread 0x0000000059389000 Exception <a 'java/lang/ArrayIndexOutOfBoundsException': 123> (0x00000000d7e2e568) thrown at [C:\re\workspace\8-2-build-windows-amd64-cygwin\jdk8u131\8869\hotspot\src\share\vm\interpreter\interpreterRuntime.cpp, line 366]

Events (10 events):
Event: 138.574 Thread 0x0000000002173000 DEOPT PACKING pc=0x0000000002a918b4 sp=0x0000000002637300
Event: 138.574 Thread 0x0000000002173000 DEOPT UNPACKING pc=0x00000000029571bf sp=0x0000000002637120 mode 1
Event: 138.609 loading class org/springframework/dao/NonTransientDataAccessException
Event: 138.609 loading class org/springframework/dao/NonTransientDataAccessException done
Event: 138.609 Thread 0x0000000002173000 DEOPT PACKING pc=0x0000000002ad5ff1 sp=0x0000000002634b90
Event: 138.609 Thread 0x0000000002173000 DEOPT UNPACKING pc=0x00000000029571bf sp=0x00000000026348e0 mode 1
Event: 138.609 Thread 0x0000000002173000 DEOPT PACKING pc=0x0000000002a91b1c sp=0x0000000002634c10
Event: 138.609 Thread 0x0000000002173000 DEOPT UNPACKING pc=0x00000000029571bf sp=0x0000000002634a30 mode 1
Event: 138.609 Thread 0x0000000002173000 DEOPT PACKING pc=0x0000000002a918b4 sp=0x0000000002634da0
Event: 138.609 Thread 0x0000000002173000 DEOPT UNPACKING pc=0x00000000029571bf sp=0x0000000002634bc0 mode 1


Dynamic libraries:
0x000000013f810000 - 0x000000013f847000 	C:\Program Files\Java\jdk1.8.0_131\bin\javaw.exe
0x0000000077030000 - 0x00000000771da000 	C:\Windows\SYSTEM32\ntdll.dll
0x0000000076e10000 - 0x0000000076f2f000 	C:\Windows\system32\kernel32.dll
0x000007fefce50000 - 0x000007fefceba000 	C:\Windows\system32\KERNELBASE.dll
0x000007fefefa0000 - 0x000007feff07b000 	C:\Windows\system32\ADVAPI32.dll
0x000007fefed70000 - 0x000007fefee0f000 	C:\Windows\system32\msvcrt.dll
0x000007fefe9c0000 - 0x000007fefe9df000 	C:\Windows\SYSTEM32\sechost.dll
0x000007fefec40000 - 0x000007fefed6d000 	C:\Windows\system32\RPCRT4.dll
0x0000000076f30000 - 0x000000007702a000 	C:\Windows\system32\USER32.dll
0x000007fefe920000 - 0x000007fefe987000 	C:\Windows\system32\GDI32.dll
0x000007fefe910000 - 0x000007fefe91e000 	C:\Windows\system32\LPK.dll
0x000007fefd620000 - 0x000007fefd6ea000 	C:\Windows\system32\USP10.dll
0x000007fefb800000 - 0x000007fefb9f4000 	C:\Windows\WinSxS\amd64_microsoft.windows.common-controls_6595b64144ccf1df_6.0.7601.18837_none_fa3b1e3d17594757\COMCTL32.dll
0x000007fefee10000 - 0x000007fefee81000 	C:\Windows\system32\SHLWAPI.dll
0x000007fefe990000 - 0x000007fefe9be000 	C:\Windows\system32\IMM32.DLL
0x000007fefee90000 - 0x000007fefef99000 	C:\Windows\system32\MSCTF.dll
0x00000000709b0000 - 0x0000000070a82000 	C:\Program Files\Java\jdk1.8.0_131\jre\bin\msvcr100.dll
0x00000000643a0000 - 0x0000000064c3c000 	C:\Program Files\Java\jdk1.8.0_131\jre\bin\server\jvm.dll
0x000007fef95f0000 - 0x000007fef95f9000 	C:\Windows\system32\WSOCK32.dll
0x000007fefebf0000 - 0x000007fefec3d000 	C:\Windows\system32\WS2_32.dll
0x000007fefe900000 - 0x000007fefe908000 	C:\Windows\system32\NSI.dll
0x000007fefad00000 - 0x000007fefad3b000 	C:\Windows\system32\WINMM.dll
0x000007fefbe90000 - 0x000007fefbe9c000 	C:\Windows\system32\VERSION.dll
0x00000000771f0000 - 0x00000000771f7000 	C:\Windows\system32\PSAPI.DLL
0x0000000071b30000 - 0x0000000071b3f000 	C:\Program Files\Java\jdk1.8.0_131\jre\bin\verify.dll
0x0000000070b50000 - 0x0000000070b79000 	C:\Program Files\Java\jdk1.8.0_131\jre\bin\java.dll
0x00000000704e0000 - 0x0000000070515000 	C:\Program Files\Java\jdk1.8.0_131\jre\bin\jdwp.dll
0x0000000071040000 - 0x0000000071048000 	C:\Program Files\Java\jdk1.8.0_131\jre\bin\npt.dll
0x0000000070db0000 - 0x0000000070dc6000 	C:\Program Files\Java\jdk1.8.0_131\jre\bin\zip.dll
0x000007fefd980000 - 0x000007fefe70c000 	C:\Windows\system32\SHELL32.dll
0x000007fefe9e0000 - 0x000007fefebe3000 	C:\Windows\system32\ole32.dll
0x000007fefcdc0000 - 0x000007fefcdcf000 	C:\Windows\system32\profapi.dll
0x0000000070930000 - 0x0000000070939000 	C:\Program Files\Java\jdk1.8.0_131\jre\bin\dt_socket.dll
0x000007fefac80000 - 0x000007fefac95000 	C:\Windows\system32\NLAapi.dll
0x000007fef9a40000 - 0x000007fef9a55000 	C:\Windows\system32\napinsp.dll
0x000007fef9a20000 - 0x000007fef9a39000 	C:\Windows\system32\pnrpnsp.dll
0x000007fefc480000 - 0x000007fefc4d5000 	C:\Windows\System32\mswsock.dll
0x000007fefc370000 - 0x000007fefc3cb000 	C:\Windows\system32\DNSAPI.dll
0x000007fef99c0000 - 0x000007fef99cb000 	C:\Windows\System32\winrnr.dll
0x00000000748b0000 - 0x00000000748de000 	C:\Program Files\Common Files\Microsoft Shared\Windows Live\WLIDNSP.DLL
0x000007fefa8e0000 - 0x000007fefa907000 	C:\Windows\system32\IPHLPAPI.DLL
0x000007fefa820000 - 0x000007fefa82b000 	C:\Windows\system32\WINNSI.DLL
0x000007fefa750000 - 0x000007fefa7a3000 	C:\Windows\System32\fwpuclnt.dll
0x000007fef9a60000 - 0x000007fef9a68000 	C:\Windows\system32\rasadhlp.dll
0x000007fefbf60000 - 0x000007fefbf67000 	C:\Windows\System32\wshtcpip.dll
0x00000000710e0000 - 0x00000000710ed000 	C:\Program Files\Java\jdk1.8.0_131\jre\bin\management.dll
0x0000000070cc0000 - 0x0000000070cda000 	C:\Program Files\Java\jdk1.8.0_131\jre\bin\net.dll
0x000007fefc7b0000 - 0x000007fefc7b7000 	C:\Windows\System32\wship6.dll

VM Arguments:
jvm_args: -agentlib:jdwp=transport=dt_socket,suspend=y,address=localhost:50078 -Dfile.encoding=UTF-8 
java_command: myactivities.myactivities.MyactivitiesApplication
java_class_path (initial): C:\Program Files\Java\jdk1.8.0_131\jre\lib\resources.jar;C:\Program Files\Java\jdk1.8.0_131\jre\lib\rt.jar;C:\Program Files\Java\jdk1.8.0_131\jre\lib\jsse.jar;C:\Program Files\Java\jdk1.8.0_131\jre\lib\jce.jar;C:\Program Files\Java\jdk1.8.0_131\jre\lib\charsets.jar;C:\Program Files\Java\jdk1.8.0_131\jre\lib\jfr.jar;C:\Program Files\Java\jdk1.8.0_131\jre\lib\ext\access-bridge-64.jar;C:\Program Files\Java\jdk1.8.0_131\jre\lib\ext\cldrdata.jar;C:\Program Files\Java\jdk1.8.0_131\jre\lib\ext\dnsns.jar;C:\Program Files\Java\jdk1.8.0_131\jre\lib\ext\jaccess.jar;C:\Program Files\Java\jdk1.8.0_131\jre\lib\ext\jfxrt.jar;C:\Program Files\Java\jdk1.8.0_131\jre\lib\ext\localedata.jar;C:\Program Files\Java\jdk1.8.0_131\jre\lib\ext\nashorn.jar;C:\Program Files\Java\jdk1.8.0_131\jre\lib\ext\sunec.jar;C:\Program Files\Java\jdk1.8.0_131\jre\lib\ext\sunjce_provider.jar;C:\Program Files\Java\jdk1.8.0_131\jre\lib\ext\sunmscapi.jar;C:\Program Files\Java\jdk1.8.0_131\jre\lib\ext\sunpkcs11.jar;C:\Program Files\Java\jdk1.8.0_131\jre\lib\ext\zipfs.jar;F:\ProgrammationBD\TD\dutinfo1-myactivities-Favettou\target\classes;C:\Users\ambre.favetto\.m2\repository\org\springframework\boot\spring-boot-starter-jdbc\2.1.2.RELEASE\spring-boot-starter-jdbc-2.1.2.RELEASE.jar;C:\Users\ambre.favetto\.m2\repository\org\springframework\boot\spring-boot-starter\2.1.2.RELEASE\spring-boot-starter-2.1.2.RELEASE.jar;C:\Users\ambre.favetto\.m2\repository\org\springframework\boot\spring-boot\2.1.2.RELEASE\spring-boot-2.1.2.RELEASE.jar;C:\Users\ambre.favetto\.m2\repository\org\springframework\boot\spring-boot-autoconfigure\2.1.2.RELEASE\spring-boot-autoconfigure-2.1.2.RELEASE.jar;C:\Users\ambre.favetto\.m2\repository\org\springframework\boot\spring-boot-starter-logging\2.1.2.RELEASE\spring-boot-starter-logging-2.1.2.RELEASE.jar;C:\Users\ambre.favetto\.m2\repository\ch\qos\logback\logback-classic\1.2.3\logback-classic-1.2.3.jar;C:\Users\ambre.favetto\.m2\repository\ch\qos\logback\logback-co
Launcher Type: SUN_STANDARD

Environment Variables:
PATH=C:\Program Files\Java\jdk1.8.0_131\jre\bin;C:\Windows\system32;C:\Windows;C:\Windows\System32\Wbem;C:\Program Files (x86)\Java\jdk1.8.0_131\bin;C:\ProgramData\Oracle\Java\javapath;C:\oracle\product\10.2.0\client_1\bin;C:\Windows\System32\WindowsPowerShell\v1.0\;c:\Program Files (x86)\Microsoft SQL Server\100\Tools\Binn\;c:\Program Files\Microsoft SQL Server\100\Tools\Binn\;c:\Program Files\Microsoft SQL Server\100\DTS\Binn\;C:\Program Files\Microsoft\Web Platform Installer\;C:\Program Files (x86)\Microsoft ASP.NET\ASP.NET Web Pages\v1.0\;C:\Program Files\Microsoft SQL Server\110\Tools\Binn\;C:\Program Files (x86)\Windows Kits\8.0\Windows Performance Toolkit\;C:\Program Files\Git\cmd
USERNAME=ambre.favetto
OS=Windows_NT
PROCESSOR_IDENTIFIER=Intel64 Family 6 Model 23 Stepping 10, GenuineIntel



---------------  S Y S T E M  ---------------

OS: Windows 7 , 64 bit Build 7601 (6.1.7601.23418)

CPU:total 2 (initial active 2) (2 cores per cpu, 1 threads per core) family 6 model 23 stepping 10, cmov, cx8, fxsr, mmx, sse, sse2, sse3, ssse3, tsc

Memory: 4k page, physical 8256764k(3080496k free), swap 12362800k(14992k free)

vm_info: Java HotSpot(TM) 64-Bit Server VM (25.131-b11) for windows-amd64 JRE (1.8.0_131-b11), built on Mar 15 2017 01:23:53 by "java_re" with MS VC++ 10.0 (VS2010)

time: Wed Apr 17 13:45:37 2019
elapsed time: 138 seconds (0d 0h 2m 18s)

