#
# There is insufficient memory for the Java Runtime Environment to continue.
# Native memory allocation (malloc) failed to allocate 313936 bytes for Chunk::new
# Possible reasons:
#   The system is out of physical RAM or swap space
#   In 32 bit mode, the process size limit was hit
# Possible solutions:
#   Reduce memory load on the system
#   Increase physical memory or swap space
#   Check if swap backing store is full
#   Use 64 bit Java on a 64 bit OS
#   Decrease Java heap size (-Xmx/-Xms)
#   Decrease number of Java threads
#   Decrease Java thread stack sizes (-Xss)
#   Set larger code cache with -XX:ReservedCodeCacheSize=
# This output file may be truncated or incomplete.
#
#  Out of Memory Error (allocation.cpp:390), pid=664, tid=0x0000000000001dc4
#
# JRE version: Java(TM) SE Runtime Environment (8.0_131-b11) (build 1.8.0_131-b11)
# Java VM: Java HotSpot(TM) 64-Bit Server VM (25.131-b11 mixed mode windows-amd64 compressed oops)
# Failed to write core dump. Minidumps are not enabled by default on client versions of Windows
#

---------------  T H R E A D  ---------------

Current thread (0x0000000057117000):  JavaThread "C2 CompilerThread0" daemon [_thread_in_native, id=7620, stack(0x0000000058ec0000,0x0000000058fc0000)]

Stack: [0x0000000058ec0000,0x0000000058fc0000]
[error occurred during error reporting (printing stack bounds), id 0xc0000005]

Native frames: (J=compiled Java code, j=interpreted, Vv=VM code, C=native code)


Current CompileTask:
C2: 160163 1687       4       java.net.URLStreamHandler::parseURL (1193 bytes)


---------------  P R O C E S S  ---------------

Java Threads: ( => current thread )
  0x0000000058fe4000 JavaThread "Service Thread" daemon [_thread_blocked, id=7672, stack(0x0000000059620000,0x0000000059720000)]
  0x0000000058fe2000 JavaThread "C1 CompilerThread1" daemon [_thread_blocked, id=7656, stack(0x0000000059510000,0x0000000059610000)]
=>0x0000000057117000 JavaThread "C2 CompilerThread0" daemon [_thread_in_native, id=7620, stack(0x0000000058ec0000,0x0000000058fc0000)]
  0x0000000057108800 JavaThread "JDWP Command Reader" daemon [_thread_in_native, id=7356, stack(0x0000000058d90000,0x0000000058e90000)]
  0x0000000057103000 JavaThread "JDWP Event Helper Thread" daemon [_thread_blocked, id=7328, stack(0x0000000058ba0000,0x0000000058ca0000)]
  0x00000000570fe800 JavaThread "JDWP Transport Listener: dt_socket" daemon [_thread_blocked, id=7324, stack(0x0000000058950000,0x0000000058a50000)]
  0x00000000570ef000 JavaThread "Attach Listener" daemon [_thread_blocked, id=4376, stack(0x0000000058320000,0x0000000058420000)]
  0x00000000570ed800 JavaThread "Signal Dispatcher" daemon [_thread_blocked, id=2648, stack(0x0000000058120000,0x0000000058220000)]
  0x00000000570d2000 JavaThread "Finalizer" daemon [_thread_blocked, id=1316, stack(0x0000000057e80000,0x0000000057f80000)]
  0x0000000057089000 JavaThread "Reference Handler" daemon [_thread_blocked, id=6040, stack(0x0000000057af0000,0x0000000057bf0000)]
  0x0000000002133000 JavaThread "main" [_thread_in_native, id=2424, stack(0x0000000002250000,0x0000000002350000)]

Other Threads:
  0x0000000057081000 VMThread [stack: 0x0000000057c00000,0x0000000057d00000] [id=4980]
  0x0000000059002800 WatcherThread [stack: 0x0000000059820000,0x0000000059920000] [id=7676]

VM state:not at safepoint (normal execution)

VM Mutex/Monitor currently owned by a thread: None

Heap:
 PSYoungGen      total 37888K, used 9861K [0x00000000d6000000, 0x00000000d8a00000, 0x0000000100000000)
  eden space 32768K, 30% used [0x00000000d6000000,0x00000000d69a1698,0x00000000d8000000)
  from space 5120K, 0% used [0x00000000d8500000,0x00000000d8500000,0x00000000d8a00000)
  to   space 5120K, 0% used [0x00000000d8000000,0x00000000d8000000,0x00000000d8500000)
 ParOldGen       total 41984K, used 6100K [0x0000000082000000, 0x0000000084900000, 0x00000000d6000000)
  object space 41984K, 14% used [0x0000000082000000,0x00000000825f5260,0x0000000084900000)
 Metaspace       used 22918K, capacity 23562K, committed 23680K, reserved 1069056K
  class space    used 2918K, capacity 3103K, committed 3200K, reserved 1048576K

Card table byte_map: [0x0000000011a70000,0x0000000011e70000] byte_map_base: 0x0000000011660000

Marking Bits: (ParMarkBitMap*) 0x0000000064bbc720
 Begin Bits: [0x0000000012460000, 0x00000000143e0000)
 End Bits:   [0x00000000143e0000, 0x0000000016360000)

Polling page: 0x0000000000330000

CodeCache: size=245760Kb used=5792Kb max_used=5792Kb free=239967Kb
 bounds [0x00000000026b0000, 0x0000000002c60000, 0x00000000116b0000]
 total_blobs=1986 nmethods=1606 adapters=297
 compilation: enabled

Compilation events (10 events):
Event: 158.926 Thread 0x0000000058fe2000 nmethod 1683 0x0000000002c59590 code [0x0000000002c59720, 0x0000000002c59a48]
Event: 158.926 Thread 0x0000000058fe2000 1682       3       java.lang.Class::getDeclaredAnnotation (22 bytes)
Event: 158.927 Thread 0x0000000058fe2000 nmethod 1682 0x0000000002c59c90 code [0x0000000002c59e40, 0x0000000002c5a2e8]
Event: 159.675 Thread 0x0000000058fe2000 1684       3       java.util.LinkedHashMap$LinkedKeySet::<init> (10 bytes)
Event: 159.676 Thread 0x0000000058fe2000 nmethod 1684 0x0000000002c5a4d0 code [0x0000000002c5a640, 0x0000000002c5a8d0]
Event: 159.676 Thread 0x0000000058fe2000 1685       3       java.util.LinkedList::add (32 bytes)
Event: 159.677 Thread 0x0000000058fe2000 nmethod 1685 0x0000000002c5aa10 code [0x0000000002c5abe0, 0x0000000002c5b128]
Event: 159.901 Thread 0x0000000058fe2000 1686       1       java.lang.reflect.Field::getModifiers (5 bytes)
Event: 159.901 Thread 0x0000000058fe2000 nmethod 1686 0x0000000002c5b390 code [0x0000000002c5b4e0, 0x0000000002c5b5f0]
Event: 160.048 Thread 0x0000000057117000 1687       4       java.net.URLStreamHandler::parseURL (1193 bytes)

GC Heap History (10 events):
Event: 29.751 GC heap before
{Heap before GC invocations=1 (full 0):
 PSYoungGen      total 37888K, used 32768K [0x00000000d6000000, 0x00000000d8a00000, 0x0000000100000000)
  eden space 32768K, 100% used [0x00000000d6000000,0x00000000d8000000,0x00000000d8000000)
  from space 5120K, 0% used [0x00000000d8500000,0x00000000d8500000,0x00000000d8a00000)
  to   space 5120K, 0% used [0x00000000d8000000,0x00000000d8000000,0x00000000d8500000)
 ParOldGen       total 86016K, used 0K [0x0000000082000000, 0x0000000087400000, 0x00000000d6000000)
  object space 86016K, 0% used [0x0000000082000000,0x0000000082000000,0x0000000087400000)
 Metaspace       used 10516K, capacity 10860K, committed 11136K, reserved 1058816K
  class space    used 1230K, capacity 1342K, committed 1408K, reserved 1048576K
Event: 29.981 GC heap after
Heap after GC invocations=1 (full 0):
 PSYoungGen      total 37888K, used 5111K [0x00000000d6000000, 0x00000000d8a00000, 0x0000000100000000)
  eden space 32768K, 0% used [0x00000000d6000000,0x00000000d6000000,0x00000000d8000000)
  from space 5120K, 99% used [0x00000000d8000000,0x00000000d84fddf0,0x00000000d8500000)
  to   space 5120K, 0% used [0x00000000d8500000,0x00000000d8500000,0x00000000d8a00000)
 ParOldGen       total 86016K, used 54K [0x0000000082000000, 0x0000000087400000, 0x00000000d6000000)
  object space 86016K, 0% used [0x0000000082000000,0x000000008200d8b0,0x0000000087400000)
 Metaspace       used 10516K, capacity 10860K, committed 11136K, reserved 1058816K
  class space    used 1230K, capacity 1342K, committed 1408K, reserved 1048576K
}
Event: 65.458 GC heap before
{Heap before GC invocations=2 (full 0):
 PSYoungGen      total 37888K, used 37879K [0x00000000d6000000, 0x00000000d8a00000, 0x0000000100000000)
  eden space 32768K, 100% used [0x00000000d6000000,0x00000000d8000000,0x00000000d8000000)
  from space 5120K, 99% used [0x00000000d8000000,0x00000000d84fddf0,0x00000000d8500000)
  to   space 5120K, 0% used [0x00000000d8500000,0x00000000d8500000,0x00000000d8a00000)
 ParOldGen       total 86016K, used 54K [0x0000000082000000, 0x0000000087400000, 0x00000000d6000000)
  object space 86016K, 0% used [0x0000000082000000,0x000000008200d8b0,0x0000000087400000)
 Metaspace       used 13856K, capacity 14256K, committed 14592K, reserved 1062912K
  class space    used 1799K, capacity 1930K, committed 2048K, reserved 1048576K
Event: 65.480 GC heap after
Heap after GC invocations=2 (full 0):
 PSYoungGen      total 37888K, used 5107K [0x00000000d6000000, 0x00000000d8a00000, 0x0000000100000000)
  eden space 32768K, 0% used [0x00000000d6000000,0x00000000d6000000,0x00000000d8000000)
  from space 5120K, 99% used [0x00000000d8500000,0x00000000d89fcda8,0x00000000d8a00000)
  to   space 5120K, 0% used [0x00000000d8000000,0x00000000d8000000,0x00000000d8500000)
 ParOldGen       total 86016K, used 587K [0x0000000082000000, 0x0000000087400000, 0x00000000d6000000)
  object space 86016K, 0% used [0x0000000082000000,0x0000000082092ee8,0x0000000087400000)
 Metaspace       used 13856K, capacity 14256K, committed 14592K, reserved 1062912K
  class space    used 1799K, capacity 1930K, committed 2048K, reserved 1048576K
}
Event: 96.272 GC heap before
{Heap before GC invocations=3 (full 0):
 PSYoungGen      total 37888K, used 37875K [0x00000000d6000000, 0x00000000d8a00000, 0x0000000100000000)
  eden space 32768K, 100% used [0x00000000d6000000,0x00000000d8000000,0x00000000d8000000)
  from space 5120K, 99% used [0x00000000d8500000,0x00000000d89fcda8,0x00000000d8a00000)
  to   space 5120K, 0% used [0x00000000d8000000,0x00000000d8000000,0x00000000d8500000)
 ParOldGen       total 86016K, used 587K [0x0000000082000000, 0x0000000087400000, 0x00000000d6000000)
  object space 86016K, 0% used [0x0000000082000000,0x0000000082092ee8,0x0000000087400000)
 Metaspace       used 18462K, capacity 18950K, committed 19200K, reserved 1067008K
  class space    used 2351K, capacity 2487K, committed 2560K, reserved 1048576K
Event: 96.292 GC heap after
Heap after GC invocations=3 (full 0):
 PSYoungGen      total 37888K, used 5090K [0x00000000d6000000, 0x00000000d8a00000, 0x0000000100000000)
  eden space 32768K, 0% used [0x00000000d6000000,0x00000000d6000000,0x00000000d8000000)
  from space 5120K, 99% used [0x00000000d8000000,0x00000000d84f8a38,0x00000000d8500000)
  to   space 5120K, 0% used [0x00000000d8500000,0x00000000d8500000,0x00000000d8a00000)
 ParOldGen       total 86016K, used 3392K [0x0000000082000000, 0x0000000087400000, 0x00000000d6000000)
  object space 86016K, 3% used [0x0000000082000000,0x0000000082350390,0x0000000087400000)
 Metaspace       used 18462K, capacity 18950K, committed 19200K, reserved 1067008K
  class space    used 2351K, capacity 2487K, committed 2560K, reserved 1048576K
}
Event: 152.580 GC heap before
{Heap before GC invocations=4 (full 0):
 PSYoungGen      total 37888K, used 21572K [0x00000000d6000000, 0x00000000d8a00000, 0x0000000100000000)
  eden space 32768K, 50% used [0x00000000d6000000,0x00000000d7018638,0x00000000d8000000)
  from space 5120K, 99% used [0x00000000d8000000,0x00000000d84f8a38,0x00000000d8500000)
  to   space 5120K, 0% used [0x00000000d8500000,0x00000000d8500000,0x00000000d8a00000)
 ParOldGen       total 86016K, used 3392K [0x0000000082000000, 0x0000000087400000, 0x00000000d6000000)
  object space 86016K, 3% used [0x0000000082000000,0x0000000082350390,0x0000000087400000)
 Metaspace       used 20600K, capacity 21154K, committed 21248K, reserved 1067008K
  class space    used 2633K, capacity 2813K, committed 2816K, reserved 1048576K
Event: 152.592 GC heap after
Heap after GC invocations=4 (full 0):
 PSYoungGen      total 37888K, used 5088K [0x00000000d6000000, 0x00000000d8a00000, 0x0000000100000000)
  eden space 32768K, 0% used [0x00000000d6000000,0x00000000d6000000,0x00000000d8000000)
  from space 5120K, 99% used [0x00000000d8500000,0x00000000d89f83b8,0x00000000d8a00000)
  to   space 5120K, 0% used [0x00000000d8000000,0x00000000d8000000,0x00000000d8500000)
 ParOldGen       total 86016K, used 4593K [0x0000000082000000, 0x0000000087400000, 0x00000000d6000000)
  object space 86016K, 5% used [0x0000000082000000,0x000000008247c440,0x0000000087400000)
 Metaspace       used 20600K, capacity 21154K, committed 21248K, reserved 1067008K
  class space    used 2633K, capacity 2813K, committed 2816K, reserved 1048576K
}
Event: 152.592 GC heap before
{Heap before GC invocations=5 (full 1):
 PSYoungGen      total 37888K, used 5088K [0x00000000d6000000, 0x00000000d8a00000, 0x0000000100000000)
  eden space 32768K, 0% used [0x00000000d6000000,0x00000000d6000000,0x00000000d8000000)
  from space 5120K, 99% used [0x00000000d8500000,0x00000000d89f83b8,0x00000000d8a00000)
  to   space 5120K, 0% used [0x00000000d8000000,0x00000000d8000000,0x00000000d8500000)
 ParOldGen       total 86016K, used 4593K [0x0000000082000000, 0x0000000087400000, 0x00000000d6000000)
  object space 86016K, 5% used [0x0000000082000000,0x000000008247c440,0x0000000087400000)
 Metaspace       used 20600K, capacity 21154K, committed 21248K, reserved 1067008K
  class space    used 2633K, capacity 2813K, committed 2816K, reserved 1048576K
Event: 152.666 GC heap after
Heap after GC invocations=5 (full 1):
 PSYoungGen      total 37888K, used 0K [0x00000000d6000000, 0x00000000d8a00000, 0x0000000100000000)
  eden space 32768K, 0% used [0x00000000d6000000,0x00000000d6000000,0x00000000d8000000)
  from space 5120K, 0% used [0x00000000d8500000,0x00000000d8500000,0x00000000d8a00000)
  to   space 5120K, 0% used [0x00000000d8000000,0x00000000d8000000,0x00000000d8500000)
 ParOldGen       total 41984K, used 6100K [0x0000000082000000, 0x0000000084900000, 0x00000000d6000000)
  object space 41984K, 14% used [0x0000000082000000,0x00000000825f5260,0x0000000084900000)
 Metaspace       used 20600K, capacity 21154K, committed 21248K, reserved 1067008K
  class space    used 2633K, capacity 2813K, committed 2816K, reserved 1048576K
}

Deoptimization events (10 events):
Event: 156.693 Thread 0x0000000002133000 Uncommon trap: reason=unhandled action=none pc=0x0000000002af46e0 method=java.net.URLClassLoader.findClass(Ljava/lang/String;)Ljava/lang/Class; @ 44
Event: 156.695 Thread 0x00000000599d7000 Uncommon trap: reason=unhandled action=none pc=0x0000000002af46e0 method=java.net.URLClassLoader.findClass(Ljava/lang/String;)Ljava/lang/Class; @ 44
Event: 156.894 Thread 0x0000000002133000 Uncommon trap: reason=unhandled action=none pc=0x0000000002af46e0 method=java.net.URLClassLoader.findClass(Ljava/lang/String;)Ljava/lang/Class; @ 44
Event: 157.113 Thread 0x0000000002133000 Uncommon trap: reason=unhandled action=none pc=0x0000000002af46e0 method=java.net.URLClassLoader.findClass(Ljava/lang/String;)Ljava/lang/Class; @ 44
Event: 157.196 Thread 0x0000000002133000 Uncommon trap: reason=unhandled action=none pc=0x0000000002af46e0 method=java.net.URLClassLoader.findClass(Ljava/lang/String;)Ljava/lang/Class; @ 44
Event: 157.305 Thread 0x0000000002133000 Uncommon trap: reason=unhandled action=none pc=0x0000000002af46e0 method=java.net.URLClassLoader.findClass(Ljava/lang/String;)Ljava/lang/Class; @ 44
Event: 157.608 Thread 0x0000000002133000 Uncommon trap: reason=unhandled action=none pc=0x0000000002af46e0 method=java.net.URLClassLoader.findClass(Ljava/lang/String;)Ljava/lang/Class; @ 44
Event: 158.305 Thread 0x0000000002133000 Uncommon trap: reason=unhandled action=none pc=0x0000000002af46e0 method=java.net.URLClassLoader.findClass(Ljava/lang/String;)Ljava/lang/Class; @ 44
Event: 158.529 Thread 0x0000000002133000 Uncommon trap: reason=unhandled action=none pc=0x0000000002af46e0 method=java.net.URLClassLoader.findClass(Ljava/lang/String;)Ljava/lang/Class; @ 44
Event: 158.769 Thread 0x0000000002133000 Uncommon trap: reason=unhandled action=none pc=0x0000000002af46e0 method=java.net.URLClassLoader.findClass(Ljava/lang/String;)Ljava/lang/Class; @ 44

Internal exceptions (10 events):
Event: 84.291 Thread 0x00000000599d7000 Exception <a 'java/lang/ArrayIndexOutOfBoundsException': 22> (0x00000000d6ee2b08) thrown at [C:\re\workspace\8-2-build-windows-amd64-cygwin\jdk8u131\8869\hotspot\src\share\vm\interpreter\interpreterRuntime.cpp, line 366]
Event: 93.779 Thread 0x0000000002133000 Exception <a 'java/lang/NoSuchMethodError': java.lang.Object.lambda$comparing$77a9974f$1(Ljava/util/function/Function;Ljava/lang/Object;Ljava/lang/Object;)I> (0x00000000d74efe58) thrown at [C:\re\workspace\8-2-build-windows-amd64-cygwin\jdk8u131\8869\hots
Event: 150.660 Thread 0x00000000599d7000 Exception <a 'java/lang/IncompatibleClassChangeError': Found class java.lang.Object, but interface was expected> (0x00000000d6ce9640) thrown at [C:\re\workspace\8-2-build-windows-amd64-cygwin\jdk8u131\8869\hotspot\src\share\vm\interpreter\linkResolver.cpp
Event: 152.766 Thread 0x0000000002133000 Exception <a 'java/lang/IncompatibleClassChangeError': Found class java.lang.Object, but interface was expected> (0x00000000d61af698) thrown at [C:\re\workspace\8-2-build-windows-amd64-cygwin\jdk8u131\8869\hotspot\src\share\vm\interpreter\linkResolver.cpp
Event: 155.424 Thread 0x00000000599d7000 Exception <a 'java/lang/ArrayIndexOutOfBoundsException': 71> (0x00000000d67755c0) thrown at [C:\re\workspace\8-2-build-windows-amd64-cygwin\jdk8u131\8869\hotspot\src\share\vm\interpreter\interpreterRuntime.cpp, line 366]
Event: 155.444 Thread 0x00000000599d7000 Exception <a 'java/lang/ArrayIndexOutOfBoundsException': 71> (0x00000000d6776df8) thrown at [C:\re\workspace\8-2-build-windows-amd64-cygwin\jdk8u131\8869\hotspot\src\share\vm\interpreter\interpreterRuntime.cpp, line 366]
Event: 155.496 Thread 0x00000000599d7000 Exception <a 'java/lang/ArrayIndexOutOfBoundsException': 55> (0x00000000d679d030) thrown at [C:\re\workspace\8-2-build-windows-amd64-cygwin\jdk8u131\8869\hotspot\src\share\vm\interpreter\interpreterRuntime.cpp, line 366]
Event: 155.496 Thread 0x00000000599d7000 Exception <a 'java/lang/ArrayIndexOutOfBoundsException': 38> (0x00000000d679e8e0) thrown at [C:\re\workspace\8-2-build-windows-amd64-cygwin\jdk8u131\8869\hotspot\src\share\vm\interpreter\interpreterRuntime.cpp, line 366]
Event: 155.504 Thread 0x00000000599d7000 Exception <a 'java/lang/ArrayIndexOutOfBoundsException': 38> (0x00000000d67c4bf8) thrown at [C:\re\workspace\8-2-build-windows-amd64-cygwin\jdk8u131\8869\hotspot\src\share\vm\interpreter\interpreterRuntime.cpp, line 366]
Event: 155.509 Thread 0x00000000599d7000 Exception <a 'java/lang/ArrayIndexOutOfBoundsException': 49> (0x00000000d67d2668) thrown at [C:\re\workspace\8-2-build-windows-amd64-cygwin\jdk8u131\8869\hotspot\src\share\vm\interpreter\interpreterRuntime.cpp, line 366]

Events (10 events):
Event: 158.529 loading class org/springframework/core/type/filter/AssignableTypeFilter
Event: 158.529 loading class org/springframework/core/type/filter/AssignableTypeFilter done
Event: 158.529 Thread 0x0000000002133000 Uncommon trap: trap_request=0xffffffa7 fr.pc=0x0000000002af46e0
Event: 158.529 Thread 0x0000000002133000 DEOPT PACKING pc=0x0000000002af46e0 sp=0x000000000234d970
Event: 158.529 Thread 0x0000000002133000 DEOPT UNPACKING pc=0x00000000026f556a sp=0x000000000234d848 mode 2
Event: 158.769 loading class org/springframework/boot/autoconfigure/context/MessageSourceAutoConfiguration$ResourceBundleCondition
Event: 158.769 loading class org/springframework/boot/autoconfigure/context/MessageSourceAutoConfiguration$ResourceBundleCondition done
Event: 158.769 Thread 0x0000000002133000 Uncommon trap: trap_request=0xffffffa7 fr.pc=0x0000000002af46e0
Event: 158.769 Thread 0x0000000002133000 DEOPT PACKING pc=0x0000000002af46e0 sp=0x000000000234dc60
Event: 158.769 Thread 0x0000000002133000 DEOPT UNPACKING pc=0x00000000026f556a sp=0x000000000234db38 mode 2


Dynamic libraries:
0x000000013f810000 - 0x000000013f847000 	C:\Program Files\Java\jdk1.8.0_131\bin\javaw.exe
0x0000000077030000 - 0x00000000771da000 	C:\Windows\SYSTEM32\ntdll.dll
0x0000000076e10000 - 0x0000000076f2f000 	C:\Windows\system32\kernel32.dll
0x000007fefce50000 - 0x000007fefceba000 	C:\Windows\system32\KERNELBASE.dll
0x000007fefefa0000 - 0x000007feff07b000 	C:\Windows\system32\ADVAPI32.dll
0x000007fefed70000 - 0x000007fefee0f000 	C:\Windows\system32\msvcrt.dll
0x000007fefe9c0000 - 0x000007fefe9df000 	C:\Windows\SYSTEM32\sechost.dll
0x000007fefec40000 - 0x000007fefed6d000 	C:\Windows\system32\RPCRT4.dll
0x0000000076f30000 - 0x000000007702a000 	C:\Windows\system32\USER32.dll
0x000007fefe920000 - 0x000007fefe987000 	C:\Windows\system32\GDI32.dll
0x000007fefe910000 - 0x000007fefe91e000 	C:\Windows\system32\LPK.dll
0x000007fefd620000 - 0x000007fefd6ea000 	C:\Windows\system32\USP10.dll
0x000007fefb800000 - 0x000007fefb9f4000 	C:\Windows\WinSxS\amd64_microsoft.windows.common-controls_6595b64144ccf1df_6.0.7601.18837_none_fa3b1e3d17594757\COMCTL32.dll
0x000007fefee10000 - 0x000007fefee81000 	C:\Windows\system32\SHLWAPI.dll
0x000007fefe990000 - 0x000007fefe9be000 	C:\Windows\system32\IMM32.DLL
0x000007fefee90000 - 0x000007fefef99000 	C:\Windows\system32\MSCTF.dll
0x00000000709b0000 - 0x0000000070a82000 	C:\Program Files\Java\jdk1.8.0_131\jre\bin\msvcr100.dll
0x00000000643a0000 - 0x0000000064c3c000 	C:\Program Files\Java\jdk1.8.0_131\jre\bin\server\jvm.dll
0x000007fef95f0000 - 0x000007fef95f9000 	C:\Windows\system32\WSOCK32.dll
0x000007fefebf0000 - 0x000007fefec3d000 	C:\Windows\system32\WS2_32.dll
0x000007fefe900000 - 0x000007fefe908000 	C:\Windows\system32\NSI.dll
0x000007fefad00000 - 0x000007fefad3b000 	C:\Windows\system32\WINMM.dll
0x000007fefbe90000 - 0x000007fefbe9c000 	C:\Windows\system32\VERSION.dll
0x00000000771f0000 - 0x00000000771f7000 	C:\Windows\system32\PSAPI.DLL
0x0000000071b30000 - 0x0000000071b3f000 	C:\Program Files\Java\jdk1.8.0_131\jre\bin\verify.dll
0x0000000070b50000 - 0x0000000070b79000 	C:\Program Files\Java\jdk1.8.0_131\jre\bin\java.dll
0x00000000704e0000 - 0x0000000070515000 	C:\Program Files\Java\jdk1.8.0_131\jre\bin\jdwp.dll
0x0000000071040000 - 0x0000000071048000 	C:\Program Files\Java\jdk1.8.0_131\jre\bin\npt.dll
0x0000000070db0000 - 0x0000000070dc6000 	C:\Program Files\Java\jdk1.8.0_131\jre\bin\zip.dll
0x000007fefd980000 - 0x000007fefe70c000 	C:\Windows\system32\SHELL32.dll
0x000007fefe9e0000 - 0x000007fefebe3000 	C:\Windows\system32\ole32.dll
0x000007fefcdc0000 - 0x000007fefcdcf000 	C:\Windows\system32\profapi.dll
0x0000000070930000 - 0x0000000070939000 	C:\Program Files\Java\jdk1.8.0_131\jre\bin\dt_socket.dll
0x000007fefac80000 - 0x000007fefac95000 	C:\Windows\system32\NLAapi.dll
0x000007fef9a40000 - 0x000007fef9a55000 	C:\Windows\system32\napinsp.dll
0x000007fef9a20000 - 0x000007fef9a39000 	C:\Windows\system32\pnrpnsp.dll
0x000007fefc480000 - 0x000007fefc4d5000 	C:\Windows\System32\mswsock.dll
0x000007fefc370000 - 0x000007fefc3cb000 	C:\Windows\system32\DNSAPI.dll
0x000007fef99c0000 - 0x000007fef99cb000 	C:\Windows\System32\winrnr.dll
0x00000000748b0000 - 0x00000000748de000 	C:\Program Files\Common Files\Microsoft Shared\Windows Live\WLIDNSP.DLL
0x000007fefa8e0000 - 0x000007fefa907000 	C:\Windows\system32\IPHLPAPI.DLL
0x000007fefa820000 - 0x000007fefa82b000 	C:\Windows\system32\WINNSI.DLL
0x000007fefa750000 - 0x000007fefa7a3000 	C:\Windows\System32\fwpuclnt.dll
0x000007fef9a60000 - 0x000007fef9a68000 	C:\Windows\system32\rasadhlp.dll
0x000007fefbf60000 - 0x000007fefbf67000 	C:\Windows\System32\wshtcpip.dll
0x00000000710e0000 - 0x00000000710ed000 	C:\Program Files\Java\jdk1.8.0_131\jre\bin\management.dll
0x0000000070cc0000 - 0x0000000070cda000 	C:\Program Files\Java\jdk1.8.0_131\jre\bin\net.dll
0x000007fefc7b0000 - 0x000007fefc7b7000 	C:\Windows\System32\wship6.dll
0x0000000070990000 - 0x00000000709a1000 	C:\Program Files\Java\jdk1.8.0_131\jre\bin\nio.dll

VM Arguments:
jvm_args: -agentlib:jdwp=transport=dt_socket,suspend=y,address=localhost:50032 -Dfile.encoding=UTF-8 
java_command: myactivities.myactivities.MyactivitiesApplication
java_class_path (initial): C:\Program Files\Java\jdk1.8.0_131\jre\lib\resources.jar;C:\Program Files\Java\jdk1.8.0_131\jre\lib\rt.jar;C:\Program Files\Java\jdk1.8.0_131\jre\lib\jsse.jar;C:\Program Files\Java\jdk1.8.0_131\jre\lib\jce.jar;C:\Program Files\Java\jdk1.8.0_131\jre\lib\charsets.jar;C:\Program Files\Java\jdk1.8.0_131\jre\lib\jfr.jar;C:\Program Files\Java\jdk1.8.0_131\jre\lib\ext\access-bridge-64.jar;C:\Program Files\Java\jdk1.8.0_131\jre\lib\ext\cldrdata.jar;C:\Program Files\Java\jdk1.8.0_131\jre\lib\ext\dnsns.jar;C:\Program Files\Java\jdk1.8.0_131\jre\lib\ext\jaccess.jar;C:\Program Files\Java\jdk1.8.0_131\jre\lib\ext\jfxrt.jar;C:\Program Files\Java\jdk1.8.0_131\jre\lib\ext\localedata.jar;C:\Program Files\Java\jdk1.8.0_131\jre\lib\ext\nashorn.jar;C:\Program Files\Java\jdk1.8.0_131\jre\lib\ext\sunec.jar;C:\Program Files\Java\jdk1.8.0_131\jre\lib\ext\sunjce_provider.jar;C:\Program Files\Java\jdk1.8.0_131\jre\lib\ext\sunmscapi.jar;C:\Program Files\Java\jdk1.8.0_131\jre\lib\ext\sunpkcs11.jar;C:\Program Files\Java\jdk1.8.0_131\jre\lib\ext\zipfs.jar;F:\ProgrammationBD\TD\dutinfo1-myactivities-Favettou\target\classes;C:\Users\ambre.favetto\.m2\repository\org\springframework\boot\spring-boot-starter-jdbc\2.1.2.RELEASE\spring-boot-starter-jdbc-2.1.2.RELEASE.jar;C:\Users\ambre.favetto\.m2\repository\org\springframework\boot\spring-boot-starter\2.1.2.RELEASE\spring-boot-starter-2.1.2.RELEASE.jar;C:\Users\ambre.favetto\.m2\repository\org\springframework\boot\spring-boot\2.1.2.RELEASE\spring-boot-2.1.2.RELEASE.jar;C:\Users\ambre.favetto\.m2\repository\org\springframework\boot\spring-boot-autoconfigure\2.1.2.RELEASE\spring-boot-autoconfigure-2.1.2.RELEASE.jar;C:\Users\ambre.favetto\.m2\repository\org\springframework\boot\spring-boot-starter-logging\2.1.2.RELEASE\spring-boot-starter-logging-2.1.2.RELEASE.jar;C:\Users\ambre.favetto\.m2\repository\ch\qos\logback\logback-classic\1.2.3\logback-classic-1.2.3.jar;C:\Users\ambre.favetto\.m2\repository\ch\qos\logback\logback-co
Launcher Type: SUN_STANDARD

Environment Variables:
PATH=C:\Program Files\Java\jdk1.8.0_131\jre\bin;C:\Windows\system32;C:\Windows;C:\Windows\System32\Wbem;C:\Program Files (x86)\Java\jdk1.8.0_131\bin;C:\ProgramData\Oracle\Java\javapath;C:\oracle\product\10.2.0\client_1\bin;C:\Windows\System32\WindowsPowerShell\v1.0\;c:\Program Files (x86)\Microsoft SQL Server\100\Tools\Binn\;c:\Program Files\Microsoft SQL Server\100\Tools\Binn\;c:\Program Files\Microsoft SQL Server\100\DTS\Binn\;C:\Program Files\Microsoft\Web Platform Installer\;C:\Program Files (x86)\Microsoft ASP.NET\ASP.NET Web Pages\v1.0\;C:\Program Files\Microsoft SQL Server\110\Tools\Binn\;C:\Program Files (x86)\Windows Kits\8.0\Windows Performance Toolkit\;C:\Program Files\Git\cmd
USERNAME=ambre.favetto
OS=Windows_NT
PROCESSOR_IDENTIFIER=Intel64 Family 6 Model 23 Stepping 10, GenuineIntel



---------------  S Y S T E M  ---------------

OS: Windows 7 , 64 bit Build 7601 (6.1.7601.23418)

CPU:total 2 (initial active 2) (2 cores per cpu, 1 threads per core) family 6 model 23 stepping 10, cmov, cx8, fxsr, mmx, sse, sse2, sse3, ssse3, tsc

Memory: 4k page, physical 8256764k(3015856k free), swap 12362800k(4996k free)

vm_info: Java HotSpot(TM) 64-Bit Server VM (25.131-b11) for windows-amd64 JRE (1.8.0_131-b11), built on Mar 15 2017 01:23:53 by "java_re" with MS VC++ 10.0 (VS2010)

time: Wed Apr 17 13:45:33 2019
elapsed time: 160 seconds (0d 0h 2m 40s)

