#
# There is insufficient memory for the Java Runtime Environment to continue.
# Native memory allocation (malloc) failed to allocate 32744 bytes for ChunkPool::allocate
# Possible reasons:
#   The system is out of physical RAM or swap space
#   In 32 bit mode, the process size limit was hit
# Possible solutions:
#   Reduce memory load on the system
#   Increase physical memory or swap space
#   Check if swap backing store is full
#   Use 64 bit Java on a 64 bit OS
#   Decrease Java heap size (-Xmx/-Xms)
#   Decrease number of Java threads
#   Decrease Java thread stack sizes (-Xss)
#   Set larger code cache with -XX:ReservedCodeCacheSize=
# This output file may be truncated or incomplete.
#
#  Out of Memory Error (allocation.cpp:273), pid=6212, tid=0x0000000000001d48
#
# JRE version: Java(TM) SE Runtime Environment (8.0_131-b11) (build 1.8.0_131-b11)
# Java VM: Java HotSpot(TM) 64-Bit Server VM (25.131-b11 mixed mode windows-amd64 compressed oops)
# Failed to write core dump. Minidumps are not enabled by default on client versions of Windows
#

---------------  T H R E A D  ---------------

Current thread (0x0000000057489000):  JavaThread "C2 CompilerThread0" daemon [_thread_in_native, id=7496, stack(0x0000000058d00000,0x0000000058e00000)]

Stack: [0x0000000058d00000,0x0000000058e00000]
[error occurred during error reporting (printing stack bounds), id 0xc0000005]

Native frames: (J=compiled Java code, j=interpreted, Vv=VM code, C=native code)


Current CompileTask:
C2: 147777 1298   !   4       java.util.zip.ZipFile$ZipFileInputStream::close (110 bytes)


---------------  P R O C E S S  ---------------

Java Threads: ( => current thread )
  0x00000000596ce000 JavaThread "background-preinit" [_thread_in_native, id=8984, stack(0x000000005a310000,0x000000005a410000)]
  0x0000000058e27800 JavaThread "Service Thread" daemon [_thread_blocked, id=7520, stack(0x00000000593a0000,0x00000000594a0000)]
  0x0000000058e23800 JavaThread "C1 CompilerThread1" daemon [_thread_in_native, id=7508, stack(0x0000000058b40000,0x0000000058c40000)]
=>0x0000000057489000 JavaThread "C2 CompilerThread0" daemon [_thread_in_native, id=7496, stack(0x0000000058d00000,0x0000000058e00000)]
  0x000000005747a800 JavaThread "JDWP Command Reader" daemon [_thread_in_native, id=5304, stack(0x0000000058930000,0x0000000058a30000)]
  0x0000000057475000 JavaThread "JDWP Event Helper Thread" daemon [_thread_blocked, id=7100, stack(0x0000000058a30000,0x0000000058b30000)]
  0x000000005746a000 JavaThread "JDWP Transport Listener: dt_socket" daemon [_thread_blocked, id=5948, stack(0x0000000058800000,0x0000000058900000)]
  0x0000000057461000 JavaThread "Attach Listener" daemon [_thread_blocked, id=4408, stack(0x00000000582a0000,0x00000000583a0000)]
  0x000000005745f800 JavaThread "Signal Dispatcher" daemon [_thread_blocked, id=4084, stack(0x0000000057f00000,0x0000000058000000)]
  0x0000000057442000 JavaThread "Finalizer" daemon [_thread_blocked, id=3160, stack(0x0000000057c50000,0x0000000057d50000)]
  0x00000000573f9000 JavaThread "Reference Handler" daemon [_thread_blocked, id=6740, stack(0x0000000058000000,0x0000000058100000)]
  0x00000000022d3000 JavaThread "main" [_thread_in_native, id=4948, stack(0x0000000002750000,0x0000000002850000)]

Other Threads:
  0x00000000573f1000 VMThread [stack: 0x0000000057d60000,0x0000000057e60000] [id=1232]
  0x0000000058e46800 WatcherThread [stack: 0x00000000595c0000,0x00000000596c0000] [id=7528]

VM state:not at safepoint (normal execution)

VM Mutex/Monitor currently owned by a thread: None

Heap:
 PSYoungGen      total 37888K, used 34958K [0x00000000d6000000, 0x00000000d8a00000, 0x0000000100000000)
  eden space 32768K, 91% used [0x00000000d6000000,0x00000000d7d28248,0x00000000d8000000)
  from space 5120K, 99% used [0x00000000d8500000,0x00000000d89fb828,0x00000000d8a00000)
  to   space 5120K, 0% used [0x00000000d8000000,0x00000000d8000000,0x00000000d8500000)
 ParOldGen       total 86016K, used 512K [0x0000000082000000, 0x0000000087400000, 0x00000000d6000000)
  object space 86016K, 0% used [0x0000000082000000,0x00000000820800a0,0x0000000087400000)
 Metaspace       used 18154K, capacity 18662K, committed 18944K, reserved 1064960K
  class space    used 2314K, capacity 2451K, committed 2560K, reserved 1048576K

Card table byte_map: [0x0000000011ee0000,0x00000000122e0000] byte_map_base: 0x0000000011ad0000

Marking Bits: (ParMarkBitMap*) 0x0000000064bbc720
 Begin Bits: [0x00000000127d0000, 0x0000000014750000)
 End Bits:   [0x0000000014750000, 0x00000000166d0000)

Polling page: 0x0000000000120000

CodeCache: size=245760Kb used=4140Kb max_used=4144Kb free=241619Kb
 bounds [0x0000000002b20000, 0x0000000002f30000, 0x0000000011b20000]
 total_blobs=1580 nmethods=1250 adapters=253
 compilation: enabled

Compilation events (10 events):
Event: 98.698 Thread 0x0000000058e23800 nmethod 1293 0x0000000002f2c250 code [0x0000000002f2c3e0, 0x0000000002f2c6b8]
Event: 98.699 Thread 0x0000000058e23800 1294       3       java.lang.Class$MethodArray::<init> (38 bytes)
Event: 98.699 Thread 0x0000000058e23800 nmethod 1294 0x0000000002f2bc10 code [0x0000000002f2bda0, 0x0000000002f2c108]
Event: 99.323 Thread 0x0000000058e23800 1295       1       java.util.HashMap::afterNodeAccess (1 bytes)
Event: 99.323 Thread 0x0000000058e23800 nmethod 1295 0x0000000002f2b950 code [0x0000000002f2baa0, 0x0000000002f2bbb0]
Event: 102.631 Thread 0x0000000058e23800 1296       1       java.lang.reflect.Method::getRoot (5 bytes)
Event: 102.632 Thread 0x0000000058e23800 nmethod 1296 0x0000000002f2b690 code [0x0000000002f2b7e0, 0x0000000002f2b8f0]
Event: 102.679 Thread 0x0000000058e23800 1297       1       java.nio.HeapByteBuffer::ix (7 bytes)
Event: 102.679 Thread 0x0000000058e23800 nmethod 1297 0x0000000002f2b3d0 code [0x0000000002f2b520, 0x0000000002f2b630]
Event: 124.959 Thread 0x0000000057489000 1298   !   4       java.util.zip.ZipFile$ZipFileInputStream::close (110 bytes)

GC Heap History (4 events):
Event: 37.645 GC heap before
{Heap before GC invocations=1 (full 0):
 PSYoungGen      total 37888K, used 32768K [0x00000000d6000000, 0x00000000d8a00000, 0x0000000100000000)
  eden space 32768K, 100% used [0x00000000d6000000,0x00000000d8000000,0x00000000d8000000)
  from space 5120K, 0% used [0x00000000d8500000,0x00000000d8500000,0x00000000d8a00000)
  to   space 5120K, 0% used [0x00000000d8000000,0x00000000d8000000,0x00000000d8500000)
 ParOldGen       total 86016K, used 0K [0x0000000082000000, 0x0000000087400000, 0x00000000d6000000)
  object space 86016K, 0% used [0x0000000082000000,0x0000000082000000,0x0000000087400000)
 Metaspace       used 10566K, capacity 10928K, committed 11136K, reserved 1058816K
  class space    used 1246K, capacity 1342K, committed 1408K, reserved 1048576K
Event: 37.872 GC heap after
Heap after GC invocations=1 (full 0):
 PSYoungGen      total 37888K, used 5106K [0x00000000d6000000, 0x00000000d8a00000, 0x0000000100000000)
  eden space 32768K, 0% used [0x00000000d6000000,0x00000000d6000000,0x00000000d8000000)
  from space 5120K, 99% used [0x00000000d8000000,0x00000000d84fc808,0x00000000d8500000)
  to   space 5120K, 0% used [0x00000000d8500000,0x00000000d8500000,0x00000000d8a00000)
 ParOldGen       total 86016K, used 50K [0x0000000082000000, 0x0000000087400000, 0x00000000d6000000)
  object space 86016K, 0% used [0x0000000082000000,0x000000008200cbd8,0x0000000087400000)
 Metaspace       used 10566K, capacity 10928K, committed 11136K, reserved 1058816K
  class space    used 1246K, capacity 1342K, committed 1408K, reserved 1048576K
}
Event: 67.416 GC heap before
{Heap before GC invocations=2 (full 0):
 PSYoungGen      total 37888K, used 37874K [0x00000000d6000000, 0x00000000d8a00000, 0x0000000100000000)
  eden space 32768K, 100% used [0x00000000d6000000,0x00000000d8000000,0x00000000d8000000)
  from space 5120K, 99% used [0x00000000d8000000,0x00000000d84fc808,0x00000000d8500000)
  to   space 5120K, 0% used [0x00000000d8500000,0x00000000d8500000,0x00000000d8a00000)
 ParOldGen       total 86016K, used 50K [0x0000000082000000, 0x0000000087400000, 0x00000000d6000000)
  object space 86016K, 0% used [0x0000000082000000,0x000000008200cbd8,0x0000000087400000)
 Metaspace       used 13807K, capacity 14188K, committed 14336K, reserved 1060864K
  class space    used 1792K, capacity 1924K, committed 2048K, reserved 1048576K
Event: 67.569 GC heap after
Heap after GC invocations=2 (full 0):
 PSYoungGen      total 37888K, used 5102K [0x00000000d6000000, 0x00000000d8a00000, 0x0000000100000000)
  eden space 32768K, 0% used [0x00000000d6000000,0x00000000d6000000,0x00000000d8000000)
  from space 5120K, 99% used [0x00000000d8500000,0x00000000d89fb828,0x00000000d8a00000)
  to   space 5120K, 0% used [0x00000000d8000000,0x00000000d8000000,0x00000000d8500000)
 ParOldGen       total 86016K, used 512K [0x0000000082000000, 0x0000000087400000, 0x00000000d6000000)
  object space 86016K, 0% used [0x0000000082000000,0x00000000820800a0,0x0000000087400000)
 Metaspace       used 13807K, capacity 14188K, committed 14336K, reserved 1060864K
  class space    used 1792K, capacity 1924K, committed 2048K, reserved 1048576K
}

Deoptimization events (10 events):
Event: 76.001 Thread 0x00000000022d3000 Uncommon trap: reason=range_check action=none pc=0x0000000002db33cc method=sun.reflect.generics.parser.SignatureParser.current()C @ 34
Event: 76.022 Thread 0x00000000596ce000 Uncommon trap: reason=unstable_if action=reinterpret pc=0x0000000002ea0e8c method=java.util.HashMap.putVal(ILjava/lang/Object;Ljava/lang/Object;ZZ)Ljava/lang/Object; @ 193
Event: 76.022 Thread 0x00000000596ce000 Uncommon trap: reason=range_check action=none pc=0x0000000002db33cc method=sun.reflect.generics.parser.SignatureParser.current()C @ 34
Event: 76.023 Thread 0x00000000596ce000 Uncommon trap: reason=range_check action=none pc=0x0000000002db33cc method=sun.reflect.generics.parser.SignatureParser.current()C @ 34
Event: 76.024 Thread 0x00000000596ce000 Uncommon trap: reason=range_check action=none pc=0x0000000002db33cc method=sun.reflect.generics.parser.SignatureParser.current()C @ 34
Event: 76.070 Thread 0x00000000022d3000 Uncommon trap: reason=range_check action=none pc=0x0000000002db33cc method=sun.reflect.generics.parser.SignatureParser.current()C @ 34
Event: 76.307 Thread 0x00000000022d3000 Uncommon trap: reason=range_check action=none pc=0x0000000002db33cc method=sun.reflect.generics.parser.SignatureParser.current()C @ 34
Event: 76.307 Thread 0x00000000022d3000 Uncommon trap: reason=range_check action=none pc=0x0000000002db33cc method=sun.reflect.generics.parser.SignatureParser.current()C @ 34
Event: 81.935 Thread 0x00000000596ce000 Uncommon trap: reason=unstable_if action=reinterpret pc=0x0000000002ef5460 method=java.util.jar.Manifest$FastInputStream.readLine([BII)I @ 87
Event: 97.569 Thread 0x00000000022d3000 Uncommon trap: reason=range_check action=none pc=0x0000000002db33cc method=sun.reflect.generics.parser.SignatureParser.current()C @ 34

Internal exceptions (10 events):
Event: 98.063 Thread 0x00000000022d3000 Exception <a 'java/lang/ClassNotFoundException': org/springframework/beans/factory/support/BeanDefinitionRegistryPostProcessorCustomizer> (0x00000000d78ea908) thrown at [C:\re\workspace\8-2-build-windows-amd64-cygwin\jdk8u131\8869\hotspot\src\share\vm\cla
Event: 98.094 Thread 0x00000000022d3000 Exception <a 'java/lang/ClassNotFoundException': org/springframework/beans/factory/config/BeanFactoryPostProcessorCustomizer> (0x00000000d7900108) thrown at [C:\re\workspace\8-2-build-windows-amd64-cygwin\jdk8u131\8869\hotspot\src\share\vm\classfile\syste
Event: 98.267 Thread 0x00000000022d3000 Exception <a 'java/lang/ClassNotFoundException': org/springframework/core/PriorityOrderedCustomizer> (0x00000000d7910120) thrown at [C:\re\workspace\8-2-build-windows-amd64-cygwin\jdk8u131\8869\hotspot\src\share\vm\classfile\systemDictionary.cpp, line 210
Event: 98.349 Thread 0x00000000022d3000 Exception <a 'java/lang/ClassNotFoundException': org/springframework/core/OrderedCustomizer> (0x00000000d791d9f8) thrown at [C:\re\workspace\8-2-build-windows-amd64-cygwin\jdk8u131\8869\hotspot\src\share\vm\classfile\systemDictionary.cpp, line 210]
Event: 98.352 Thread 0x00000000022d3000 Exception <a 'java/lang/ClassNotFoundException': org/springframework/context/ResourceLoaderAwareCustomizer> (0x00000000d792f0d8) thrown at [C:\re\workspace\8-2-build-windows-amd64-cygwin\jdk8u131\8869\hotspot\src\share\vm\classfile\systemDictionary.cpp, l
Event: 98.488 Thread 0x00000000022d3000 Exception <a 'java/lang/ClassNotFoundException': org/springframework/beans/factory/AwareCustomizer> (0x00000000d793f318) thrown at [C:\re\workspace\8-2-build-windows-amd64-cygwin\jdk8u131\8869\hotspot\src\share\vm\classfile\systemDictionary.cpp, line 210]
Event: 98.687 Thread 0x00000000022d3000 Exception <a 'java/lang/ClassNotFoundException': org/springframework/beans/factory/BeanClassLoaderAwareCustomizer> (0x00000000d7951518) thrown at [C:\re\workspace\8-2-build-windows-amd64-cygwin\jdk8u131\8869\hotspot\src\share\vm\classfile\systemDictionary
Event: 98.689 Thread 0x00000000022d3000 Exception <a 'java/lang/ClassNotFoundException': org/springframework/beans/factory/AwareCustomizer> (0x00000000d7961770) thrown at [C:\re\workspace\8-2-build-windows-amd64-cygwin\jdk8u131\8869\hotspot\src\share\vm\classfile\systemDictionary.cpp, line 210]
Event: 98.691 Thread 0x00000000022d3000 Exception <a 'java/lang/ClassNotFoundException': org/springframework/context/EnvironmentAwareCustomizer> (0x00000000d7a43bf8) thrown at [C:\re\workspace\8-2-build-windows-amd64-cygwin\jdk8u131\8869\hotspot\src\share\vm\classfile\systemDictionary.cpp, line
Event: 98.693 Thread 0x00000000022d3000 Exception <a 'java/lang/ClassNotFoundException': org/springframework/beans/factory/AwareCustomizer> (0x00000000d7a53d30) thrown at [C:\re\workspace\8-2-build-windows-amd64-cygwin\jdk8u131\8869\hotspot\src\share\vm\classfile\systemDictionary.cpp, line 210]

Events (10 events):
Event: 102.686 Thread 0x00000000022d3000 DEOPT PACKING pc=0x0000000002c9bdb4 sp=0x000000000284d770
Event: 102.686 Thread 0x00000000022d3000 DEOPT UNPACKING pc=0x0000000002b671bf sp=0x000000000284d590 mode 1
Event: 124.960 loading class com/fasterxml/jackson/databind/deser/ResolvableDeserializer
Event: 124.960 loading class com/fasterxml/jackson/databind/deser/ResolvableDeserializer done
Event: 124.960 Thread 0x00000000596ce000 DEOPT PACKING pc=0x0000000002cde671 sp=0x000000005a40a6d0
Event: 124.960 Thread 0x00000000596ce000 DEOPT UNPACKING pc=0x0000000002b671bf sp=0x000000005a40a420 mode 1
Event: 124.961 Thread 0x00000000596ce000 DEOPT PACKING pc=0x0000000002c9c01c sp=0x000000005a40a750
Event: 124.961 Thread 0x00000000596ce000 DEOPT UNPACKING pc=0x0000000002b671bf sp=0x000000005a40a570 mode 1
Event: 124.961 Thread 0x00000000596ce000 DEOPT PACKING pc=0x0000000002c9bdb4 sp=0x000000005a40a8e0
Event: 124.961 Thread 0x00000000596ce000 DEOPT UNPACKING pc=0x0000000002b671bf sp=0x000000005a40a700 mode 1


Dynamic libraries:
0x000000013f810000 - 0x000000013f847000 	C:\Program Files\Java\jdk1.8.0_131\bin\javaw.exe
0x0000000077030000 - 0x00000000771da000 	C:\Windows\SYSTEM32\ntdll.dll
0x0000000076e10000 - 0x0000000076f2f000 	C:\Windows\system32\kernel32.dll
0x000007fefce50000 - 0x000007fefceba000 	C:\Windows\system32\KERNELBASE.dll
0x000007fefefa0000 - 0x000007feff07b000 	C:\Windows\system32\ADVAPI32.dll
0x000007fefed70000 - 0x000007fefee0f000 	C:\Windows\system32\msvcrt.dll
0x000007fefe9c0000 - 0x000007fefe9df000 	C:\Windows\SYSTEM32\sechost.dll
0x000007fefec40000 - 0x000007fefed6d000 	C:\Windows\system32\RPCRT4.dll
0x0000000076f30000 - 0x000000007702a000 	C:\Windows\system32\USER32.dll
0x000007fefe920000 - 0x000007fefe987000 	C:\Windows\system32\GDI32.dll
0x000007fefe910000 - 0x000007fefe91e000 	C:\Windows\system32\LPK.dll
0x000007fefd620000 - 0x000007fefd6ea000 	C:\Windows\system32\USP10.dll
0x000007fefb800000 - 0x000007fefb9f4000 	C:\Windows\WinSxS\amd64_microsoft.windows.common-controls_6595b64144ccf1df_6.0.7601.18837_none_fa3b1e3d17594757\COMCTL32.dll
0x000007fefee10000 - 0x000007fefee81000 	C:\Windows\system32\SHLWAPI.dll
0x000007fefe990000 - 0x000007fefe9be000 	C:\Windows\system32\IMM32.DLL
0x000007fefee90000 - 0x000007fefef99000 	C:\Windows\system32\MSCTF.dll
0x00000000709b0000 - 0x0000000070a82000 	C:\Program Files\Java\jdk1.8.0_131\jre\bin\msvcr100.dll
0x00000000643a0000 - 0x0000000064c3c000 	C:\Program Files\Java\jdk1.8.0_131\jre\bin\server\jvm.dll
0x000007fef95f0000 - 0x000007fef95f9000 	C:\Windows\system32\WSOCK32.dll
0x000007fefebf0000 - 0x000007fefec3d000 	C:\Windows\system32\WS2_32.dll
0x000007fefe900000 - 0x000007fefe908000 	C:\Windows\system32\NSI.dll
0x000007fefad00000 - 0x000007fefad3b000 	C:\Windows\system32\WINMM.dll
0x000007fefbe90000 - 0x000007fefbe9c000 	C:\Windows\system32\VERSION.dll
0x00000000771f0000 - 0x00000000771f7000 	C:\Windows\system32\PSAPI.DLL
0x0000000071b30000 - 0x0000000071b3f000 	C:\Program Files\Java\jdk1.8.0_131\jre\bin\verify.dll
0x0000000070b50000 - 0x0000000070b79000 	C:\Program Files\Java\jdk1.8.0_131\jre\bin\java.dll
0x00000000704e0000 - 0x0000000070515000 	C:\Program Files\Java\jdk1.8.0_131\jre\bin\jdwp.dll
0x0000000071040000 - 0x0000000071048000 	C:\Program Files\Java\jdk1.8.0_131\jre\bin\npt.dll
0x0000000070db0000 - 0x0000000070dc6000 	C:\Program Files\Java\jdk1.8.0_131\jre\bin\zip.dll
0x000007fefd980000 - 0x000007fefe70c000 	C:\Windows\system32\SHELL32.dll
0x000007fefe9e0000 - 0x000007fefebe3000 	C:\Windows\system32\ole32.dll
0x000007fefcdc0000 - 0x000007fefcdcf000 	C:\Windows\system32\profapi.dll
0x0000000070930000 - 0x0000000070939000 	C:\Program Files\Java\jdk1.8.0_131\jre\bin\dt_socket.dll
0x000007fefac80000 - 0x000007fefac95000 	C:\Windows\system32\NLAapi.dll
0x000007fef9a40000 - 0x000007fef9a55000 	C:\Windows\system32\napinsp.dll
0x000007fef9a20000 - 0x000007fef9a39000 	C:\Windows\system32\pnrpnsp.dll
0x000007fefc480000 - 0x000007fefc4d5000 	C:\Windows\System32\mswsock.dll
0x000007fefc370000 - 0x000007fefc3cb000 	C:\Windows\system32\DNSAPI.dll
0x000007fef99c0000 - 0x000007fef99cb000 	C:\Windows\System32\winrnr.dll
0x00000000748b0000 - 0x00000000748de000 	C:\Program Files\Common Files\Microsoft Shared\Windows Live\WLIDNSP.DLL
0x000007fefa8e0000 - 0x000007fefa907000 	C:\Windows\system32\IPHLPAPI.DLL
0x000007fefa820000 - 0x000007fefa82b000 	C:\Windows\system32\WINNSI.DLL
0x000007fefa750000 - 0x000007fefa7a3000 	C:\Windows\System32\fwpuclnt.dll
0x000007fef9a60000 - 0x000007fef9a68000 	C:\Windows\system32\rasadhlp.dll
0x000007fefbf60000 - 0x000007fefbf67000 	C:\Windows\System32\wshtcpip.dll
0x00000000710e0000 - 0x00000000710ed000 	C:\Program Files\Java\jdk1.8.0_131\jre\bin\management.dll
0x0000000070cc0000 - 0x0000000070cda000 	C:\Program Files\Java\jdk1.8.0_131\jre\bin\net.dll
0x000007fefc7b0000 - 0x000007fefc7b7000 	C:\Windows\System32\wship6.dll

VM Arguments:
jvm_args: -agentlib:jdwp=transport=dt_socket,suspend=y,address=localhost:50013 -Dfile.encoding=UTF-8 
java_command: myactivities.myactivities.MyactivitiesApplication
java_class_path (initial): C:\Program Files\Java\jdk1.8.0_131\jre\lib\resources.jar;C:\Program Files\Java\jdk1.8.0_131\jre\lib\rt.jar;C:\Program Files\Java\jdk1.8.0_131\jre\lib\jsse.jar;C:\Program Files\Java\jdk1.8.0_131\jre\lib\jce.jar;C:\Program Files\Java\jdk1.8.0_131\jre\lib\charsets.jar;C:\Program Files\Java\jdk1.8.0_131\jre\lib\jfr.jar;C:\Program Files\Java\jdk1.8.0_131\jre\lib\ext\access-bridge-64.jar;C:\Program Files\Java\jdk1.8.0_131\jre\lib\ext\cldrdata.jar;C:\Program Files\Java\jdk1.8.0_131\jre\lib\ext\dnsns.jar;C:\Program Files\Java\jdk1.8.0_131\jre\lib\ext\jaccess.jar;C:\Program Files\Java\jdk1.8.0_131\jre\lib\ext\jfxrt.jar;C:\Program Files\Java\jdk1.8.0_131\jre\lib\ext\localedata.jar;C:\Program Files\Java\jdk1.8.0_131\jre\lib\ext\nashorn.jar;C:\Program Files\Java\jdk1.8.0_131\jre\lib\ext\sunec.jar;C:\Program Files\Java\jdk1.8.0_131\jre\lib\ext\sunjce_provider.jar;C:\Program Files\Java\jdk1.8.0_131\jre\lib\ext\sunmscapi.jar;C:\Program Files\Java\jdk1.8.0_131\jre\lib\ext\sunpkcs11.jar;C:\Program Files\Java\jdk1.8.0_131\jre\lib\ext\zipfs.jar;F:\ProgrammationBD\TD\dutinfo1-myactivities-Favettou\target\classes;C:\Users\ambre.favetto\.m2\repository\org\springframework\boot\spring-boot-starter-jdbc\2.1.2.RELEASE\spring-boot-starter-jdbc-2.1.2.RELEASE.jar;C:\Users\ambre.favetto\.m2\repository\org\springframework\boot\spring-boot-starter\2.1.2.RELEASE\spring-boot-starter-2.1.2.RELEASE.jar;C:\Users\ambre.favetto\.m2\repository\org\springframework\boot\spring-boot\2.1.2.RELEASE\spring-boot-2.1.2.RELEASE.jar;C:\Users\ambre.favetto\.m2\repository\org\springframework\boot\spring-boot-autoconfigure\2.1.2.RELEASE\spring-boot-autoconfigure-2.1.2.RELEASE.jar;C:\Users\ambre.favetto\.m2\repository\org\springframework\boot\spring-boot-starter-logging\2.1.2.RELEASE\spring-boot-starter-logging-2.1.2.RELEASE.jar;C:\Users\ambre.favetto\.m2\repository\ch\qos\logback\logback-classic\1.2.3\logback-classic-1.2.3.jar;C:\Users\ambre.favetto\.m2\repository\ch\qos\logback\logback-co
Launcher Type: SUN_STANDARD

Environment Variables:
PATH=C:\Program Files\Java\jdk1.8.0_131\jre\bin;C:\Windows\system32;C:\Windows;C:\Windows\System32\Wbem;C:\Program Files (x86)\Java\jdk1.8.0_131\bin;C:\ProgramData\Oracle\Java\javapath;C:\oracle\product\10.2.0\client_1\bin;C:\Windows\System32\WindowsPowerShell\v1.0\;c:\Program Files (x86)\Microsoft SQL Server\100\Tools\Binn\;c:\Program Files\Microsoft SQL Server\100\Tools\Binn\;c:\Program Files\Microsoft SQL Server\100\DTS\Binn\;C:\Program Files\Microsoft\Web Platform Installer\;C:\Program Files (x86)\Microsoft ASP.NET\ASP.NET Web Pages\v1.0\;C:\Program Files\Microsoft SQL Server\110\Tools\Binn\;C:\Program Files (x86)\Windows Kits\8.0\Windows Performance Toolkit\;C:\Program Files\Git\cmd
USERNAME=ambre.favetto
OS=Windows_NT
PROCESSOR_IDENTIFIER=Intel64 Family 6 Model 23 Stepping 10, GenuineIntel



---------------  S Y S T E M  ---------------

OS: Windows 7 , 64 bit Build 7601 (6.1.7601.23418)

CPU:total 2 (initial active 2) (2 cores per cpu, 1 threads per core) family 6 model 23 stepping 10, cmov, cx8, fxsr, mmx, sse, sse2, sse3, ssse3, tsc

Memory: 4k page, physical 8256764k(2849152k free), swap 12362800k(15156k free)

vm_info: Java HotSpot(TM) 64-Bit Server VM (25.131-b11) for windows-amd64 JRE (1.8.0_131-b11), built on Mar 15 2017 01:23:53 by "java_re" with MS VC++ 10.0 (VS2010)

time: Wed Apr 17 13:45:17 2019
elapsed time: 147 seconds (0d 0h 2m 27s)

