#
# There is insufficient memory for the Java Runtime Environment to continue.
# Native memory allocation (malloc) failed to allocate 180336 bytes for Chunk::new
# Possible reasons:
#   The system is out of physical RAM or swap space
#   In 32 bit mode, the process size limit was hit
# Possible solutions:
#   Reduce memory load on the system
#   Increase physical memory or swap space
#   Check if swap backing store is full
#   Use 64 bit Java on a 64 bit OS
#   Decrease Java heap size (-Xmx/-Xms)
#   Decrease number of Java threads
#   Decrease Java thread stack sizes (-Xss)
#   Set larger code cache with -XX:ReservedCodeCacheSize=
# This output file may be truncated or incomplete.
#
#  Out of Memory Error (allocation.cpp:390), pid=8240, tid=0x0000000000002290
#
# JRE version: Java(TM) SE Runtime Environment (8.0_131-b11) (build 1.8.0_131-b11)
# Java VM: Java HotSpot(TM) 64-Bit Server VM (25.131-b11 mixed mode windows-amd64 compressed oops)
# Failed to write core dump. Minidumps are not enabled by default on client versions of Windows
#

---------------  T H R E A D  ---------------

Current thread (0x00000000572b7000):  JavaThread "C2 CompilerThread0" daemon [_thread_in_native, id=8848, stack(0x0000000058ee0000,0x0000000058fe0000)]

Stack: [0x0000000058ee0000,0x0000000058fe0000]
[error occurred during error reporting (printing stack bounds), id 0xc0000005]

Native frames: (J=compiled Java code, j=interpreted, Vv=VM code, C=native code)


Current CompileTask:
C2:  44055  618 %     4       sun.net.www.ParseUtil::encodePath @ 29 (336 bytes)


---------------  P R O C E S S  ---------------

Java Threads: ( => current thread )
  0x000000005986a800 JavaThread "background-preinit" [_thread_in_native, id=8100, stack(0x00000000593e0000,0x00000000594e0000)]
  0x0000000059004000 JavaThread "Service Thread" daemon [_thread_blocked, id=8860, stack(0x0000000059710000,0x0000000059810000)]
  0x0000000059002000 JavaThread "C1 CompilerThread1" daemon [_thread_blocked, id=8856, stack(0x00000000594f0000,0x00000000595f0000)]
=>0x00000000572b7000 JavaThread "C2 CompilerThread0" daemon [_thread_in_native, id=8848, stack(0x0000000058ee0000,0x0000000058fe0000)]
  0x00000000572b2000 JavaThread "JDWP Command Reader" daemon [_thread_in_native, id=8568, stack(0x0000000058db0000,0x0000000058eb0000)]
  0x00000000572a3000 JavaThread "JDWP Event Helper Thread" daemon [_thread_blocked, id=8564, stack(0x0000000058770000,0x0000000058870000)]
  0x000000005729e800 JavaThread "JDWP Transport Listener: dt_socket" daemon [_thread_blocked, id=8560, stack(0x0000000058b50000,0x0000000058c50000)]
  0x000000005728f000 JavaThread "Attach Listener" daemon [_thread_blocked, id=8360, stack(0x0000000058370000,0x0000000058470000)]
  0x000000005728d800 JavaThread "Signal Dispatcher" daemon [_thread_blocked, id=8356, stack(0x0000000058180000,0x0000000058280000)]
  0x0000000057272000 JavaThread "Finalizer" daemon [_thread_blocked, id=8348, stack(0x0000000057f20000,0x0000000058020000)]
  0x0000000057229000 JavaThread "Reference Handler" daemon [_thread_blocked, id=8344, stack(0x0000000057bd0000,0x0000000057cd0000)]
  0x0000000002273000 JavaThread "main" [_thread_in_native, id=8268, stack(0x0000000002660000,0x0000000002760000)]

Other Threads:
  0x0000000057221000 VMThread [stack: 0x0000000057d20000,0x0000000057e20000] [id=8336]
  0x0000000059019800 WatcherThread [stack: 0x0000000058950000,0x0000000058a50000] [id=8864]

VM state:not at safepoint (normal execution)

VM Mutex/Monitor currently owned by a thread: None

Heap:
 PSYoungGen      total 37888K, used 21026K [0x00000000d6000000, 0x00000000d8a00000, 0x0000000100000000)
  eden space 32768K, 64% used [0x00000000d6000000,0x00000000d7488880,0x00000000d8000000)
  from space 5120K, 0% used [0x00000000d8500000,0x00000000d8500000,0x00000000d8a00000)
  to   space 5120K, 0% used [0x00000000d8000000,0x00000000d8000000,0x00000000d8500000)
 ParOldGen       total 86016K, used 0K [0x0000000082000000, 0x0000000087400000, 0x00000000d6000000)
  object space 86016K, 0% used [0x0000000082000000,0x0000000082000000,0x0000000087400000)
 Metaspace       used 7924K, capacity 8112K, committed 8192K, reserved 1056768K
  class space    used 934K, capacity 1004K, committed 1024K, reserved 1048576K

Card table byte_map: [0x0000000011df0000,0x00000000121f0000] byte_map_base: 0x00000000119e0000

Marking Bits: (ParMarkBitMap*) 0x0000000064bbc720
 Begin Bits: [0x0000000012600000, 0x0000000014580000)
 End Bits:   [0x0000000014580000, 0x0000000016500000)

Polling page: 0x0000000000220000

CodeCache: size=245760Kb used=2692Kb max_used=2704Kb free=243067Kb
 bounds [0x0000000002a30000, 0x0000000002ce0000, 0x0000000011a30000]
 total_blobs=904 nmethods=617 adapters=210
 compilation: enabled

Compilation events (10 events):
Event: 43.019 Thread 0x0000000059002000 nmethod 613 0x0000000002ccfe50 code [0x0000000002ccffa0, 0x0000000002cd00d0]
Event: 43.020 Thread 0x0000000059002000  614       1       sun.reflect.generics.visitor.Reifier::getFactory (5 bytes)
Event: 43.020 Thread 0x0000000059002000 nmethod 614 0x0000000002ccfb90 code [0x0000000002ccfce0, 0x0000000002ccfdf0]
Event: 43.121 Thread 0x0000000059002000  615   !   3       org.springframework.util.ConcurrentReferenceHashMap$Segment::clear (63 bytes)
Event: 43.121 Thread 0x0000000059002000 nmethod 615 0x0000000002cced90 code [0x0000000002ccef60, 0x0000000002ccf848]
Event: 43.542 Thread 0x00000000572b7000  616       4       java.lang.String::indexOf (166 bytes)
Event: 43.550 Thread 0x00000000572b7000 nmethod 616 0x0000000002cce410 code [0x0000000002cce560, 0x0000000002ccea78]
Event: 43.660 Thread 0x00000000572b7000  617       4       java.util.HashMap::getNode (148 bytes)
Event: 43.663 Thread 0x00000000572b7000 nmethod 617 0x0000000002cd4bd0 code [0x0000000002cd4d20, 0x0000000002cd5058]
Event: 44.003 Thread 0x00000000572b7000  618 %     4       sun.net.www.ParseUtil::encodePath @ 29 (336 bytes)

GC Heap History (0 events):
No events

Deoptimization events (10 events):
Event: 42.554 Thread 0x000000005986a800 Uncommon trap: reason=range_check action=none pc=0x0000000002cc8fcc method=sun.reflect.generics.parser.SignatureParser.current()C @ 34
Event: 42.557 Thread 0x000000005986a800 Uncommon trap: reason=range_check action=none pc=0x0000000002cc8fcc method=sun.reflect.generics.parser.SignatureParser.current()C @ 34
Event: 42.680 Thread 0x000000005986a800 Uncommon trap: reason=range_check action=none pc=0x0000000002cc8fcc method=sun.reflect.generics.parser.SignatureParser.current()C @ 34
Event: 42.712 Thread 0x000000005986a800 Uncommon trap: reason=range_check action=none pc=0x0000000002cc8fcc method=sun.reflect.generics.parser.SignatureParser.current()C @ 34
Event: 42.773 Thread 0x000000005986a800 Uncommon trap: reason=range_check action=none pc=0x0000000002cc8fcc method=sun.reflect.generics.parser.SignatureParser.current()C @ 34
Event: 42.872 Thread 0x000000005986a800 Uncommon trap: reason=range_check action=none pc=0x0000000002cc8fcc method=sun.reflect.generics.parser.SignatureParser.current()C @ 34
Event: 42.875 Thread 0x000000005986a800 Uncommon trap: reason=range_check action=none pc=0x0000000002cc8fcc method=sun.reflect.generics.parser.SignatureParser.current()C @ 34
Event: 42.888 Thread 0x000000005986a800 Uncommon trap: reason=range_check action=none pc=0x0000000002cc8fcc method=sun.reflect.generics.parser.SignatureParser.current()C @ 34
Event: 43.020 Thread 0x000000005986a800 Uncommon trap: reason=range_check action=none pc=0x0000000002cc8fcc method=sun.reflect.generics.parser.SignatureParser.current()C @ 34
Event: 43.076 Thread 0x000000005986a800 Uncommon trap: reason=range_check action=none pc=0x0000000002cc8fcc method=sun.reflect.generics.parser.SignatureParser.current()C @ 34

Internal exceptions (10 events):
Event: 42.554 Thread 0x000000005986a800 Exception <a 'java/lang/ArrayIndexOutOfBoundsException': 168> (0x00000000d71c40d0) thrown at [C:\re\workspace\8-2-build-windows-amd64-cygwin\jdk8u131\8869\hotspot\src\share\vm\interpreter\interpreterRuntime.cpp, line 366]
Event: 42.557 Thread 0x000000005986a800 Exception <a 'java/lang/ArrayIndexOutOfBoundsException': 92> (0x00000000d71c56c0) thrown at [C:\re\workspace\8-2-build-windows-amd64-cygwin\jdk8u131\8869\hotspot\src\share\vm\interpreter\interpreterRuntime.cpp, line 366]
Event: 42.680 Thread 0x000000005986a800 Exception <a 'java/lang/ArrayIndexOutOfBoundsException': 116> (0x00000000d71d2388) thrown at [C:\re\workspace\8-2-build-windows-amd64-cygwin\jdk8u131\8869\hotspot\src\share\vm\interpreter\interpreterRuntime.cpp, line 366]
Event: 42.712 Thread 0x000000005986a800 Exception <a 'java/lang/ArrayIndexOutOfBoundsException': 169> (0x00000000d71df370) thrown at [C:\re\workspace\8-2-build-windows-amd64-cygwin\jdk8u131\8869\hotspot\src\share\vm\interpreter\interpreterRuntime.cpp, line 366]
Event: 42.773 Thread 0x000000005986a800 Exception <a 'java/lang/ArrayIndexOutOfBoundsException': 110> (0x00000000d71eb170) thrown at [C:\re\workspace\8-2-build-windows-amd64-cygwin\jdk8u131\8869\hotspot\src\share\vm\interpreter\interpreterRuntime.cpp, line 366]
Event: 42.872 Thread 0x000000005986a800 Exception <a 'java/lang/ArrayIndexOutOfBoundsException': 118> (0x00000000d71f7098) thrown at [C:\re\workspace\8-2-build-windows-amd64-cygwin\jdk8u131\8869\hotspot\src\share\vm\interpreter\interpreterRuntime.cpp, line 366]
Event: 42.876 Thread 0x000000005986a800 Exception <a 'java/lang/ArrayIndexOutOfBoundsException': 112> (0x00000000d72a6cc8) thrown at [C:\re\workspace\8-2-build-windows-amd64-cygwin\jdk8u131\8869\hotspot\src\share\vm\interpreter\interpreterRuntime.cpp, line 366]
Event: 42.889 Thread 0x000000005986a800 Exception <a 'java/lang/ArrayIndexOutOfBoundsException': 114> (0x00000000d72b3cd0) thrown at [C:\re\workspace\8-2-build-windows-amd64-cygwin\jdk8u131\8869\hotspot\src\share\vm\interpreter\interpreterRuntime.cpp, line 366]
Event: 43.020 Thread 0x000000005986a800 Exception <a 'java/lang/ArrayIndexOutOfBoundsException': 114> (0x00000000d72c09f0) thrown at [C:\re\workspace\8-2-build-windows-amd64-cygwin\jdk8u131\8869\hotspot\src\share\vm\interpreter\interpreterRuntime.cpp, line 366]
Event: 43.076 Thread 0x000000005986a800 Exception <a 'java/lang/ArrayIndexOutOfBoundsException': 108> (0x00000000d72cc628) thrown at [C:\re\workspace\8-2-build-windows-amd64-cygwin\jdk8u131\8869\hotspot\src\share\vm\interpreter\interpreterRuntime.cpp, line 366]

Events (10 events):
Event: 43.954 Thread 0x0000000002273000 DEOPT PACKING pc=0x0000000002bb0db4 sp=0x000000000275d440
Event: 43.954 Thread 0x0000000002273000 DEOPT UNPACKING pc=0x0000000002a771bf sp=0x000000000275d260 mode 1
Event: 43.972 loading class org/springframework/core/convert/support/ObjectToArrayConverter
Event: 43.972 loading class org/springframework/core/convert/support/ObjectToArrayConverter done
Event: 43.972 Thread 0x000000005986a800 DEOPT PACKING pc=0x0000000002bf4031 sp=0x00000000594ddcf0
Event: 43.972 Thread 0x000000005986a800 DEOPT UNPACKING pc=0x0000000002a771bf sp=0x00000000594dda40 mode 1
Event: 43.972 Thread 0x000000005986a800 DEOPT PACKING pc=0x0000000002bb101c sp=0x00000000594ddd70
Event: 43.972 Thread 0x000000005986a800 DEOPT UNPACKING pc=0x0000000002a771bf sp=0x00000000594ddb90 mode 1
Event: 43.972 Thread 0x000000005986a800 DEOPT PACKING pc=0x0000000002bb0db4 sp=0x00000000594ddf00
Event: 43.972 Thread 0x000000005986a800 DEOPT UNPACKING pc=0x0000000002a771bf sp=0x00000000594ddd20 mode 1


Dynamic libraries:
0x000000013f810000 - 0x000000013f847000 	C:\Program Files\Java\jdk1.8.0_131\bin\javaw.exe
0x0000000077030000 - 0x00000000771da000 	C:\Windows\SYSTEM32\ntdll.dll
0x0000000076e10000 - 0x0000000076f2f000 	C:\Windows\system32\kernel32.dll
0x000007fefce50000 - 0x000007fefceba000 	C:\Windows\system32\KERNELBASE.dll
0x000007fefefa0000 - 0x000007feff07b000 	C:\Windows\system32\ADVAPI32.dll
0x000007fefed70000 - 0x000007fefee0f000 	C:\Windows\system32\msvcrt.dll
0x000007fefe9c0000 - 0x000007fefe9df000 	C:\Windows\SYSTEM32\sechost.dll
0x000007fefec40000 - 0x000007fefed6d000 	C:\Windows\system32\RPCRT4.dll
0x0000000076f30000 - 0x000000007702a000 	C:\Windows\system32\USER32.dll
0x000007fefe920000 - 0x000007fefe987000 	C:\Windows\system32\GDI32.dll
0x000007fefe910000 - 0x000007fefe91e000 	C:\Windows\system32\LPK.dll
0x000007fefd620000 - 0x000007fefd6ea000 	C:\Windows\system32\USP10.dll
0x000007fefb800000 - 0x000007fefb9f4000 	C:\Windows\WinSxS\amd64_microsoft.windows.common-controls_6595b64144ccf1df_6.0.7601.18837_none_fa3b1e3d17594757\COMCTL32.dll
0x000007fefee10000 - 0x000007fefee81000 	C:\Windows\system32\SHLWAPI.dll
0x000007fefe990000 - 0x000007fefe9be000 	C:\Windows\system32\IMM32.DLL
0x000007fefee90000 - 0x000007fefef99000 	C:\Windows\system32\MSCTF.dll
0x00000000709b0000 - 0x0000000070a82000 	C:\Program Files\Java\jdk1.8.0_131\jre\bin\msvcr100.dll
0x00000000643a0000 - 0x0000000064c3c000 	C:\Program Files\Java\jdk1.8.0_131\jre\bin\server\jvm.dll
0x000007fef95f0000 - 0x000007fef95f9000 	C:\Windows\system32\WSOCK32.dll
0x000007fefebf0000 - 0x000007fefec3d000 	C:\Windows\system32\WS2_32.dll
0x000007fefe900000 - 0x000007fefe908000 	C:\Windows\system32\NSI.dll
0x000007fefad00000 - 0x000007fefad3b000 	C:\Windows\system32\WINMM.dll
0x000007fefbe90000 - 0x000007fefbe9c000 	C:\Windows\system32\VERSION.dll
0x00000000771f0000 - 0x00000000771f7000 	C:\Windows\system32\PSAPI.DLL
0x0000000071b30000 - 0x0000000071b3f000 	C:\Program Files\Java\jdk1.8.0_131\jre\bin\verify.dll
0x0000000070b50000 - 0x0000000070b79000 	C:\Program Files\Java\jdk1.8.0_131\jre\bin\java.dll
0x00000000704e0000 - 0x0000000070515000 	C:\Program Files\Java\jdk1.8.0_131\jre\bin\jdwp.dll
0x0000000071040000 - 0x0000000071048000 	C:\Program Files\Java\jdk1.8.0_131\jre\bin\npt.dll
0x0000000070db0000 - 0x0000000070dc6000 	C:\Program Files\Java\jdk1.8.0_131\jre\bin\zip.dll
0x000007fefd980000 - 0x000007fefe70c000 	C:\Windows\system32\SHELL32.dll
0x000007fefe9e0000 - 0x000007fefebe3000 	C:\Windows\system32\ole32.dll
0x000007fefcdc0000 - 0x000007fefcdcf000 	C:\Windows\system32\profapi.dll
0x0000000070930000 - 0x0000000070939000 	C:\Program Files\Java\jdk1.8.0_131\jre\bin\dt_socket.dll
0x000007fefac80000 - 0x000007fefac95000 	C:\Windows\system32\NLAapi.dll
0x000007fef9a40000 - 0x000007fef9a55000 	C:\Windows\system32\napinsp.dll
0x000007fef9a20000 - 0x000007fef9a39000 	C:\Windows\system32\pnrpnsp.dll
0x000007fefc480000 - 0x000007fefc4d5000 	C:\Windows\System32\mswsock.dll
0x000007fefc370000 - 0x000007fefc3cb000 	C:\Windows\system32\DNSAPI.dll
0x000007fef99c0000 - 0x000007fef99cb000 	C:\Windows\System32\winrnr.dll
0x00000000748b0000 - 0x00000000748de000 	C:\Program Files\Common Files\Microsoft Shared\Windows Live\WLIDNSP.DLL
0x000007fefa8e0000 - 0x000007fefa907000 	C:\Windows\system32\IPHLPAPI.DLL
0x000007fefa820000 - 0x000007fefa82b000 	C:\Windows\system32\WINNSI.DLL
0x000007fefa750000 - 0x000007fefa7a3000 	C:\Windows\System32\fwpuclnt.dll
0x000007fef9a60000 - 0x000007fef9a68000 	C:\Windows\system32\rasadhlp.dll
0x000007fefbf60000 - 0x000007fefbf67000 	C:\Windows\System32\wshtcpip.dll

VM Arguments:
jvm_args: -agentlib:jdwp=transport=dt_socket,suspend=y,address=localhost:50045 -Dfile.encoding=UTF-8 
java_command: myactivities.myactivities.MyactivitiesApplication
java_class_path (initial): C:\Program Files\Java\jdk1.8.0_131\jre\lib\resources.jar;C:\Program Files\Java\jdk1.8.0_131\jre\lib\rt.jar;C:\Program Files\Java\jdk1.8.0_131\jre\lib\jsse.jar;C:\Program Files\Java\jdk1.8.0_131\jre\lib\jce.jar;C:\Program Files\Java\jdk1.8.0_131\jre\lib\charsets.jar;C:\Program Files\Java\jdk1.8.0_131\jre\lib\jfr.jar;C:\Program Files\Java\jdk1.8.0_131\jre\lib\ext\access-bridge-64.jar;C:\Program Files\Java\jdk1.8.0_131\jre\lib\ext\cldrdata.jar;C:\Program Files\Java\jdk1.8.0_131\jre\lib\ext\dnsns.jar;C:\Program Files\Java\jdk1.8.0_131\jre\lib\ext\jaccess.jar;C:\Program Files\Java\jdk1.8.0_131\jre\lib\ext\jfxrt.jar;C:\Program Files\Java\jdk1.8.0_131\jre\lib\ext\localedata.jar;C:\Program Files\Java\jdk1.8.0_131\jre\lib\ext\nashorn.jar;C:\Program Files\Java\jdk1.8.0_131\jre\lib\ext\sunec.jar;C:\Program Files\Java\jdk1.8.0_131\jre\lib\ext\sunjce_provider.jar;C:\Program Files\Java\jdk1.8.0_131\jre\lib\ext\sunmscapi.jar;C:\Program Files\Java\jdk1.8.0_131\jre\lib\ext\sunpkcs11.jar;C:\Program Files\Java\jdk1.8.0_131\jre\lib\ext\zipfs.jar;F:\ProgrammationBD\TD\dutinfo1-myactivities-Favettou\target\classes;C:\Users\ambre.favetto\.m2\repository\org\springframework\boot\spring-boot-starter-jdbc\2.1.2.RELEASE\spring-boot-starter-jdbc-2.1.2.RELEASE.jar;C:\Users\ambre.favetto\.m2\repository\org\springframework\boot\spring-boot-starter\2.1.2.RELEASE\spring-boot-starter-2.1.2.RELEASE.jar;C:\Users\ambre.favetto\.m2\repository\org\springframework\boot\spring-boot\2.1.2.RELEASE\spring-boot-2.1.2.RELEASE.jar;C:\Users\ambre.favetto\.m2\repository\org\springframework\boot\spring-boot-autoconfigure\2.1.2.RELEASE\spring-boot-autoconfigure-2.1.2.RELEASE.jar;C:\Users\ambre.favetto\.m2\repository\org\springframework\boot\spring-boot-starter-logging\2.1.2.RELEASE\spring-boot-starter-logging-2.1.2.RELEASE.jar;C:\Users\ambre.favetto\.m2\repository\ch\qos\logback\logback-classic\1.2.3\logback-classic-1.2.3.jar;C:\Users\ambre.favetto\.m2\repository\ch\qos\logback\logback-co
Launcher Type: SUN_STANDARD

Environment Variables:
PATH=C:\Program Files\Java\jdk1.8.0_131\jre\bin;C:\Windows\system32;C:\Windows;C:\Windows\System32\Wbem;C:\Program Files (x86)\Java\jdk1.8.0_131\bin;C:\ProgramData\Oracle\Java\javapath;C:\oracle\product\10.2.0\client_1\bin;C:\Windows\System32\WindowsPowerShell\v1.0\;c:\Program Files (x86)\Microsoft SQL Server\100\Tools\Binn\;c:\Program Files\Microsoft SQL Server\100\Tools\Binn\;c:\Program Files\Microsoft SQL Server\100\DTS\Binn\;C:\Program Files\Microsoft\Web Platform Installer\;C:\Program Files (x86)\Microsoft ASP.NET\ASP.NET Web Pages\v1.0\;C:\Program Files\Microsoft SQL Server\110\Tools\Binn\;C:\Program Files (x86)\Windows Kits\8.0\Windows Performance Toolkit\;C:\Program Files\Git\cmd
USERNAME=ambre.favetto
OS=Windows_NT
PROCESSOR_IDENTIFIER=Intel64 Family 6 Model 23 Stepping 10, GenuineIntel



---------------  S Y S T E M  ---------------

OS: Windows 7 , 64 bit Build 7601 (6.1.7601.23418)

CPU:total 2 (initial active 2) (2 cores per cpu, 1 threads per core) family 6 model 23 stepping 10, cmov, cx8, fxsr, mmx, sse, sse2, sse3, ssse3, tsc

Memory: 4k page, physical 8256764k(3113480k free), swap 12362800k(5324k free)

vm_info: Java HotSpot(TM) 64-Bit Server VM (25.131-b11) for windows-amd64 JRE (1.8.0_131-b11), built on Mar 15 2017 01:23:53 by "java_re" with MS VC++ 10.0 (VS2010)

time: Wed Apr 17 13:43:51 2019
elapsed time: 44 seconds (0d 0h 0m 44s)

